#
# There is insufficient memory for the Java Runtime Environment to continue.
# Native memory allocation (malloc) failed to allocate 877296 bytes for Chunk::new
# Possible reasons:
#   The system is out of physical RAM or swap space
#   The process is running with CompressedOops enabled, and the Java Heap may be blocking the growth of the native heap
# Possible solutions:
#   Reduce memory load on the system
#   Increase physical memory or swap space
#   Check if swap backing store is full
#   Decrease Java heap size (-Xmx/-Xms)
#   Decrease number of Java threads
#   Decrease Java thread stack sizes (-Xss)
#   Set larger code cache with -XX:ReservedCodeCacheSize=
#   JVM is running with Unscaled Compressed Oops mode in which the Java heap is
#     placed in the first 4GB address space. The Java Heap base address is the
#     maximum limit for the native heap growth. Please use -XX:HeapBaseMinAddress
#     to set the Java Heap base and to place the Java Heap above 4GB virtual address.
# This output file may be truncated or incomplete.
#
#  Out of Memory Error (arena.cpp:191), pid=14540, tid=15232
#
# JRE version: OpenJDK Runtime Environment (17.0.9) (build 17.0.9+0--11185874)
# Java VM: OpenJDK 64-Bit Server VM (17.0.9+0--11185874, mixed mode, tiered, compressed oops, compressed class ptrs, g1 gc, windows-amd64)
# No core dump will be written. Minidumps are not enabled by default on client versions of Windows
#

---------------  S U M M A R Y ------------

Command Line: --add-opens=java.base/java.util=ALL-UNNAMED --add-opens=java.base/java.lang=ALL-UNNAMED --add-opens=java.base/java.lang.invoke=ALL-UNNAMED --add-opens=java.prefs/java.util.prefs=ALL-UNNAMED --add-opens=java.base/java.nio.charset=ALL-UNNAMED --add-opens=java.base/java.net=ALL-UNNAMED --add-opens=java.base/java.util.concurrent.atomic=ALL-UNNAMED -Xmx2048m -Dfile.encoding=UTF-8 -Duser.country=PA -Duser.language=es -Duser.variant -javaagent:C:\Users\roder\.gradle\wrapper\dists\gradle-8.4-bin\1w5dpkrfk8irigvoxmyhowfim\gradle-8.4\lib\agents\gradle-instrumentation-agent-8.4.jar org.gradle.launcher.daemon.bootstrap.GradleDaemon 8.4

Host: AMD Ryzen 3 3250U with Radeon Graphics         , 4 cores, 5G,  Windows 11 , 64 bit Build 22000 (10.0.22000.1761)
Time: Thu Jun 20 00:14:00 2024 Hora est. Pacífico, Sudamérica elapsed time: 10.018406 seconds (0d 0h 0m 10s)

---------------  T H R E A D  ---------------

Current thread (0x000000001cb5acb0):  JavaThread "C2 CompilerThread0" daemon [_thread_in_native, id=15232, stack(0x0000000021400000,0x0000000021500000)]


Current CompileTask:
C2:  10018 3929       4       jdk.internal.loader.BuiltinClassLoader::loadClass (22 bytes)

Stack: [0x0000000021400000,0x0000000021500000]
Native frames: (J=compiled Java code, j=interpreted, Vv=VM code, C=native code)
V  [jvm.dll+0x6886e9]
V  [jvm.dll+0x841e4a]
V  [jvm.dll+0x843a8e]
V  [jvm.dll+0x8440f3]
V  [jvm.dll+0x24c14f]
V  [jvm.dll+0xac44c]
V  [jvm.dll+0xaca9c]
V  [jvm.dll+0x2b376f]
V  [jvm.dll+0x590767]
V  [jvm.dll+0x226762]
V  [jvm.dll+0x226b4f]
V  [jvm.dll+0x21fc76]
V  [jvm.dll+0x21d0c1]
V  [jvm.dll+0x1a674d]
V  [jvm.dll+0x22d088]
V  [jvm.dll+0x22b1c0]
V  [jvm.dll+0x7f62f7]
V  [jvm.dll+0x7f06aa]
V  [jvm.dll+0x687565]
C  [ucrtbase.dll+0x26c0c]
C  [KERNEL32.DLL+0x15590]
C  [ntdll.dll+0x485b]


---------------  P R O C E S S  ---------------

Threads class SMR info:
_java_thread_list=0x0000000023d32d40, length=37, elements={
0x0000000002ac0630, 0x000000001c387d40, 0x000000001c388700, 0x000000001c3dd3d0,
0x000000001c3ddca0, 0x000000001c3de570, 0x000000001cb56bb0, 0x000000001cb5acb0,
0x000000001cb5b760, 0x000000001cb64560, 0x000000001c326b90, 0x000000001cdc1af0,
0x00000000227bfb00, 0x000000002372d790, 0x0000000023114710, 0x000000002379add0,
0x000000002385eb70, 0x000000002387a570, 0x000000002387cdf0, 0x000000002387aa80,
0x000000002387b4a0, 0x000000002387af90, 0x000000002387b9b0, 0x000000002387c8e0,
0x000000002387d300, 0x000000002387c3d0, 0x000000002387d810, 0x000000002387a060,
0x0000000024436160, 0x00000000244338e0, 0x0000000024431570, 0x0000000024431f90,
0x0000000024431060, 0x0000000024433df0, 0x00000000244329b0, 0x0000000024435c50,
0x0000000024436670
}

Java Threads: ( => current thread )
  0x0000000002ac0630 JavaThread "main" [_thread_blocked, id=14964, stack(0x0000000002180000,0x0000000002280000)]
  0x000000001c387d40 JavaThread "Reference Handler" daemon [_thread_blocked, id=8788, stack(0x000000001c800000,0x000000001c900000)]
  0x000000001c388700 JavaThread "Finalizer" daemon [_thread_blocked, id=9792, stack(0x000000001c900000,0x000000001ca00000)]
  0x000000001c3dd3d0 JavaThread "Signal Dispatcher" daemon [_thread_blocked, id=2928, stack(0x0000000021000000,0x0000000021100000)]
  0x000000001c3ddca0 JavaThread "Attach Listener" daemon [_thread_blocked, id=4644, stack(0x0000000021100000,0x0000000021200000)]
  0x000000001c3de570 JavaThread "Service Thread" daemon [_thread_blocked, id=3080, stack(0x0000000021200000,0x0000000021300000)]
  0x000000001cb56bb0 JavaThread "Monitor Deflation Thread" daemon [_thread_blocked, id=13652, stack(0x0000000021300000,0x0000000021400000)]
=>0x000000001cb5acb0 JavaThread "C2 CompilerThread0" daemon [_thread_in_native, id=15232, stack(0x0000000021400000,0x0000000021500000)]
  0x000000001cb5b760 JavaThread "C1 CompilerThread0" daemon [_thread_blocked, id=13524, stack(0x0000000021500000,0x0000000021600000)]
  0x000000001cb64560 JavaThread "Sweeper thread" daemon [_thread_blocked, id=12508, stack(0x0000000021600000,0x0000000021700000)]
  0x000000001c326b90 JavaThread "Common-Cleaner" daemon [_thread_blocked, id=15184, stack(0x0000000021700000,0x0000000021800000)]
  0x000000001cdc1af0 JavaThread "Notification Thread" daemon [_thread_blocked, id=2096, stack(0x0000000021800000,0x0000000021900000)]
  0x00000000227bfb00 JavaThread "Daemon health stats" [_thread_blocked, id=2844, stack(0x00000000245b0000,0x00000000246b0000)]
  0x000000002372d790 JavaThread "Incoming local TCP Connector on port 1186" [_thread_in_native, id=3512, stack(0x00000000244a0000,0x00000000245a0000)]
  0x0000000023114710 JavaThread "Daemon periodic checks" [_thread_blocked, id=12112, stack(0x0000000024b60000,0x0000000024c60000)]
  0x000000002379add0 JavaThread "Daemon" [_thread_blocked, id=12152, stack(0x0000000024c60000,0x0000000024d60000)]
  0x000000002385eb70 JavaThread "Handler for socket connection from /127.0.0.1:1186 to /127.0.0.1:1187" [_thread_in_native, id=5600, stack(0x0000000024d60000,0x0000000024e60000)]
  0x000000002387a570 JavaThread "Cancel handler" [_thread_blocked, id=10780, stack(0x0000000024e60000,0x0000000024f60000)]
  0x000000002387cdf0 JavaThread "Daemon worker" [_thread_blocked, id=9840, stack(0x0000000024f60000,0x0000000025060000)]
  0x000000002387aa80 JavaThread "Asynchronous log dispatcher for DefaultDaemonConnection: socket connection from /127.0.0.1:1186 to /127.0.0.1:1187" [_thread_blocked, id=5240, stack(0x0000000025060000,0x0000000025160000)]
  0x000000002387b4a0 JavaThread "Stdin handler" [_thread_blocked, id=14264, stack(0x0000000025160000,0x0000000025260000)]
  0x000000002387af90 JavaThread "Daemon client event forwarder" [_thread_blocked, id=13588, stack(0x0000000025260000,0x0000000025360000)]
  0x000000002387b9b0 JavaThread "Cache worker for journal cache (C:\Users\roder\.gradle\caches\journal-1)" [_thread_blocked, id=5248, stack(0x0000000025360000,0x0000000025460000)]
  0x000000002387c8e0 JavaThread "File lock request listener" [_thread_in_native, id=15028, stack(0x0000000025460000,0x0000000025560000)]
  0x000000002387d300 JavaThread "Cache worker for file hash cache (C:\Users\roder\.gradle\caches\8.4\fileHashes)" [_thread_blocked, id=14748, stack(0x0000000026890000,0x0000000026990000)]
  0x000000002387c3d0 JavaThread "File watcher server" daemon [_thread_in_native, id=13596, stack(0x0000000026530000,0x0000000026630000)]
  0x000000002387d810 JavaThread "File watcher consumer" daemon [_thread_blocked, id=9580, stack(0x0000000026b70000,0x0000000026c70000)]
  0x000000002387a060 JavaThread "jar transforms" [_thread_in_vm, id=144, stack(0x0000000026780000,0x0000000026880000)]
  0x0000000024436160 JavaThread "jar transforms Thread 2" [_thread_blocked, id=10740, stack(0x0000000026c70000,0x0000000026d70000)]
  0x00000000244338e0 JavaThread "jar transforms Thread 3" [_thread_blocked, id=3700, stack(0x0000000026d70000,0x0000000026e70000)]
  0x0000000024431570 JavaThread "jar transforms Thread 4" [_thread_blocked, id=14928, stack(0x0000000026e70000,0x0000000026f70000)]
  0x0000000024431f90 JavaThread "Cache worker for checksums cache (C:\Users\roder\AudioRemoto\.gradle\8.4\checksums)" [_thread_blocked, id=12032, stack(0x0000000026630000,0x0000000026730000)]
  0x0000000024431060 JavaThread "Cache worker for file hash cache (C:\Users\roder\AudioRemoto\.gradle\8.4\fileHashes)" [_thread_blocked, id=9288, stack(0x0000000026990000,0x0000000026a90000)]
  0x0000000024433df0 JavaThread "Cache worker for cache directory md-supplier (C:\Users\roder\.gradle\caches\8.4\md-supplier)" [_thread_blocked, id=12596, stack(0x0000000026f70000,0x0000000027070000)]
  0x00000000244329b0 JavaThread "Cache worker for file content cache (C:\Users\roder\.gradle\caches\8.4\fileContent)" [_thread_blocked, id=5136, stack(0x0000000027070000,0x0000000027170000)]
  0x0000000024435c50 JavaThread "Cache worker for cache directory md-rule (C:\Users\roder\.gradle\caches\8.4\md-rule)" [_thread_blocked, id=4752, stack(0x0000000027170000,0x0000000027270000)]
  0x0000000024436670 JavaThread "Cache worker for execution history cache (C:\Users\roder\.gradle\caches\8.4\executionHistory)" [_thread_blocked, id=12332, stack(0x00000000275c0000,0x00000000276c0000)]

Other Threads:
  0x000000001c3847f0 VMThread "VM Thread" [stack: 0x000000001c700000,0x000000001c800000] [id=8832]
  0x000000001cd8d3a0 WatcherThread [stack: 0x0000000021900000,0x0000000021a00000] [id=14612]
  0x000000000063e980 GCTaskThread "GC Thread#0" [stack: 0x00000000028f0000,0x00000000029f0000] [id=12308]
  0x0000000021aa8d70 GCTaskThread "GC Thread#1" [stack: 0x0000000022200000,0x0000000022300000] [id=13244]
  0x0000000021d90b70 GCTaskThread "GC Thread#2" [stack: 0x0000000022300000,0x0000000022400000] [id=11676]
  0x000000001cefb7f0 GCTaskThread "GC Thread#3" [stack: 0x00000000233d0000,0x00000000234d0000] [id=2688]
  0x0000000002b28be0 ConcurrentGCThread "G1 Main Marker" [stack: 0x0000000019ba0000,0x0000000019ca0000] [id=4692]
  0x0000000002b29da0 ConcurrentGCThread "G1 Conc#0" [stack: 0x0000000019ca0000,0x0000000019da0000] [id=8492]
  0x000000001c1f0090 ConcurrentGCThread "G1 Refine#0" [stack: 0x000000001c3e0000,0x000000001c4e0000] [id=6304]
  0x0000000002b7dd40 ConcurrentGCThread "G1 Service" [stack: 0x000000001c4e0000,0x000000001c5e0000] [id=5984]

Threads with active compile tasks:
C2 CompilerThread0    10046 3929       4       jdk.internal.loader.BuiltinClassLoader::loadClass (22 bytes)

VM state: not at safepoint (normal execution)

VM Mutex/Monitor currently owned by a thread: None

Heap address: 0x0000000080000000, size: 2048 MB, Compressed Oops mode: 32-bit

CDS archive(s) not mapped
Compressed class space mapped at: 0x0000000100000000-0x0000000140000000, reserved size: 1073741824
Narrow klass base: 0x0000000000000000, Narrow klass shift: 3, Narrow klass range: 0x140000000

GC Precious Log:
 CPUs: 4 total, 4 available
 Memory: 6086M
 Large Page Support: Disabled
 NUMA Support: Disabled
 Compressed Oops: Enabled (32-bit)
 Heap Region Size: 1M
 Heap Min Capacity: 8M
 Heap Initial Capacity: 96M
 Heap Max Capacity: 2G
 Pre-touch: Disabled
 Parallel Workers: 4
 Concurrent Workers: 1
 Concurrent Refinement Workers: 4
 Periodic GC: Disabled

Heap:
 garbage-first heap   total 89088K, used 53675K [0x0000000080000000, 0x0000000100000000)
  region size 1024K, 7 young (7168K), 3 survivors (3072K)
 Metaspace       used 45043K, committed 45504K, reserved 1114112K
  class space    used 5929K, committed 6144K, reserved 1048576K

Heap Regions: E=young(eden), S=young(survivor), O=old, HS=humongous(starts), HC=humongous(continues), CS=collection set, F=free, OA=open archive, CA=closed archive, TAMS=top-at-mark-start (previous, next)
|   0|0x0000000080000000, 0x0000000080100000, 0x0000000080100000|100%| O|  |TAMS 0x0000000080100000, 0x0000000080000000| Untracked 
|   1|0x0000000080100000, 0x0000000080200000, 0x0000000080200000|100%| O|  |TAMS 0x0000000080200000, 0x0000000080100000| Untracked 
|   2|0x0000000080200000, 0x0000000080300000, 0x0000000080300000|100%|HS|  |TAMS 0x0000000080300000, 0x0000000080200000| Complete 
|   3|0x0000000080300000, 0x0000000080400000, 0x0000000080400000|100%|HC|  |TAMS 0x0000000080400000, 0x0000000080300000| Complete 
|   4|0x0000000080400000, 0x0000000080500000, 0x0000000080500000|100%|HC|  |TAMS 0x0000000080500000, 0x0000000080400000| Complete 
|   5|0x0000000080500000, 0x0000000080600000, 0x0000000080600000|100%|HC|  |TAMS 0x0000000080600000, 0x0000000080500000| Complete 
|   6|0x0000000080600000, 0x0000000080700000, 0x0000000080700000|100%| O|  |TAMS 0x0000000080700000, 0x0000000080600000| Untracked 
|   7|0x0000000080700000, 0x0000000080800000, 0x0000000080800000|100%| O|  |TAMS 0x0000000080800000, 0x0000000080700000| Untracked 
|   8|0x0000000080800000, 0x0000000080900000, 0x0000000080900000|100%| O|  |TAMS 0x0000000080900000, 0x0000000080800000| Untracked 
|   9|0x0000000080900000, 0x0000000080a00000, 0x0000000080a00000|100%| O|  |TAMS 0x0000000080a00000, 0x0000000080900000| Untracked 
|  10|0x0000000080a00000, 0x0000000080b00000, 0x0000000080b00000|100%| O|  |TAMS 0x0000000080b00000, 0x0000000080a00000| Untracked 
|  11|0x0000000080b00000, 0x0000000080bbd600, 0x0000000080c00000| 73%| O|  |TAMS 0x0000000080bbd600, 0x0000000080b00000| Untracked 
|  12|0x0000000080c00000, 0x0000000080d00000, 0x0000000080d00000|100%| O|  |TAMS 0x0000000080d00000, 0x0000000080c00000| Untracked 
|  13|0x0000000080d00000, 0x0000000080e00000, 0x0000000080e00000|100%| O|  |TAMS 0x0000000080e00000, 0x0000000080d00000| Untracked 
|  14|0x0000000080e00000, 0x0000000080f00000, 0x0000000080f00000|100%| O|  |TAMS 0x0000000080f00000, 0x0000000080e00000| Untracked 
|  15|0x0000000080f00000, 0x0000000081000000, 0x0000000081000000|100%| O|  |TAMS 0x0000000081000000, 0x0000000080f00000| Untracked 
|  16|0x0000000081000000, 0x0000000081100000, 0x0000000081100000|100%| O|  |TAMS 0x0000000081100000, 0x0000000081000000| Untracked 
|  17|0x0000000081100000, 0x0000000081200000, 0x0000000081200000|100%| O|  |TAMS 0x0000000081200000, 0x0000000081100000| Untracked 
|  18|0x0000000081200000, 0x0000000081300000, 0x0000000081300000|100%| O|  |TAMS 0x0000000081300000, 0x0000000081200000| Untracked 
|  19|0x0000000081300000, 0x0000000081400000, 0x0000000081400000|100%|HS|  |TAMS 0x0000000081400000, 0x0000000081300000| Complete 
|  20|0x0000000081400000, 0x0000000081500000, 0x0000000081500000|100%|HC|  |TAMS 0x0000000081500000, 0x0000000081400000| Complete 
|  21|0x0000000081500000, 0x0000000081600000, 0x0000000081600000|100%|HS|  |TAMS 0x0000000081600000, 0x0000000081500000| Complete 
|  22|0x0000000081600000, 0x0000000081700000, 0x0000000081700000|100%|HC|  |TAMS 0x0000000081700000, 0x0000000081600000| Complete 
|  23|0x0000000081700000, 0x0000000081800000, 0x0000000081800000|100%|HC|  |TAMS 0x0000000081800000, 0x0000000081700000| Complete 
|  24|0x0000000081800000, 0x0000000081900000, 0x0000000081900000|100%|HS|  |TAMS 0x0000000081900000, 0x0000000081800000| Complete 
|  25|0x0000000081900000, 0x0000000081a00000, 0x0000000081a00000|100%|HC|  |TAMS 0x0000000081a00000, 0x0000000081900000| Complete 
|  26|0x0000000081a00000, 0x0000000081b00000, 0x0000000081b00000|100%|HC|  |TAMS 0x0000000081b00000, 0x0000000081a00000| Complete 
|  27|0x0000000081b00000, 0x0000000081c00000, 0x0000000081c00000|100%|HS|  |TAMS 0x0000000081c00000, 0x0000000081b00000| Complete 
|  28|0x0000000081c00000, 0x0000000081d00000, 0x0000000081d00000|100%|HC|  |TAMS 0x0000000081d00000, 0x0000000081c00000| Complete 
|  29|0x0000000081d00000, 0x0000000081e00000, 0x0000000081e00000|100%|HC|  |TAMS 0x0000000081e00000, 0x0000000081d00000| Complete 
|  30|0x0000000081e00000, 0x0000000081f00000, 0x0000000081f00000|100%| O|  |TAMS 0x0000000081f00000, 0x0000000081e00000| Untracked 
|  31|0x0000000081f00000, 0x0000000082000000, 0x0000000082000000|100%| O|  |TAMS 0x0000000082000000, 0x0000000081f00000| Untracked 
|  32|0x0000000082000000, 0x0000000082100000, 0x0000000082100000|100%| O|  |TAMS 0x0000000082100000, 0x0000000082000000| Untracked 
|  33|0x0000000082100000, 0x0000000082200000, 0x0000000082200000|100%| O|  |TAMS 0x0000000082200000, 0x0000000082100000| Untracked 
|  34|0x0000000082200000, 0x0000000082300000, 0x0000000082300000|100%| O|  |TAMS 0x0000000082300000, 0x0000000082200000| Untracked 
|  35|0x0000000082300000, 0x0000000082400000, 0x0000000082400000|100%| O|  |TAMS 0x0000000082400000, 0x0000000082300000| Untracked 
|  36|0x0000000082400000, 0x0000000082500000, 0x0000000082500000|100%| O|  |TAMS 0x0000000082500000, 0x0000000082400000| Untracked 
|  37|0x0000000082500000, 0x0000000082600000, 0x0000000082600000|100%| O|  |TAMS 0x0000000082600000, 0x0000000082500000| Untracked 
|  38|0x0000000082600000, 0x0000000082700000, 0x0000000082700000|100%| O|  |TAMS 0x0000000082700000, 0x0000000082600000| Untracked 
|  39|0x0000000082700000, 0x0000000082800000, 0x0000000082800000|100%| O|  |TAMS 0x0000000082800000, 0x0000000082700000| Untracked 
|  40|0x0000000082800000, 0x0000000082900000, 0x0000000082900000|100%| O|  |TAMS 0x0000000082900000, 0x0000000082800000| Untracked 
|  41|0x0000000082900000, 0x0000000082954a00, 0x0000000082a00000| 33%| O|  |TAMS 0x0000000082954a00, 0x0000000082900000| Untracked 
|  42|0x0000000082a00000, 0x0000000082b00000, 0x0000000082b00000|100%|HS|  |TAMS 0x0000000082a00000, 0x0000000082a00000| Complete 
|  43|0x0000000082b00000, 0x0000000082c00000, 0x0000000082c00000|100%|HS|  |TAMS 0x0000000082b00000, 0x0000000082b00000| Complete 
|  44|0x0000000082c00000, 0x0000000082d00000, 0x0000000082d00000|100%|HC|  |TAMS 0x0000000082c00000, 0x0000000082c00000| Complete 
|  45|0x0000000082d00000, 0x0000000082e00000, 0x0000000082e00000|100%|HS|  |TAMS 0x0000000082d00000, 0x0000000082d00000| Complete 
|  46|0x0000000082e00000, 0x0000000082f00000, 0x0000000082f00000|100%|HC|  |TAMS 0x0000000082e00000, 0x0000000082e00000| Complete 
|  47|0x0000000082f00000, 0x0000000082f00000, 0x0000000083000000|  0%| F|  |TAMS 0x0000000082f00000, 0x0000000082f00000| Untracked 
|  48|0x0000000083000000, 0x0000000083000000, 0x0000000083100000|  0%| F|  |TAMS 0x0000000083000000, 0x0000000083000000| Untracked 
|  49|0x0000000083100000, 0x0000000083100000, 0x0000000083200000|  0%| F|  |TAMS 0x0000000083100000, 0x0000000083100000| Untracked 
|  50|0x0000000083200000, 0x0000000083200000, 0x0000000083300000|  0%| F|  |TAMS 0x0000000083200000, 0x0000000083200000| Untracked 
|  51|0x0000000083300000, 0x0000000083300000, 0x0000000083400000|  0%| F|  |TAMS 0x0000000083300000, 0x0000000083300000| Untracked 
|  52|0x0000000083400000, 0x0000000083400000, 0x0000000083500000|  0%| F|  |TAMS 0x0000000083400000, 0x0000000083400000| Untracked 
|  53|0x0000000083500000, 0x0000000083500000, 0x0000000083600000|  0%| F|  |TAMS 0x0000000083500000, 0x0000000083500000| Untracked 
|  54|0x0000000083600000, 0x0000000083600000, 0x0000000083700000|  0%| F|  |TAMS 0x0000000083600000, 0x0000000083600000| Untracked 
|  55|0x0000000083700000, 0x0000000083700000, 0x0000000083800000|  0%| F|  |TAMS 0x0000000083700000, 0x0000000083700000| Untracked 
|  56|0x0000000083800000, 0x0000000083800000, 0x0000000083900000|  0%| F|  |TAMS 0x0000000083800000, 0x0000000083800000| Untracked 
|  57|0x0000000083900000, 0x0000000083900000, 0x0000000083a00000|  0%| F|  |TAMS 0x0000000083900000, 0x0000000083900000| Untracked 
|  58|0x0000000083a00000, 0x0000000083a00000, 0x0000000083b00000|  0%| F|  |TAMS 0x0000000083a00000, 0x0000000083a00000| Untracked 
|  59|0x0000000083b00000, 0x0000000083b00000, 0x0000000083c00000|  0%| F|  |TAMS 0x0000000083b00000, 0x0000000083b00000| Untracked 
|  60|0x0000000083c00000, 0x0000000083c00000, 0x0000000083d00000|  0%| F|  |TAMS 0x0000000083c00000, 0x0000000083c00000| Untracked 
|  61|0x0000000083d00000, 0x0000000083d00000, 0x0000000083e00000|  0%| F|  |TAMS 0x0000000083d00000, 0x0000000083d00000| Untracked 
|  62|0x0000000083e00000, 0x0000000083e00000, 0x0000000083f00000|  0%| F|  |TAMS 0x0000000083e00000, 0x0000000083e00000| Untracked 
|  63|0x0000000083f00000, 0x0000000083f00000, 0x0000000084000000|  0%| F|  |TAMS 0x0000000083f00000, 0x0000000083f00000| Untracked 
|  64|0x0000000084000000, 0x0000000084000000, 0x0000000084100000|  0%| F|  |TAMS 0x0000000084000000, 0x0000000084000000| Untracked 
|  65|0x0000000084100000, 0x0000000084100000, 0x0000000084200000|  0%| F|  |TAMS 0x0000000084100000, 0x0000000084100000| Untracked 
|  66|0x0000000084200000, 0x0000000084200000, 0x0000000084300000|  0%| F|  |TAMS 0x0000000084200000, 0x0000000084200000| Untracked 
|  67|0x0000000084300000, 0x0000000084300000, 0x0000000084400000|  0%| F|  |TAMS 0x0000000084300000, 0x0000000084300000| Untracked 
|  68|0x0000000084400000, 0x0000000084400000, 0x0000000084500000|  0%| F|  |TAMS 0x0000000084400000, 0x0000000084400000| Untracked 
|  69|0x0000000084500000, 0x0000000084500000, 0x0000000084600000|  0%| F|  |TAMS 0x0000000084500000, 0x0000000084500000| Untracked 
|  70|0x0000000084600000, 0x0000000084600000, 0x0000000084700000|  0%| F|  |TAMS 0x0000000084600000, 0x0000000084600000| Untracked 
|  71|0x0000000084700000, 0x0000000084700000, 0x0000000084800000|  0%| F|  |TAMS 0x0000000084700000, 0x0000000084700000| Untracked 
|  72|0x0000000084800000, 0x0000000084858db8, 0x0000000084900000| 34%| S|CS|TAMS 0x0000000084800000, 0x0000000084800000| Complete 
|  73|0x0000000084900000, 0x0000000084a00000, 0x0000000084a00000|100%| S|CS|TAMS 0x0000000084900000, 0x0000000084900000| Complete 
|  74|0x0000000084a00000, 0x0000000084b00000, 0x0000000084b00000|100%| S|CS|TAMS 0x0000000084a00000, 0x0000000084a00000| Complete 
|  75|0x0000000084b00000, 0x0000000084b00000, 0x0000000084c00000|  0%| F|  |TAMS 0x0000000084b00000, 0x0000000084b00000| Untracked 
|  76|0x0000000084c00000, 0x0000000084c00000, 0x0000000084d00000|  0%| F|  |TAMS 0x0000000084c00000, 0x0000000084c00000| Untracked 
|  77|0x0000000084d00000, 0x0000000084d00000, 0x0000000084e00000|  0%| F|  |TAMS 0x0000000084d00000, 0x0000000084d00000| Untracked 
|  78|0x0000000084e00000, 0x0000000084e00000, 0x0000000084f00000|  0%| F|  |TAMS 0x0000000084e00000, 0x0000000084e00000| Untracked 
|  79|0x0000000084f00000, 0x0000000084f00000, 0x0000000085000000|  0%| F|  |TAMS 0x0000000084f00000, 0x0000000084f00000| Untracked 
|  80|0x0000000085000000, 0x0000000085000000, 0x0000000085100000|  0%| F|  |TAMS 0x0000000085000000, 0x0000000085000000| Untracked 
|  81|0x0000000085100000, 0x0000000085100000, 0x0000000085200000|  0%| F|  |TAMS 0x0000000085100000, 0x0000000085100000| Untracked 
|  82|0x0000000085200000, 0x00000000852d5d08, 0x0000000085300000| 83%| E|  |TAMS 0x0000000085200000, 0x0000000085200000| Complete 
|  83|0x0000000085300000, 0x0000000085400000, 0x0000000085400000|100%| E|CS|TAMS 0x0000000085300000, 0x0000000085300000| Complete 
|  84|0x0000000085400000, 0x0000000085500000, 0x0000000085500000|100%| E|CS|TAMS 0x0000000085400000, 0x0000000085400000| Complete 
|  95|0x0000000085f00000, 0x0000000086000000, 0x0000000086000000|100%| E|CS|TAMS 0x0000000085f00000, 0x0000000085f00000| Complete 
|2047|0x00000000fff00000, 0x0000000100000000, 0x0000000100000000|100%| O|  |TAMS 0x0000000100000000, 0x00000000fff00000| Untracked 

Card table byte_map: [0x00000000153a0000,0x00000000157a0000] _byte_map_base: 0x0000000014fa0000

Marking Bits (Prev, Next): (CMBitMap*) 0x0000000002b18190, (CMBitMap*) 0x0000000002b18150
 Prev Bits: [0x0000000017ba0000, 0x0000000019ba0000)
 Next Bits: [0x0000000015ba0000, 0x0000000017ba0000)

Polling page: 0x0000000000960000

Metaspace:

Usage:
  Non-class:     38.21 MB used.
      Class:      5.79 MB used.
       Both:     44.00 MB used.

Virtual space:
  Non-class space:       64.00 MB reserved,      38.44 MB ( 60%) committed,  1 nodes.
      Class space:        1.00 GB reserved,       6.00 MB ( <1%) committed,  1 nodes.
             Both:        1.06 GB reserved,      44.44 MB (  4%) committed. 

Chunk freelists:
   Non-Class:  9.19 MB
       Class:  9.97 MB
        Both:  19.16 MB

MaxMetaspaceSize: unlimited
CompressedClassSpaceSize: 1.00 GB
Initial GC threshold: 21.00 MB
Current GC threshold: 73.25 MB
CDS: off
MetaspaceReclaimPolicy: balanced
 - commit_granule_bytes: 65536.
 - commit_granule_words: 8192.
 - virtual_space_node_default_size: 8388608.
 - enlarge_chunks_in_place: 1.
 - new_chunks_are_fully_committed: 0.
 - uncommit_free_chunks: 1.
 - use_allocation_guard: 0.
 - handle_deallocations: 1.


Internal statistics:

num_allocs_failed_limit: 3.
num_arena_births: 406.
num_arena_deaths: 0.
num_vsnodes_births: 2.
num_vsnodes_deaths: 0.
num_space_committed: 711.
num_space_uncommitted: 0.
num_chunks_returned_to_freelist: 3.
num_chunks_taken_from_freelist: 1745.
num_chunk_merges: 0.
num_chunk_splits: 1132.
num_chunks_enlarged: 788.
num_inconsistent_stats: 0.

CodeHeap 'non-profiled nmethods': size=120000Kb used=1791Kb max_used=1791Kb free=118208Kb
 bounds [0x000000000da70000, 0x000000000dce0000, 0x0000000014fa0000]
CodeHeap 'profiled nmethods': size=120000Kb used=7667Kb max_used=7667Kb free=112332Kb
 bounds [0x0000000005fa0000, 0x0000000006720000, 0x000000000d4d0000]
CodeHeap 'non-nmethods': size=5760Kb used=2290Kb max_used=2290Kb free=3469Kb
 bounds [0x000000000d4d0000, 0x000000000d740000, 0x000000000da70000]
 total_blobs=4702 nmethods=3900 adapters=713
 compilation: enabled
              stopped_count=0, restarted_count=0
 full_count=0

Compilation events (20 events):
Event: 9.983 Thread 0x000000001cb5b760 3944       3       java.util.ImmutableCollections$List12::<init> (20 bytes)
Event: 9.984 Thread 0x000000001cb5b760 nmethod 3944 0x000000000670f710 code [0x000000000670f8e0, 0x000000000670fd88]
Event: 9.987 Thread 0x000000001cb5b760 3945       3       groovy.lang.MetaClassImpl$Index::getNotNull (32 bytes)
Event: 9.988 Thread 0x000000001cb5b760 nmethod 3945 0x000000000670ff10 code [0x00000000067100e0, 0x0000000006710768]
Event: 9.997 Thread 0x000000001cb5b760 3946       3       java.util.Arrays::stream (8 bytes)
Event: 9.997 Thread 0x000000001cb5b760 nmethod 3946 0x0000000006710990 code [0x0000000006710b40, 0x0000000006710d58]
Event: 9.997 Thread 0x000000001cb5b760 3947       3       java.util.Arrays::stream (11 bytes)
Event: 9.998 Thread 0x000000001cb5b760 nmethod 3947 0x0000000006710e90 code [0x0000000006711040, 0x00000000067111d8]
Event: 9.998 Thread 0x000000001cb5b760 3948       3       java.util.Arrays::spliterator (10 bytes)
Event: 9.998 Thread 0x000000001cb5b760 nmethod 3948 0x0000000006711290 code [0x0000000006711420, 0x0000000006711548]
Event: 10.006 Thread 0x000000001cb5b760 3949       3       java.util.ArrayList::toArray (12 bytes)
Event: 10.007 Thread 0x000000001cb5b760 nmethod 3949 0x0000000006711610 code [0x00000000067117c0, 0x0000000006711988]
Event: 10.007 Thread 0x000000001cb5b760 3950   !   3       org.gradle.internal.reflect.JavaMethod::invoke (74 bytes)
Event: 10.009 Thread 0x000000001cb5b760 nmethod 3950 0x0000000006711a90 code [0x0000000006711e00, 0x0000000006713408]
Event: 10.009 Thread 0x000000001cb5b760 3951       3       java.util.regex.Pattern$BmpCharPredicate$$Lambda$24/0x0000000100094998::is (15 bytes)
Event: 10.009 Thread 0x000000001cb5b760 nmethod 3951 0x0000000006713d90 code [0x0000000006713f60, 0x00000000067143b8]
Event: 10.009 Thread 0x000000001cb5b760 3952       3       java.util.regex.Pattern$BmpCharPredicate::lambda$union$2 (26 bytes)
Event: 10.010 Thread 0x000000001cb5b760 nmethod 3952 0x0000000006714510 code [0x00000000067146c0, 0x00000000067149f8]
Event: 10.013 Thread 0x000000001cb5b760 3953       3       sun.nio.fs.WindowsPath::isEmpty (8 bytes)
Event: 10.013 Thread 0x000000001cb5b760 nmethod 3953 0x0000000006714b10 code [0x0000000006714cc0, 0x0000000006714e98]

GC Heap History (20 events):
Event: 3.819 GC heap before
{Heap before GC invocations=3 (full 0):
 garbage-first heap   total 98304K, used 57340K [0x0000000080000000, 0x0000000100000000)
  region size 1024K, 47 young (48128K), 2 survivors (2048K)
 Metaspace       used 21286K, committed 21504K, reserved 1114112K
  class space    used 2548K, committed 2688K, reserved 1048576K
}
Event: 3.828 GC heap after
{Heap after GC invocations=4 (full 0):
 garbage-first heap   total 98304K, used 18984K [0x0000000080000000, 0x0000000100000000)
  region size 1024K, 8 young (8192K), 8 survivors (8192K)
 Metaspace       used 21286K, committed 21504K, reserved 1114112K
  class space    used 2548K, committed 2688K, reserved 1048576K
}
Event: 5.139 GC heap before
{Heap before GC invocations=5 (full 0):
 garbage-first heap   total 68608K, used 51752K [0x0000000080000000, 0x0000000100000000)
  region size 1024K, 40 young (40960K), 8 survivors (8192K)
 Metaspace       used 26328K, committed 26688K, reserved 1114112K
  class space    used 3416K, committed 3584K, reserved 1048576K
}
Event: 5.147 GC heap after
{Heap after GC invocations=6 (full 0):
 garbage-first heap   total 68608K, used 20613K [0x0000000080000000, 0x0000000100000000)
  region size 1024K, 2 young (2048K), 2 survivors (2048K)
 Metaspace       used 26328K, committed 26688K, reserved 1114112K
  class space    used 3416K, committed 3584K, reserved 1048576K
}
Event: 6.203 GC heap before
{Heap before GC invocations=6 (full 0):
 garbage-first heap   total 68608K, used 47237K [0x0000000080000000, 0x0000000100000000)
  region size 1024K, 29 young (29696K), 2 survivors (2048K)
 Metaspace       used 30107K, committed 30464K, reserved 1114112K
  class space    used 4049K, committed 4224K, reserved 1048576K
}
Event: 6.209 GC heap after
{Heap after GC invocations=7 (full 0):
 garbage-first heap   total 68608K, used 22101K [0x0000000080000000, 0x0000000100000000)
  region size 1024K, 4 young (4096K), 4 survivors (4096K)
 Metaspace       used 30107K, committed 30464K, reserved 1114112K
  class space    used 4049K, committed 4224K, reserved 1048576K
}
Event: 7.058 GC heap before
{Heap before GC invocations=7 (full 0):
 garbage-first heap   total 68608K, used 56917K [0x0000000080000000, 0x0000000100000000)
  region size 1024K, 29 young (29696K), 4 survivors (4096K)
 Metaspace       used 32842K, committed 33216K, reserved 1114112K
  class space    used 4502K, committed 4672K, reserved 1048576K
}
Event: 7.066 GC heap after
{Heap after GC invocations=8 (full 0):
 garbage-first heap   total 69632K, used 38868K [0x0000000080000000, 0x0000000100000000)
  region size 1024K, 4 young (4096K), 4 survivors (4096K)
 Metaspace       used 32842K, committed 33216K, reserved 1114112K
  class space    used 4502K, committed 4672K, reserved 1048576K
}
Event: 7.708 GC heap before
{Heap before GC invocations=8 (full 0):
 garbage-first heap   total 69632K, used 53204K [0x0000000080000000, 0x0000000100000000)
  region size 1024K, 19 young (19456K), 4 survivors (4096K)
 Metaspace       used 34717K, committed 35072K, reserved 1114112K
  class space    used 4804K, committed 4992K, reserved 1048576K
}
Event: 7.718 GC heap after
{Heap after GC invocations=9 (full 0):
 garbage-first heap   total 69632K, used 39458K [0x0000000080000000, 0x0000000100000000)
  region size 1024K, 1 young (1024K), 1 survivors (1024K)
 Metaspace       used 34717K, committed 35072K, reserved 1114112K
  class space    used 4804K, committed 4992K, reserved 1048576K
}
Event: 8.302 GC heap before
{Heap before GC invocations=10 (full 0):
 garbage-first heap   total 69632K, used 55842K [0x0000000080000000, 0x0000000100000000)
  region size 1024K, 17 young (17408K), 1 survivors (1024K)
 Metaspace       used 37200K, committed 37504K, reserved 1114112K
  class space    used 5182K, committed 5312K, reserved 1048576K
}
Event: 8.306 GC heap after
{Heap after GC invocations=11 (full 0):
 garbage-first heap   total 69632K, used 39965K [0x0000000080000000, 0x0000000100000000)
  region size 1024K, 2 young (2048K), 2 survivors (2048K)
 Metaspace       used 37200K, committed 37504K, reserved 1114112K
  class space    used 5182K, committed 5312K, reserved 1048576K
}
Event: 8.868 GC heap before
{Heap before GC invocations=11 (full 0):
 garbage-first heap   total 69632K, used 55325K [0x0000000080000000, 0x0000000100000000)
  region size 1024K, 18 young (18432K), 2 survivors (2048K)
 Metaspace       used 41593K, committed 41984K, reserved 1114112K
  class space    used 5633K, committed 5760K, reserved 1048576K
}
Event: 8.874 GC heap after
{Heap after GC invocations=12 (full 0):
 garbage-first heap   total 69632K, used 41908K [0x0000000080000000, 0x0000000100000000)
  region size 1024K, 3 young (3072K), 3 survivors (3072K)
 Metaspace       used 41593K, committed 41984K, reserved 1114112K
  class space    used 5633K, committed 5760K, reserved 1048576K
}
Event: 9.355 GC heap before
{Heap before GC invocations=13 (full 0):
 garbage-first heap   total 75776K, used 54196K [0x0000000080000000, 0x0000000100000000)
  region size 1024K, 16 young (16384K), 3 survivors (3072K)
 Metaspace       used 43407K, committed 43840K, reserved 1114112K
  class space    used 5827K, committed 6016K, reserved 1048576K
}
Event: 9.365 GC heap after
{Heap after GC invocations=14 (full 0):
 garbage-first heap   total 75776K, used 43787K [0x0000000080000000, 0x0000000100000000)
  region size 1024K, 2 young (2048K), 2 survivors (2048K)
 Metaspace       used 43407K, committed 43840K, reserved 1114112K
  class space    used 5827K, committed 6016K, reserved 1048576K
}
Event: 9.703 GC heap before
{Heap before GC invocations=14 (full 0):
 garbage-first heap   total 75776K, used 60171K [0x0000000080000000, 0x0000000100000000)
  region size 1024K, 18 young (18432K), 2 survivors (2048K)
 Metaspace       used 43667K, committed 44160K, reserved 1114112K
  class space    used 5857K, committed 6080K, reserved 1048576K
}
Event: 9.707 GC heap after
{Heap after GC invocations=15 (full 0):
 garbage-first heap   total 75776K, used 44561K [0x0000000080000000, 0x0000000100000000)
  region size 1024K, 2 young (2048K), 2 survivors (2048K)
 Metaspace       used 43667K, committed 44160K, reserved 1114112K
  class space    used 5857K, committed 6080K, reserved 1048576K
}
Event: 9.804 GC heap before
{Heap before GC invocations=16 (full 0):
 garbage-first heap   total 80896K, used 46609K [0x0000000080000000, 0x0000000100000000)
  region size 1024K, 6 young (6144K), 2 survivors (2048K)
 Metaspace       used 43887K, committed 44288K, reserved 1114112K
  class space    used 5875K, committed 6080K, reserved 1048576K
}
Event: 9.810 GC heap after
{Heap after GC invocations=17 (full 0):
 garbage-first heap   total 80896K, used 45483K [0x0000000080000000, 0x0000000100000000)
  region size 1024K, 3 young (3072K), 3 survivors (3072K)
 Metaspace       used 43887K, committed 44288K, reserved 1114112K
  class space    used 5875K, committed 6080K, reserved 1048576K
}

Dll operation events (3 events):
Event: 0.013 Loaded shared library C:\Program Files\Android\Android Studio\jbr\bin\java.dll
Event: 0.230 Loaded shared library C:\Program Files\Android\Android Studio\jbr\bin\zip.dll
Event: 0.864 Loaded shared library C:\Program Files\Android\Android Studio\jbr\bin\verify.dll

Deoptimization events (20 events):
Event: 9.050 Thread 0x000000002387cdf0 DEOPT PACKING pc=0x000000000dbc3b0c sp=0x0000000025057000
Event: 9.050 Thread 0x000000002387cdf0 DEOPT UNPACKING pc=0x000000000d5269a3 sp=0x0000000025056fa0 mode 2
Event: 9.215 Thread 0x000000002387cdf0 Uncommon trap: trap_request=0xffffffc6 fr.pc=0x000000000dbfca28 relative=0x00000000000002c8
Event: 9.215 Thread 0x000000002387cdf0 Uncommon trap: reason=bimorphic_or_optimized_type_check action=maybe_recompile pc=0x000000000dbfca28 method=java.util.stream.MatchOps$1MatchSink.accept(Ljava/lang/Object;)V @ 12 c2
Event: 9.215 Thread 0x000000002387cdf0 DEOPT PACKING pc=0x000000000dbfca28 sp=0x00000000250572b0
Event: 9.215 Thread 0x000000002387cdf0 DEOPT UNPACKING pc=0x000000000d5269a3 sp=0x0000000025057258 mode 2
Event: 9.215 Thread 0x000000002387cdf0 Uncommon trap: trap_request=0xffffffc6 fr.pc=0x000000000dbfca28 relative=0x00000000000002c8
Event: 9.215 Thread 0x000000002387cdf0 Uncommon trap: reason=bimorphic_or_optimized_type_check action=maybe_recompile pc=0x000000000dbfca28 method=java.util.stream.MatchOps$1MatchSink.accept(Ljava/lang/Object;)V @ 12 c2
Event: 9.215 Thread 0x000000002387cdf0 DEOPT PACKING pc=0x000000000dbfca28 sp=0x00000000250572b0
Event: 9.215 Thread 0x000000002387cdf0 DEOPT UNPACKING pc=0x000000000d5269a3 sp=0x0000000025057258 mode 2
Event: 9.215 Thread 0x000000002387cdf0 Uncommon trap: trap_request=0xffffffc6 fr.pc=0x000000000dbfca28 relative=0x00000000000002c8
Event: 9.215 Thread 0x000000002387cdf0 Uncommon trap: reason=bimorphic_or_optimized_type_check action=maybe_recompile pc=0x000000000dbfca28 method=java.util.stream.MatchOps$1MatchSink.accept(Ljava/lang/Object;)V @ 12 c2
Event: 9.215 Thread 0x000000002387cdf0 DEOPT PACKING pc=0x000000000dbfca28 sp=0x00000000250572b0
Event: 9.215 Thread 0x000000002387cdf0 DEOPT UNPACKING pc=0x000000000d5269a3 sp=0x0000000025057258 mode 2
Event: 9.216 Thread 0x000000002387cdf0 Uncommon trap: trap_request=0xffffffc6 fr.pc=0x000000000dbfca28 relative=0x00000000000002c8
Event: 9.216 Thread 0x000000002387cdf0 Uncommon trap: reason=bimorphic_or_optimized_type_check action=maybe_recompile pc=0x000000000dbfca28 method=java.util.stream.MatchOps$1MatchSink.accept(Ljava/lang/Object;)V @ 12 c2
Event: 9.216 Thread 0x000000002387cdf0 DEOPT PACKING pc=0x000000000dbfca28 sp=0x00000000250572b0
Event: 9.216 Thread 0x000000002387cdf0 DEOPT UNPACKING pc=0x000000000d5269a3 sp=0x0000000025057258 mode 2
Event: 9.353 Thread 0x000000002387cdf0 DEOPT PACKING pc=0x00000000066bdbc0 sp=0x00000000250573e0
Event: 9.353 Thread 0x000000002387cdf0 DEOPT UNPACKING pc=0x000000000d527143 sp=0x00000000250568f0 mode 0

Classes unloaded (0 events):
No events

Classes redefined (0 events):
No events

Internal exceptions (20 events):
Event: 9.603 Thread 0x000000002387cdf0 Exception <a 'java/lang/ClassNotFoundException'{0x00000000839f3268}: groovy/lang/ScriptBeanInfo> (0x00000000839f3268) 
thrown [s\src\hotspot\share\classfile\systemDictionary.cpp, line 256]
Event: 9.603 Thread 0x000000002387cdf0 Exception <a 'java/lang/ClassNotFoundException'{0x000000008380b430}: groovy/lang/ScriptCustomizer> (0x000000008380b430) 
thrown [s\src\hotspot\share\classfile\systemDictionary.cpp, line 256]
Event: 9.611 Thread 0x000000002387cdf0 Exception <a 'java/lang/ClassNotFoundException'{0x000000008381d828}: org/gradle/groovy/scripts/ScriptCustomizer> (0x000000008381d828) 
thrown [s\src\hotspot\share\classfile\systemDictionary.cpp, line 256]
Event: 9.616 Thread 0x000000002387cdf0 Exception <a 'java/lang/ClassNotFoundException'{0x000000008382ec48}: org/gradle/groovy/scripts/BasicScriptCustomizer> (0x000000008382ec48) 
thrown [s\src\hotspot\share\classfile\systemDictionary.cpp, line 256]
Event: 9.623 Thread 0x000000002387cdf0 Exception <a 'java/lang/ClassNotFoundException'{0x0000000083845ca8}: org/gradle/groovy/scripts/DefaultScriptCustomizer> (0x0000000083845ca8) 
thrown [s\src\hotspot\share\classfile\systemDictionary.cpp, line 256]
Event: 9.651 Thread 0x000000002387cdf0 Exception <a 'java/lang/ClassNotFoundException'{0x000000008386e298}: org/gradle/initialization/InitScriptCustomizer> (0x000000008386e298) 
thrown [s\src\hotspot\share\classfile\systemDictionary.cpp, line 256]
Event: 9.652 Thread 0x000000002387cdf0 Exception <a 'java/lang/ClassNotFoundException'{0x000000008387d118}: ijMapper1_epyt0hurgrco3eoeab6k9awk0Customizer> (0x000000008387d118) 
thrown [s\src\hotspot\share\classfile\systemDictionary.cpp, line 256]
Event: 9.679 Thread 0x000000002387cdf0 Exception <a 'java/lang/ClassNotFoundException'{0x000000008373b1f0}: org/gradle/internal/extensibility/DefaultExtraPropertiesExtensionBeanInfo> (0x000000008373b1f0) 
thrown [s\src\hotspot\share\classfile\systemDictionary.cpp, line 256]
Event: 9.680 Thread 0x000000002387cdf0 Exception <a 'java/lang/ClassNotFoundException'{0x0000000083745db0}: org/gradle/internal/extensibility/DefaultExtraPropertiesExtensionCustomizer> (0x0000000083745db0) 
thrown [s\src\hotspot\share\classfile\systemDictionary.cpp, line 256]
Event: 9.696 Thread 0x000000002387cdf0 Exception <a 'java/lang/NoSuchMethodError'{0x00000000837ad038}: 'void java.lang.invoke.Invokers$Holder.invoke_MT(java.lang.Object, java.lang.Object, java.lang.Object, java.lang.Object)'> (0x00000000837ad038) 
thrown [s\src\hotspot\share\interpreter\linkResolver.cpp, line 771]
Event: 9.747 Thread 0x000000002387cdf0 Exception <a 'java/lang/ClassNotFoundException'{0x0000000085ffd880}: org/gradle/invocation/DefaultGradle_DecoratedBeanInfo> (0x0000000085ffd880) 
thrown [s\src\hotspot\share\classfile\systemDictionary.cpp, line 256]
Event: 9.751 Thread 0x000000002387cdf0 Exception <a 'java/lang/ClassNotFoundException'{0x000000008470e000}: org/gradle/invocation/DefaultGradleBeanInfo> (0x000000008470e000) 
thrown [s\src\hotspot\share\classfile\systemDictionary.cpp, line 256]
Event: 9.753 Thread 0x000000002387cdf0 Exception <a 'java/lang/ClassNotFoundException'{0x000000008471e640}: org/gradle/api/internal/project/AbstractPluginAwareBeanInfo> (0x000000008471e640) 
thrown [s\src\hotspot\share\classfile\systemDictionary.cpp, line 256]
Event: 9.754 Thread 0x000000002387cdf0 Exception <a 'java/lang/ClassNotFoundException'{0x000000008472ebe0}: org/gradle/api/internal/project/AbstractPluginAwareCustomizer> (0x000000008472ebe0) 
thrown [s\src\hotspot\share\classfile\systemDictionary.cpp, line 256]
Event: 9.756 Thread 0x000000002387cdf0 Exception <a 'java/lang/ClassNotFoundException'{0x0000000084744a28}: org/gradle/invocation/DefaultGradleCustomizer> (0x0000000084744a28) 
thrown [s\src\hotspot\share\classfile\systemDictionary.cpp, line 256]
Event: 9.763 Thread 0x000000002387cdf0 Exception <a 'java/lang/ClassNotFoundException'{0x0000000084785708}: org/gradle/invocation/DefaultGradle_DecoratedCustomizer> (0x0000000084785708) 
thrown [s\src\hotspot\share\classfile\systemDictionary.cpp, line 256]
Event: 9.949 Thread 0x000000002387cdf0 Exception <a 'java/lang/ClassNotFoundException'{0x00000000854fc7a0}: groovy/lang/Closure$1BeanInfo> (0x00000000854fc7a0) 
thrown [s\src\hotspot\share\classfile\systemDictionary.cpp, line 256]
Event: 9.952 Thread 0x000000002387cdf0 Exception <a 'java/lang/ClassNotFoundException'{0x0000000085320fe0}: groovy/lang/ClosureBeanInfo> (0x0000000085320fe0) 
thrown [s\src\hotspot\share\classfile\systemDictionary.cpp, line 256]
Event: 9.963 Thread 0x000000002387cdf0 Exception <a 'java/lang/ClassNotFoundException'{0x00000000853454c8}: groovy/lang/ClosureCustomizer> (0x00000000853454c8) 
thrown [s\src\hotspot\share\classfile\systemDictionary.cpp, line 256]
Event: 9.979 Thread 0x000000002387cdf0 Exception <a 'java/lang/ClassNotFoundException'{0x000000008538ceb8}: groovy/lang/Closure$1Customizer> (0x000000008538ceb8) 
thrown [s\src\hotspot\share\classfile\systemDictionary.cpp, line 256]

VM Operations (20 events):
Event: 9.057 Executing VM operation: HandshakeAllThreads
Event: 9.057 Executing VM operation: HandshakeAllThreads done
Event: 9.066 Executing VM operation: HandshakeAllThreads
Event: 9.066 Executing VM operation: HandshakeAllThreads done
Event: 9.264 Executing VM operation: HandshakeAllThreads
Event: 9.264 Executing VM operation: HandshakeAllThreads done
Event: 9.355 Executing VM operation: G1CollectForAllocation
Event: 9.365 Executing VM operation: G1CollectForAllocation done
Event: 9.702 Executing VM operation: G1CollectForAllocation
Event: 9.707 Executing VM operation: G1CollectForAllocation done
Event: 9.770 Executing VM operation: G1PauseRemark
Event: 9.773 Executing VM operation: G1PauseRemark done
Event: 9.798 Executing VM operation: G1PauseCleanup
Event: 9.798 Executing VM operation: G1PauseCleanup done
Event: 9.804 Executing VM operation: G1TryInitiateConcMark
Event: 9.810 Executing VM operation: G1TryInitiateConcMark done
Event: 9.871 Executing VM operation: G1PauseRemark
Event: 9.874 Executing VM operation: G1PauseRemark done
Event: 9.898 Executing VM operation: G1PauseCleanup
Event: 9.899 Executing VM operation: G1PauseCleanup done

Events (20 events):
Event: 9.267 loading class java/util/function/BooleanSupplier
Event: 9.267 loading class java/util/function/BooleanSupplier done
Event: 9.268 loading class jdk/internal/jimage/ImageReader$Resource
Event: 9.268 loading class jdk/internal/jimage/ImageReader$Resource done
Event: 9.552 loading class java/util/WeakHashMap$KeyIterator
Event: 9.553 loading class java/util/WeakHashMap$HashIterator
Event: 9.553 loading class java/util/WeakHashMap$HashIterator done
Event: 9.553 loading class java/util/WeakHashMap$KeyIterator done
Event: 9.802 loading class jdk/internal/reflect/UnsafeObjectFieldAccessorImpl
Event: 9.802 loading class jdk/internal/reflect/UnsafeObjectFieldAccessorImpl done
Event: 9.877 loading class sun/reflect/MagicAccessorImpl
Event: 9.877 loading class sun/reflect/MagicAccessorImpl done
Event: 9.980 loading class com/sun/beans/finder/MethodFinder
Event: 9.980 loading class com/sun/beans/finder/AbstractFinder
Event: 9.981 loading class com/sun/beans/finder/AbstractFinder done
Event: 9.981 loading class com/sun/beans/finder/MethodFinder done
Event: 9.981 loading class com/sun/beans/finder/MethodFinder$1
Event: 9.982 loading class com/sun/beans/finder/MethodFinder$1 done
Event: 9.982 loading class com/sun/beans/finder/FinderUtils
Event: 9.982 loading class com/sun/beans/finder/FinderUtils done


Dynamic libraries:
0x00007ff7faf80000 - 0x00007ff7faf8a000 	C:\Program Files\Android\Android Studio\jbr\bin\java.exe
0x00007ff9bd300000 - 0x00007ff9bd509000 	C:\windows\SYSTEM32\ntdll.dll
0x00007ff9bb990000 - 0x00007ff9bba4e000 	C:\windows\System32\KERNEL32.DLL
0x00007ff9baa90000 - 0x00007ff9bae13000 	C:\windows\System32\KERNELBASE.dll
0x00007ff9ba8c0000 - 0x00007ff9ba9d1000 	C:\windows\System32\ucrtbase.dll
0x00007ff9a44f0000 - 0x00007ff9a4507000 	C:\Program Files\Android\Android Studio\jbr\bin\jli.dll
0x00007ff99a840000 - 0x00007ff99a85b000 	C:\Program Files\Android\Android Studio\jbr\bin\VCRUNTIME140.dll
0x00007ff9bb170000 - 0x00007ff9bb31d000 	C:\windows\System32\USER32.dll
0x00007ff9a6440000 - 0x00007ff9a66e5000 	C:\windows\WinSxS\amd64_microsoft.windows.common-controls_6595b64144ccf1df_6.0.22000.120_none_9d947278b86cc467\COMCTL32.dll
0x00007ff9ba9e0000 - 0x00007ff9baa06000 	C:\windows\System32\win32u.dll
0x00007ff9bbf00000 - 0x00007ff9bbf29000 	C:\windows\System32\GDI32.dll
0x00007ff9bb050000 - 0x00007ff9bb16a000 	C:\windows\System32\gdi32full.dll
0x00007ff9ba7b0000 - 0x00007ff9ba84d000 	C:\windows\System32\msvcp_win.dll
0x00007ff9bb530000 - 0x00007ff9bb5d3000 	C:\windows\System32\msvcrt.dll
0x00007ff9bb330000 - 0x00007ff9bb361000 	C:\windows\System32\IMM32.DLL
0x00007ff9a0120000 - 0x00007ff9a012c000 	C:\Program Files\Android\Android Studio\jbr\bin\vcruntime140_1.dll
0x00007ff97e9d0000 - 0x00007ff97ea5d000 	C:\Program Files\Android\Android Studio\jbr\bin\msvcp140.dll
0x00007ff9815b0000 - 0x00007ff982233000 	C:\Program Files\Android\Android Studio\jbr\bin\server\jvm.dll
0x00007ff9bb8e0000 - 0x00007ff9bb98e000 	C:\windows\System32\ADVAPI32.dll
0x00007ff9bb5e0000 - 0x00007ff9bb67e000 	C:\windows\System32\sechost.dll
0x00007ff9bb370000 - 0x00007ff9bb491000 	C:\windows\System32\RPCRT4.dll
0x00007ff9b5390000 - 0x00007ff9b5399000 	C:\windows\SYSTEM32\WSOCK32.dll
0x00007ff9ba260000 - 0x00007ff9ba2ad000 	C:\windows\SYSTEM32\POWRPROF.dll
0x00007ff9b04c0000 - 0x00007ff9b04f3000 	C:\windows\SYSTEM32\WINMM.dll
0x00007ff9b2790000 - 0x00007ff9b279a000 	C:\windows\SYSTEM32\VERSION.dll
0x00007ff9bbf30000 - 0x00007ff9bbf9f000 	C:\windows\System32\WS2_32.dll
0x00007ff9ba120000 - 0x00007ff9ba133000 	C:\windows\SYSTEM32\UMPDC.dll
0x00007ff9b9870000 - 0x00007ff9b9888000 	C:\windows\SYSTEM32\kernel.appcore.dll
0x00007ff9b6e00000 - 0x00007ff9b6e0a000 	C:\Program Files\Android\Android Studio\jbr\bin\jimage.dll
0x00007ff9b7a50000 - 0x00007ff9b7c71000 	C:\windows\SYSTEM32\DBGHELP.DLL
0x00007ff9b3010000 - 0x00007ff9b3041000 	C:\windows\SYSTEM32\dbgcore.DLL
0x00007ff9baa10000 - 0x00007ff9baa8f000 	C:\windows\System32\bcryptPrimitives.dll
0x00007ff9a5f00000 - 0x00007ff9a5f0e000 	C:\Program Files\Android\Android Studio\jbr\bin\instrument.dll
0x00007ff9aba30000 - 0x00007ff9aba55000 	C:\Program Files\Android\Android Studio\jbr\bin\java.dll
0x00007ff9b5400000 - 0x00007ff9b5418000 	C:\Program Files\Android\Android Studio\jbr\bin\zip.dll
0x00007ff9bc000000 - 0x00007ff9bc7c5000 	C:\windows\System32\SHELL32.dll
0x00007ff9b8850000 - 0x00007ff9b90b4000 	C:\windows\SYSTEM32\windows.storage.dll
0x00007ff9bcf00000 - 0x00007ff9bd276000 	C:\windows\System32\combase.dll
0x00007ff9b86e0000 - 0x00007ff9b8847000 	C:\windows\SYSTEM32\wintypes.dll
0x00007ff9bb710000 - 0x00007ff9bb7fa000 	C:\windows\System32\SHCORE.dll
0x00007ff9bbfa0000 - 0x00007ff9bbffd000 	C:\windows\System32\shlwapi.dll
0x00007ff9ba6e0000 - 0x00007ff9ba701000 	C:\windows\SYSTEM32\profapi.dll
0x00007ff9b53a0000 - 0x00007ff9b53b9000 	C:\Program Files\Android\Android Studio\jbr\bin\net.dll
0x00007ff9b09c0000 - 0x00007ff9b0ad2000 	C:\windows\SYSTEM32\WINHTTP.dll
0x00007ff9b9d20000 - 0x00007ff9b9d87000 	C:\windows\system32\mswsock.dll
0x00007ff9a6c60000 - 0x00007ff9a6c76000 	C:\Program Files\Android\Android Studio\jbr\bin\nio.dll
0x00007ff9a5f10000 - 0x00007ff9a5f20000 	C:\Program Files\Android\Android Studio\jbr\bin\verify.dll
0x00007ff9a0130000 - 0x00007ff9a0157000 	C:\Users\roder\.gradle\native\c067742578af261105cb4f569cf0c3c89f3d7b1fecec35dd04571415982c5e48\windows-amd64\native-platform.dll
0x00007ff97e4b0000 - 0x00007ff97e5f4000 	C:\Users\roder\.gradle\native\38dada09dfb8b06ba9b0570ebf7e218e3eb74d4ef43ca46872605cf95ebc2f47\windows-amd64\native-platform-file-events.dll
0x00007ff9a6c50000 - 0x00007ff9a6c59000 	C:\Program Files\Android\Android Studio\jbr\bin\management.dll
0x00007ff9a5f20000 - 0x00007ff9a5f2b000 	C:\Program Files\Android\Android Studio\jbr\bin\management_ext.dll
0x00007ff9bb320000 - 0x00007ff9bb328000 	C:\windows\System32\PSAPI.DLL
0x00007ff9b9f90000 - 0x00007ff9b9fa8000 	C:\windows\SYSTEM32\CRYPTSP.dll
0x00007ff9b97d0000 - 0x00007ff9b9805000 	C:\windows\system32\rsaenh.dll
0x00007ff9b9e40000 - 0x00007ff9b9e69000 	C:\windows\SYSTEM32\USERENV.dll
0x00007ff9ba140000 - 0x00007ff9ba167000 	C:\windows\SYSTEM32\bcrypt.dll
0x00007ff9b9fb0000 - 0x00007ff9b9fbc000 	C:\windows\SYSTEM32\CRYPTBASE.dll
0x00007ff9b93c0000 - 0x00007ff9b93ed000 	C:\windows\SYSTEM32\IPHLPAPI.DLL
0x00007ff9bb520000 - 0x00007ff9bb529000 	C:\windows\System32\NSI.dll
0x00007ff9b0d50000 - 0x00007ff9b0d69000 	C:\windows\SYSTEM32\dhcpcsvc6.DLL
0x00007ff9b18b0000 - 0x00007ff9b18ce000 	C:\windows\SYSTEM32\dhcpcsvc.DLL
0x00007ff9b93f0000 - 0x00007ff9b94d8000 	C:\windows\SYSTEM32\DNSAPI.dll
0x00007ff9aba20000 - 0x00007ff9aba28000 	C:\windows\system32\wshunix.dll

dbghelp: loaded successfully - version: 4.0.5 - missing functions: none
symbol engine: initialized successfully - sym options: 0x614 - pdb path: .;C:\Program Files\Android\Android Studio\jbr\bin;C:\windows\SYSTEM32;C:\windows\WinSxS\amd64_microsoft.windows.common-controls_6595b64144ccf1df_6.0.22000.120_none_9d947278b86cc467;C:\Program Files\Android\Android Studio\jbr\bin\server;C:\Users\roder\.gradle\native\c067742578af261105cb4f569cf0c3c89f3d7b1fecec35dd04571415982c5e48\windows-amd64;C:\Users\roder\.gradle\native\38dada09dfb8b06ba9b0570ebf7e218e3eb74d4ef43ca46872605cf95ebc2f47\windows-amd64

VM Arguments:
jvm_args: --add-opens=java.base/java.util=ALL-UNNAMED --add-opens=java.base/java.lang=ALL-UNNAMED --add-opens=java.base/java.lang.invoke=ALL-UNNAMED --add-opens=java.prefs/java.util.prefs=ALL-UNNAMED --add-opens=java.base/java.nio.charset=ALL-UNNAMED --add-opens=java.base/java.net=ALL-UNNAMED --add-opens=java.base/java.util.concurrent.atomic=ALL-UNNAMED -Xmx2048m -Dfile.encoding=UTF-8 -Duser.country=PA -Duser.language=es -Duser.variant -javaagent:C:\Users\roder\.gradle\wrapper\dists\gradle-8.4-bin\1w5dpkrfk8irigvoxmyhowfim\gradle-8.4\lib\agents\gradle-instrumentation-agent-8.4.jar 
java_command: org.gradle.launcher.daemon.bootstrap.GradleDaemon 8.4
java_class_path (initial): C:\Users\roder\.gradle\wrapper\dists\gradle-8.4-bin\1w5dpkrfk8irigvoxmyhowfim\gradle-8.4\lib\gradle-launcher-8.4.jar
Launcher Type: SUN_STANDARD

[Global flags]
     intx CICompilerCount                          = 3                                         {product} {ergonomic}
     uint ConcGCThreads                            = 1                                         {product} {ergonomic}
     uint G1ConcRefinementThreads                  = 4                                         {product} {ergonomic}
   size_t G1HeapRegionSize                         = 1048576                                   {product} {ergonomic}
    uintx GCDrainStackTargetSize                   = 64                                        {product} {ergonomic}
   size_t InitialHeapSize                          = 100663296                                 {product} {ergonomic}
   size_t MarkStackSize                            = 4194304                                   {product} {ergonomic}
   size_t MaxHeapSize                              = 2147483648                                {product} {command line}
   size_t MaxNewSize                               = 1287651328                                {product} {ergonomic}
   size_t MinHeapDeltaBytes                        = 1048576                                   {product} {ergonomic}
   size_t MinHeapSize                              = 8388608                                   {product} {ergonomic}
    uintx NonNMethodCodeHeapSize                   = 5832780                                {pd product} {ergonomic}
    uintx NonProfiledCodeHeapSize                  = 122912730                              {pd product} {ergonomic}
    uintx ProfiledCodeHeapSize                     = 122912730                              {pd product} {ergonomic}
    uintx ReservedCodeCacheSize                    = 251658240                              {pd product} {ergonomic}
     bool SegmentedCodeCache                       = true                                      {product} {ergonomic}
   size_t SoftMaxHeapSize                          = 2147483648                             {manageable} {ergonomic}
     bool UseCompressedClassPointers               = true                           {product lp64_product} {ergonomic}
     bool UseCompressedOops                        = true                           {product lp64_product} {ergonomic}
     bool UseG1GC                                  = true                                      {product} {ergonomic}
     bool UseLargePagesIndividualAllocation        = false                                  {pd product} {ergonomic}

Logging:
Log output configuration:
 #0: stdout all=warning uptime,level,tags
 #1: stderr all=off uptime,level,tags

Environment Variables:
PATH=C:\Program Files (x86)\Common Files\Intel\Shared Libraries\redist\intel64\compiler;C:\windows\system32;C:\windows;C:\windows\System32\Wbem;C:\windows\System32\WindowsPowerShell\v1.0\;C:\windows\System32\OpenSSH\;C:\Program Files\dotnet\;C:\Program Files\Cloudflare\Cloudflare WARP\;C:\ProgramData\chocolatey\bin;C:\Program Files\HP\HP One Agent;C:\Users\roder\AppData\Local\Microsoft\WindowsApps;
USERNAME=roder
OS=Windows_NT
PROCESSOR_IDENTIFIER=AMD64 Family 23 Model 24 Stepping 1, AuthenticAMD
TMP=C:\Users\roder\AppData\Local\Temp
TEMP=C:\Users\roder\AppData\Local\Temp



Periodic native trim disabled

JNI global refs:
JNI global refs: 25, weak refs: 0

JNI global refs memory usage: 843, weak refs: 841

OOME stack traces (most recent first):
Classloader memory used:
Loader org.gradle.internal.classloader.VisitableURLClassLoader                         : 2683K
Loader bootstrap                                                                       : 2322K
Loader org.gradle.initialization.MixInLegacyTypesClassLoader                           : 461K
Loader jdk.internal.loader.ClassLoaders$PlatformClassLoader                            : 68666B
Loader org.gradle.internal.classloader.VisitableURLClassLoader                         : 54414B
Loader jdk.internal.loader.ClassLoaders$AppClassLoader                                 : 28451B
Loader jdk.internal.reflect.DelegatingClassLoader                                      : 21966B
Loader org.gradle.groovy.scripts.internal.DefaultScriptCompilationHandler$ScriptClassLoader: 1611B
Loader org.codehaus.groovy.runtime.callsite.CallSiteClassLoader                        : 446B

Classes loaded by more than one classloader:
Class org.gradle.api.GradleException                                                  : loaded 3 times (x 80B)
Class org.gradle.util.GradleVersion                                                   : loaded 2 times (x 81B)
Class org.gradle.internal.classpath.ClassPath                                         : loaded 2 times (x 68B)
Class org.gradle.api.internal.classpath.DefaultModuleRegistry                         : loaded 2 times (x 84B)
Class org.gradle.internal.exceptions.NonGradleCauseExceptionsHolder                   : loaded 2 times (x 68B)
Class org.gradle.api.Action                                                           : loaded 2 times (x 68B)
Class org.gradle.api.internal.DefaultClassPathProvider                                : loaded 2 times (x 74B)
Class org.gradle.internal.installation.GradleInstallation$1                           : loaded 2 times (x 73B)
Class org.gradle.internal.exceptions.DefaultMultiCauseException                       : loaded 2 times (x 89B)
Class org.gradle.internal.time.MonotonicClock                                         : loaded 2 times (x 75B)
Class org.gradle.internal.classloader.FilteringClassLoader                            : loaded 2 times (x 103B)
Class org.gradle.internal.classpath.DefaultClassPath$ImmutableUniqueList$Builder      : loaded 2 times (x 73B)
Class org.gradle.internal.classloader.ClassLoaderVisitor                              : loaded 2 times (x 74B)
Class org.gradle.internal.time.DefaultCountdownTimer                                  : loaded 2 times (x 86B)
Class org.gradle.internal.service.DefaultServiceLocator                               : loaded 2 times (x 81B)
Class org.gradle.internal.service.UnknownServiceException                             : loaded 2 times (x 81B)
Class org.gradle.internal.classloader.DefaultClassLoaderFactory                       : loaded 2 times (x 80B)
Class org.gradle.internal.classloader.VisitableURLClassLoader$Spec                    : loaded 2 times (x 72B)
Class org.gradle.tooling.model.ProjectModel                                           : loaded 2 times (x 68B)
Class org.gradle.internal.installation.GradleInstallation                             : loaded 2 times (x 73B)
Class org.gradle.api.internal.classpath.ModuleRegistry                                : loaded 2 times (x 68B)
Class org.gradle.api.internal.ClassPathProvider                                       : loaded 2 times (x 68B)
Class org.gradle.internal.classloader.ClasspathUtil$1                                 : loaded 2 times (x 74B)
Class org.gradle.internal.classloader.ClassLoaderFactory                              : loaded 2 times (x 68B)
Class org.gradle.api.internal.classpath.ManifestUtil                                  : loaded 2 times (x 69B)
Class org.gradle.api.specs.Spec                                                       : loaded 2 times (x 68B)
Class org.gradle.internal.IoActions                                                   : loaded 2 times (x 69B)
Class org.gradle.api.internal.classpath.EffectiveClassPath                            : loaded 2 times (x 88B)
Class org.gradle.internal.installation.CurrentGradleInstallation                      : loaded 2 times (x 71B)
Class org.gradle.internal.agents.InstrumentingClassLoader                             : loaded 2 times (x 68B)
Class org.gradle.internal.installation.CurrentGradleInstallationLocator               : loaded 2 times (x 69B)
Class org.gradle.api.internal.classpath.Module                                        : loaded 2 times (x 68B)
Class org.gradle.internal.service.CachingServiceLocator                               : loaded 2 times (x 80B)
Class org.gradle.internal.time.Timer                                                  : loaded 2 times (x 68B)
Class org.gradle.internal.classpath.DefaultClassPath                                  : loaded 2 times (x 88B)
Class org.gradle.internal.time.Time                                                   : loaded 2 times (x 69B)
Class org.gradle.internal.time.TimeSource$1                                           : loaded 2 times (x 75B)
Class org.gradle.internal.classloader.SystemClassLoaderSpec                           : loaded 2 times (x 69B)
Class kotlin.Function                                                                 : loaded 2 times (x 68B)
Class org.gradle.api.UncheckedIOException                                             : loaded 2 times (x 80B)
Class org.gradle.internal.time.CountdownTimer                                         : loaded 2 times (x 68B)
Class org.gradle.internal.time.Clock                                                  : loaded 2 times (x 68B)
Class org.gradle.internal.classloader.ClasspathUtil                                   : loaded 2 times (x 69B)
Class org.gradle.api.internal.DefaultClassPathRegistry                                : loaded 2 times (x 74B)
Class org.gradle.api.internal.classpath.DefaultModuleRegistry$DefaultModule           : loaded 2 times (x 84B)
Class org.gradle.internal.time.TimeSource                                             : loaded 2 times (x 68B)
Class org.gradle.api.internal.classpath.UnknownModuleException                        : loaded 2 times (x 80B)
Class org.gradle.internal.service.ServiceLookupException                              : loaded 2 times (x 80B)
Class org.gradle.cache.GlobalCache                                                    : loaded 2 times (x 68B)
Class [Lorg.gradle.api.internal.ClassPathProvider;                                    : loaded 2 times (x 67B)
Class org.gradle.internal.operations.MultipleBuildOperationFailures                   : loaded 2 times (x 89B)
Class org.gradle.util.internal.GUtil                                                  : loaded 2 times (x 69B)
Class org.gradle.internal.classloader.ClassLoaderSpec                                 : loaded 2 times (x 69B)
Class org.gradle.internal.classloader.VisitableURLClassLoader                         : loaded 2 times (x 115B)
Class org.gradle.internal.Cast                                                        : loaded 2 times (x 69B)
Class org.gradle.api.internal.ClassPathRegistry                                       : loaded 2 times (x 68B)
Class org.gradle.internal.classloader.VisitableURLClassLoader$InstrumentingVisitableURLClassLoader: loaded 2 times (x 121B)
Class org.gradle.internal.classloader.ClassLoaderHierarchy                            : loaded 2 times (x 68B)
Class org.gradle.internal.exceptions.MultiCauseException                              : loaded 2 times (x 68B)
Class org.gradle.internal.InternalTransformer                                         : loaded 2 times (x 68B)
Class org.gradle.internal.service.ServiceLocator                                      : loaded 2 times (x 68B)
Class org.gradle.internal.classpath.DefaultClassPath$ImmutableUniqueList              : loaded 2 times (x 159B)
Class org.gradle.internal.time.DefaultTimer                                           : loaded 2 times (x 78B)
Class org.gradle.internal.classpath.TransformedClassPath                              : loaded 2 times (x 94B)


---------------  S Y S T E M  ---------------

OS:
 Windows 11 , 64 bit Build 22000 (10.0.22000.1761)
OS uptime: 0 days 6:04 hours
Hyper-V role detected

CPU: total 4 (initial active 4) (4 cores per cpu, 2 threads per core) family 23 model 24 stepping 1 microcode 0x0, cx8, cmov, fxsr, ht, mmx, 3dnowpref, sse, sse2, sse3, ssse3, sse4a, sse4.1, sse4.2, popcnt, lzcnt, tsc, tscinvbit, avx, avx2, aes, clmul, bmi1, bmi2, adx, sha, fma, vzeroupper, clflush, clflushopt, hv
Processor Information for all 4 processors :
  Max Mhz: 2600, Current Mhz: 2600, Mhz Limit: 2600

Memory: 4k page, system-wide physical 6086M (201M free)
TotalPageFile size 8134M (AvailPageFile size 5M)
current process WorkingSet (physical memory assigned to process): 224M, peak: 224M
current process commit charge ("private bytes"): 256M, peak: 258M

vm_info: OpenJDK 64-Bit Server VM (17.0.9+0--11185874) for windows-amd64 JRE (17.0.9+0--11185874), built on Dec  6 2023 18:57:44 by "androidbuild" with MS VC++ 16.10 / 16.11 (VS2019)

END.
