#
# There is insufficient memory for the Java Runtime Environment to continue.
# Native memory allocation (malloc) failed to allocate 1463104 bytes for Chunk::new
# Possible reasons:
#   The system is out of physical RAM or swap space
#   The process is running with CompressedOops enabled, and the Java Heap may be blocking the growth of the native heap
# Possible solutions:
#   Reduce memory load on the system
#   Increase physical memory or swap space
#   Check if swap backing store is full
#   Decrease Java heap size (-Xmx/-Xms)
#   Decrease number of Java threads
#   Decrease Java thread stack sizes (-Xss)
#   Set larger code cache with -XX:ReservedCodeCacheSize=
#   JVM is running with Unscaled Compressed Oops mode in which the Java heap is
#     placed in the first 4GB address space. The Java Heap base address is the
#     maximum limit for the native heap growth. Please use -XX:HeapBaseMinAddress
#     to set the Java Heap base and to place the Java Heap above 4GB virtual address.
# This output file may be truncated or incomplete.
#
#  Out of Memory Error (arena.cpp:191), pid=13948, tid=2408
#
# JRE version: OpenJDK Runtime Environment (17.0.9) (build 17.0.9+0--11185874)
# Java VM: OpenJDK 64-Bit Server VM (17.0.9+0--11185874, mixed mode, tiered, compressed oops, compressed class ptrs, g1 gc, windows-amd64)
# No core dump will be written. Minidumps are not enabled by default on client versions of Windows
#

---------------  S U M M A R Y ------------

Command Line: --add-opens=java.base/java.util=ALL-UNNAMED --add-opens=java.base/java.lang=ALL-UNNAMED --add-opens=java.base/java.lang.invoke=ALL-UNNAMED --add-opens=java.prefs/java.util.prefs=ALL-UNNAMED --add-opens=java.base/java.nio.charset=ALL-UNNAMED --add-opens=java.base/java.net=ALL-UNNAMED --add-opens=java.base/java.util.concurrent.atomic=ALL-UNNAMED -Xmx2048m -Dfile.encoding=UTF-8 -Duser.country=PA -Duser.language=es -Duser.variant -javaagent:C:\Users\roder\.gradle\wrapper\dists\gradle-8.4-bin\1w5dpkrfk8irigvoxmyhowfim\gradle-8.4\lib\agents\gradle-instrumentation-agent-8.4.jar org.gradle.launcher.daemon.bootstrap.GradleDaemon 8.4

Host: AMD Ryzen 3 3250U with Radeon Graphics         , 4 cores, 5G,  Windows 11 , 64 bit Build 22000 (10.0.22000.1761)
Time: Thu Jun 20 00:17:57 2024 Hora est. Pacífico, Sudamérica elapsed time: 18.710848 seconds (0d 0h 0m 18s)

---------------  T H R E A D  ---------------

Current thread (0x000000001cb646b0):  JavaThread "C2 CompilerThread0" daemon [_thread_in_native, id=2408, stack(0x0000000021400000,0x0000000021500000)]


Current CompileTask:
C2:  18710 6902       4       org.objectweb.asm.SymbolTable::addConstantMemberReference (147 bytes)

Stack: [0x0000000021400000,0x0000000021500000]
Native frames: (J=compiled Java code, j=interpreted, Vv=VM code, C=native code)
V  [jvm.dll+0x6886e9]
V  [jvm.dll+0x841e4a]
V  [jvm.dll+0x843a8e]
V  [jvm.dll+0x8440f3]
V  [jvm.dll+0x24c14f]
V  [jvm.dll+0xac44c]
V  [jvm.dll+0xaca9c]
V  [jvm.dll+0x36c1f7]
V  [jvm.dll+0x1be6a2]
V  [jvm.dll+0x21df09]
V  [jvm.dll+0x21d1d1]
V  [jvm.dll+0x1a674d]
V  [jvm.dll+0x22d088]
V  [jvm.dll+0x22b1c0]
V  [jvm.dll+0x7f62f7]
V  [jvm.dll+0x7f06aa]
V  [jvm.dll+0x687565]
C  [ucrtbase.dll+0x26c0c]
C  [KERNEL32.DLL+0x15590]
C  [ntdll.dll+0x485b]


---------------  P R O C E S S  ---------------

Threads class SMR info:
_java_thread_list=0x0000000027d3fcd0, length=44, elements={
0x0000000002acbdd0, 0x000000001c3ca020, 0x000000001c3cabe0, 0x000000001c3e3250,
0x000000001c3e5b30, 0x000000001c3e8410, 0x000000001cb63ab0, 0x000000001cb646b0,
0x000000001cb68570, 0x000000001cb69750, 0x000000001cc2d880, 0x000000001cdbc0c0,
0x0000000024e3e440, 0x0000000022eacc90, 0x0000000022f6d030, 0x0000000023220460,
0x00000000233d9030, 0x000000002401e1c0, 0x0000000023d3e6b0, 0x0000000023d59aa0,
0x0000000023d59080, 0x0000000023d59fb0, 0x0000000023d57730, 0x0000000023d59590,
0x0000000023d5a4c0, 0x0000000023d56d10, 0x0000000023d57c40, 0x0000000023d58150,
0x0000000023d58660, 0x0000000023d58b70, 0x000000001cf37040, 0x000000001cf3c650,
0x000000001cf3a7f0, 0x000000001cf3d070, 0x000000001cf3c140, 0x000000001cf3d580,
0x000000001cf37a60, 0x000000001cf3b210, 0x000000001cf393b0, 0x000000001cf36b30,
0x000000001cf39dd0, 0x000000001cf3a2e0, 0x000000001cf37550, 0x0000000022643930
}

Java Threads: ( => current thread )
  0x0000000002acbdd0 JavaThread "main" [_thread_blocked, id=6320, stack(0x0000000002190000,0x0000000002290000)]
  0x000000001c3ca020 JavaThread "Reference Handler" daemon [_thread_blocked, id=3168, stack(0x000000001c810000,0x000000001c910000)]
  0x000000001c3cabe0 JavaThread "Finalizer" daemon [_thread_blocked, id=508, stack(0x000000001c910000,0x000000001ca10000)]
  0x000000001c3e3250 JavaThread "Signal Dispatcher" daemon [_thread_blocked, id=11768, stack(0x0000000021000000,0x0000000021100000)]
  0x000000001c3e5b30 JavaThread "Attach Listener" daemon [_thread_blocked, id=11508, stack(0x0000000021100000,0x0000000021200000)]
  0x000000001c3e8410 JavaThread "Service Thread" daemon [_thread_blocked, id=11404, stack(0x0000000021200000,0x0000000021300000)]
  0x000000001cb63ab0 JavaThread "Monitor Deflation Thread" daemon [_thread_blocked, id=2552, stack(0x0000000021300000,0x0000000021400000)]
=>0x000000001cb646b0 JavaThread "C2 CompilerThread0" daemon [_thread_in_native, id=2408, stack(0x0000000021400000,0x0000000021500000)]
  0x000000001cb68570 JavaThread "C1 CompilerThread0" daemon [_thread_blocked, id=11428, stack(0x0000000021500000,0x0000000021600000)]
  0x000000001cb69750 JavaThread "Sweeper thread" daemon [_thread_blocked, id=7416, stack(0x0000000021600000,0x0000000021700000)]
  0x000000001cc2d880 JavaThread "Common-Cleaner" daemon [_thread_blocked, id=13080, stack(0x0000000021700000,0x0000000021800000)]
  0x000000001cdbc0c0 JavaThread "Notification Thread" daemon [_thread_blocked, id=11824, stack(0x0000000021800000,0x0000000021900000)]
  0x0000000024e3e440 JavaThread "Daemon health stats" [_thread_blocked, id=7832, stack(0x00000000245a0000,0x00000000246a0000)]
  0x0000000022eacc90 JavaThread "Incoming local TCP Connector on port 1295" [_thread_in_native, id=5680, stack(0x00000000246a0000,0x00000000247a0000)]
  0x0000000022f6d030 JavaThread "Daemon periodic checks" [_thread_blocked, id=13200, stack(0x0000000025c60000,0x0000000025d60000)]
  0x0000000023220460 JavaThread "Daemon" [_thread_blocked, id=11384, stack(0x0000000025d60000,0x0000000025e60000)]
  0x00000000233d9030 JavaThread "Handler for socket connection from /127.0.0.1:1295 to /127.0.0.1:1296" [_thread_in_native, id=11584, stack(0x0000000025e60000,0x0000000025f60000)]
  0x000000002401e1c0 JavaThread "Cancel handler" [_thread_blocked, id=15068, stack(0x0000000025f60000,0x0000000026060000)]
  0x0000000023d3e6b0 JavaThread "Daemon worker" [_thread_in_native, id=4216, stack(0x0000000026060000,0x0000000026160000)]
  0x0000000023d59aa0 JavaThread "Asynchronous log dispatcher for DefaultDaemonConnection: socket connection from /127.0.0.1:1295 to /127.0.0.1:1296" [_thread_blocked, id=4700, stack(0x0000000026160000,0x0000000026260000)]
  0x0000000023d59080 JavaThread "Stdin handler" [_thread_blocked, id=13688, stack(0x0000000026260000,0x0000000026360000)]
  0x0000000023d59fb0 JavaThread "Daemon client event forwarder" [_thread_blocked, id=2252, stack(0x0000000026360000,0x0000000026460000)]
  0x0000000023d57730 JavaThread "Cache worker for journal cache (C:\Users\roder\.gradle\caches\journal-1)" [_thread_blocked, id=4296, stack(0x0000000022200000,0x0000000022300000)]
  0x0000000023d59590 JavaThread "File lock request listener" [_thread_in_native, id=12320, stack(0x0000000026460000,0x0000000026560000)]
  0x0000000023d5a4c0 JavaThread "Cache worker for file hash cache (C:\Users\roder\.gradle\caches\8.4\fileHashes)" [_thread_blocked, id=14068, stack(0x0000000026560000,0x0000000026660000)]
  0x0000000023d56d10 JavaThread "File watcher server" daemon [_thread_in_native, id=11684, stack(0x0000000026660000,0x0000000026760000)]
  0x0000000023d57c40 JavaThread "File watcher consumer" daemon [_thread_blocked, id=3860, stack(0x0000000026760000,0x0000000026860000)]
  0x0000000023d58150 JavaThread "jar transforms" [_thread_blocked, id=12964, stack(0x0000000026860000,0x0000000026960000)]
  0x0000000023d58660 JavaThread "jar transforms Thread 2" [_thread_blocked, id=12232, stack(0x0000000026b10000,0x0000000026c10000)]
  0x0000000023d58b70 JavaThread "jar transforms Thread 3" [_thread_blocked, id=13672, stack(0x0000000026c10000,0x0000000026d10000)]
  0x000000001cf37040 JavaThread "jar transforms Thread 4" [_thread_blocked, id=5808, stack(0x0000000027d80000,0x0000000027e80000)]
  0x000000001cf3c650 JavaThread "Cache worker for checksums cache (C:\Users\roder\AudioRemoto\.gradle\8.4\checksums)" [_thread_blocked, id=1388, stack(0x00000000281c0000,0x00000000282c0000)]
  0x000000001cf3a7f0 JavaThread "Cache worker for file hash cache (C:\Users\roder\AudioRemoto\.gradle\8.4\fileHashes)" [_thread_blocked, id=13412, stack(0x00000000282c0000,0x00000000283c0000)]
  0x000000001cf3d070 JavaThread "Cache worker for cache directory md-supplier (C:\Users\roder\.gradle\caches\8.4\md-supplier)" [_thread_blocked, id=5664, stack(0x0000000028050000,0x0000000028150000)]
  0x000000001cf3c140 JavaThread "Cache worker for file content cache (C:\Users\roder\.gradle\caches\8.4\fileContent)" [_thread_blocked, id=3592, stack(0x00000000285d0000,0x00000000286d0000)]
  0x000000001cf3d580 JavaThread "Cache worker for cache directory md-rule (C:\Users\roder\.gradle\caches\8.4\md-rule)" [_thread_blocked, id=11668, stack(0x0000000027e80000,0x0000000027f80000)]
  0x000000001cf37a60 JavaThread "Cache worker for execution history cache (C:\Users\roder\.gradle\caches\8.4\executionHistory)" [_thread_blocked, id=14360, stack(0x00000000283c0000,0x00000000284c0000)]
  0x000000001cf3b210 JavaThread "Cache worker for kotlin-dsl (C:\Users\roder\.gradle\caches\8.4\kotlin-dsl)" [_thread_blocked, id=11160, stack(0x0000000028920000,0x0000000028a20000)]
  0x000000001cf393b0 JavaThread "Cache worker for dependencies-accessors (C:\Users\roder\AudioRemoto\.gradle\8.4\dependencies-accessors)" [_thread_blocked, id=10068, stack(0x00000000286d0000,0x00000000287d0000)]
  0x000000001cf36b30 JavaThread "Cache worker for Build Output Cleanup Cache (C:\Users\roder\AudioRemoto\.gradle\buildOutputCleanup)" [_thread_blocked, id=12972, stack(0x00000000287d0000,0x00000000288d0000)]
  0x000000001cf39dd0 JavaThread "Unconstrained build operations" [_thread_blocked, id=6672, stack(0x0000000029c30000,0x0000000029d30000)]
  0x000000001cf3a2e0 JavaThread "Unconstrained build operations Thread 2" [_thread_blocked, id=10964, stack(0x0000000029d30000,0x0000000029e30000)]
  0x000000001cf37550 JavaThread "Unconstrained build operations Thread 3" [_thread_blocked, id=10408, stack(0x000000002a0d0000,0x000000002a1d0000)]
  0x0000000022643930 JavaThread "C2 CompilerThread1" daemon [_thread_blocked, id=10940, stack(0x00000000299f0000,0x0000000029af0000)]

Other Threads:
  0x000000001c3a5fb0 VMThread "VM Thread" [stack: 0x000000001c710000,0x000000001c810000] [id=8472]
  0x000000001cdbc5a0 WatcherThread [stack: 0x0000000021900000,0x0000000021a00000] [id=13268]
  0x0000000002b25ca0 GCTaskThread "GC Thread#0" [stack: 0x00000000028c0000,0x00000000029c0000] [id=9876]
  0x0000000021a02090 GCTaskThread "GC Thread#1" [stack: 0x0000000022300000,0x0000000022400000] [id=2052]
  0x0000000021c7bce0 GCTaskThread "GC Thread#2" [stack: 0x0000000022400000,0x0000000022500000] [id=2020]
  0x0000000021ad3330 GCTaskThread "GC Thread#3" [stack: 0x00000000234d0000,0x00000000235d0000] [id=14364]
  0x0000000002b374f0 ConcurrentGCThread "G1 Main Marker" [stack: 0x0000000019bb0000,0x0000000019cb0000] [id=10640]
  0x0000000002b37f10 ConcurrentGCThread "G1 Conc#0" [stack: 0x0000000019cb0000,0x0000000019db0000] [id=12556]
  0x0000000002b89970 ConcurrentGCThread "G1 Refine#0" [stack: 0x000000001c3f0000,0x000000001c4f0000] [id=12312]
  0x000000001c200480 ConcurrentGCThread "G1 Service" [stack: 0x000000001c4f0000,0x000000001c5f0000] [id=12536]

Threads with active compile tasks:
C2 CompilerThread0    18748 6902       4       org.objectweb.asm.SymbolTable::addConstantMemberReference (147 bytes)

VM state: not at safepoint (normal execution)

VM Mutex/Monitor currently owned by a thread: None

Heap address: 0x0000000080000000, size: 2048 MB, Compressed Oops mode: 32-bit

CDS archive(s) not mapped
Compressed class space mapped at: 0x0000000100000000-0x0000000140000000, reserved size: 1073741824
Narrow klass base: 0x0000000000000000, Narrow klass shift: 3, Narrow klass range: 0x140000000

GC Precious Log:
 CPUs: 4 total, 4 available
 Memory: 6086M
 Large Page Support: Disabled
 NUMA Support: Disabled
 Compressed Oops: Enabled (32-bit)
 Heap Region Size: 1M
 Heap Min Capacity: 8M
 Heap Initial Capacity: 96M
 Heap Max Capacity: 2G
 Pre-touch: Disabled
 Parallel Workers: 4
 Concurrent Workers: 1
 Concurrent Refinement Workers: 4
 Periodic GC: Disabled

Heap:
 garbage-first heap   total 130048K, used 76485K [0x0000000080000000, 0x0000000100000000)
  region size 1024K, 2 young (2048K), 1 survivors (1024K)
 Metaspace       used 68416K, committed 69056K, reserved 1114112K
  class space    used 9253K, committed 9536K, reserved 1048576K

Heap Regions: E=young(eden), S=young(survivor), O=old, HS=humongous(starts), HC=humongous(continues), CS=collection set, F=free, OA=open archive, CA=closed archive, TAMS=top-at-mark-start (previous, next)
|   0|0x0000000080000000, 0x0000000080100000, 0x0000000080100000|100%| O|  |TAMS 0x0000000080100000, 0x0000000080000000| Untracked 
|   1|0x0000000080100000, 0x0000000080200000, 0x0000000080200000|100%| O|  |TAMS 0x0000000080200000, 0x0000000080100000| Untracked 
|   2|0x0000000080200000, 0x0000000080300000, 0x0000000080300000|100%|HS|  |TAMS 0x0000000080300000, 0x0000000080200000| Complete 
|   3|0x0000000080300000, 0x0000000080400000, 0x0000000080400000|100%|HC|  |TAMS 0x0000000080400000, 0x0000000080300000| Complete 
|   4|0x0000000080400000, 0x0000000080500000, 0x0000000080500000|100%|HC|  |TAMS 0x0000000080500000, 0x0000000080400000| Complete 
|   5|0x0000000080500000, 0x0000000080600000, 0x0000000080600000|100%|HC|  |TAMS 0x0000000080600000, 0x0000000080500000| Complete 
|   6|0x0000000080600000, 0x0000000080700000, 0x0000000080700000|100%| O|  |TAMS 0x0000000080700000, 0x0000000080600000| Untracked 
|   7|0x0000000080700000, 0x0000000080800000, 0x0000000080800000|100%| O|  |TAMS 0x0000000080800000, 0x0000000080700000| Untracked 
|   8|0x0000000080800000, 0x0000000080900000, 0x0000000080900000|100%| O|  |TAMS 0x0000000080900000, 0x0000000080800000| Untracked 
|   9|0x0000000080900000, 0x0000000080a00000, 0x0000000080a00000|100%| O|  |TAMS 0x0000000080a00000, 0x0000000080900000| Untracked 
|  10|0x0000000080a00000, 0x0000000080b00000, 0x0000000080b00000|100%| O|  |TAMS 0x0000000080b00000, 0x0000000080a00000| Untracked 
|  11|0x0000000080b00000, 0x0000000080b00000, 0x0000000080c00000|  0%| F|  |TAMS 0x0000000080b00000, 0x0000000080b00000| Untracked 
|  12|0x0000000080c00000, 0x0000000080d00000, 0x0000000080d00000|100%| O|  |TAMS 0x0000000080d00000, 0x0000000080c00000| Untracked 
|  13|0x0000000080d00000, 0x0000000080e00000, 0x0000000080e00000|100%| O|  |TAMS 0x0000000080e00000, 0x0000000080d00000| Untracked 
|  14|0x0000000080e00000, 0x0000000080f00000, 0x0000000080f00000|100%| O|  |TAMS 0x0000000080f00000, 0x0000000080e00000| Untracked 
|  15|0x0000000080f00000, 0x0000000081000000, 0x0000000081000000|100%| O|  |TAMS 0x0000000081000000, 0x0000000080f00000| Untracked 
|  16|0x0000000081000000, 0x0000000081100000, 0x0000000081100000|100%| O|  |TAMS 0x0000000081100000, 0x0000000081000000| Untracked 
|  17|0x0000000081100000, 0x0000000081200000, 0x0000000081200000|100%| O|  |TAMS 0x0000000081200000, 0x0000000081100000| Untracked 
|  18|0x0000000081200000, 0x0000000081300000, 0x0000000081300000|100%| O|  |TAMS 0x0000000081300000, 0x0000000081200000| Untracked 
|  19|0x0000000081300000, 0x0000000081400000, 0x0000000081400000|100%|HS|  |TAMS 0x0000000081400000, 0x0000000081300000| Complete 
|  20|0x0000000081400000, 0x0000000081500000, 0x0000000081500000|100%|HC|  |TAMS 0x0000000081500000, 0x0000000081400000| Complete 
|  21|0x0000000081500000, 0x0000000081600000, 0x0000000081600000|100%|HS|  |TAMS 0x0000000081600000, 0x0000000081500000| Complete 
|  22|0x0000000081600000, 0x0000000081700000, 0x0000000081700000|100%|HC|  |TAMS 0x0000000081700000, 0x0000000081600000| Complete 
|  23|0x0000000081700000, 0x0000000081800000, 0x0000000081800000|100%|HC|  |TAMS 0x0000000081800000, 0x0000000081700000| Complete 
|  24|0x0000000081800000, 0x0000000081900000, 0x0000000081900000|100%|HS|  |TAMS 0x0000000081900000, 0x0000000081800000| Complete 
|  25|0x0000000081900000, 0x0000000081a00000, 0x0000000081a00000|100%|HC|  |TAMS 0x0000000081a00000, 0x0000000081900000| Complete 
|  26|0x0000000081a00000, 0x0000000081b00000, 0x0000000081b00000|100%|HC|  |TAMS 0x0000000081b00000, 0x0000000081a00000| Complete 
|  27|0x0000000081b00000, 0x0000000081c00000, 0x0000000081c00000|100%|HS|  |TAMS 0x0000000081c00000, 0x0000000081b00000| Complete 
|  28|0x0000000081c00000, 0x0000000081d00000, 0x0000000081d00000|100%|HC|  |TAMS 0x0000000081d00000, 0x0000000081c00000| Complete 
|  29|0x0000000081d00000, 0x0000000081e00000, 0x0000000081e00000|100%|HC|  |TAMS 0x0000000081e00000, 0x0000000081d00000| Complete 
|  30|0x0000000081e00000, 0x0000000081f00000, 0x0000000081f00000|100%| O|  |TAMS 0x0000000081f00000, 0x0000000081e00000| Untracked 
|  31|0x0000000081f00000, 0x0000000082000000, 0x0000000082000000|100%| O|  |TAMS 0x0000000082000000, 0x0000000081f00000| Untracked 
|  32|0x0000000082000000, 0x0000000082100000, 0x0000000082100000|100%| O|  |TAMS 0x0000000082100000, 0x0000000082000000| Untracked 
|  33|0x0000000082100000, 0x0000000082200000, 0x0000000082200000|100%| O|  |TAMS 0x0000000082200000, 0x0000000082100000| Untracked 
|  34|0x0000000082200000, 0x0000000082300000, 0x0000000082300000|100%| O|  |TAMS 0x0000000082300000, 0x0000000082200000| Untracked 
|  35|0x0000000082300000, 0x0000000082400000, 0x0000000082400000|100%| O|  |TAMS 0x0000000082400000, 0x0000000082300000| Untracked 
|  36|0x0000000082400000, 0x0000000082500000, 0x0000000082500000|100%| O|  |TAMS 0x0000000082500000, 0x0000000082400000| Untracked 
|  37|0x0000000082500000, 0x0000000082600000, 0x0000000082600000|100%| O|  |TAMS 0x0000000082600000, 0x0000000082500000| Untracked 
|  38|0x0000000082600000, 0x0000000082700000, 0x0000000082700000|100%| O|  |TAMS 0x0000000082700000, 0x0000000082600000| Untracked 
|  39|0x0000000082700000, 0x0000000082800000, 0x0000000082800000|100%| O|  |TAMS 0x0000000082800000, 0x0000000082700000| Untracked 
|  40|0x0000000082800000, 0x0000000082900000, 0x0000000082900000|100%| O|  |TAMS 0x0000000082900000, 0x0000000082800000| Untracked 
|  41|0x0000000082900000, 0x0000000082a00000, 0x0000000082a00000|100%| O|  |TAMS 0x0000000082a00000, 0x0000000082900000| Untracked 
|  42|0x0000000082a00000, 0x0000000082b00000, 0x0000000082b00000|100%| O|  |TAMS 0x0000000082b00000, 0x0000000082a00000| Untracked 
|  43|0x0000000082b00000, 0x0000000082c00000, 0x0000000082c00000|100%| O|  |TAMS 0x0000000082c00000, 0x0000000082b00000| Untracked 
|  44|0x0000000082c00000, 0x0000000082d00000, 0x0000000082d00000|100%| O|  |TAMS 0x0000000082d00000, 0x0000000082c00000| Untracked 
|  45|0x0000000082d00000, 0x0000000082e00000, 0x0000000082e00000|100%|HS|  |TAMS 0x0000000082e00000, 0x0000000082d00000| Complete 
|  46|0x0000000082e00000, 0x0000000082f00000, 0x0000000082f00000|100%|HC|  |TAMS 0x0000000082f00000, 0x0000000082e00000| Complete 
|  47|0x0000000082f00000, 0x0000000083000000, 0x0000000083000000|100%|HC|  |TAMS 0x0000000083000000, 0x0000000082f00000| Complete 
|  48|0x0000000083000000, 0x0000000083100000, 0x0000000083100000|100%| O|  |TAMS 0x0000000083100000, 0x0000000083000000| Untracked 
|  49|0x0000000083100000, 0x0000000083200000, 0x0000000083200000|100%| O|  |TAMS 0x0000000083200000, 0x0000000083100000| Untracked 
|  50|0x0000000083200000, 0x0000000083300000, 0x0000000083300000|100%| O|  |TAMS 0x0000000083300000, 0x0000000083200000| Untracked 
|  51|0x0000000083300000, 0x0000000083400000, 0x0000000083400000|100%| O|  |TAMS 0x0000000083400000, 0x0000000083300000| Untracked 
|  52|0x0000000083400000, 0x0000000083500000, 0x0000000083500000|100%| O|  |TAMS 0x0000000083500000, 0x0000000083400000| Untracked 
|  53|0x0000000083500000, 0x0000000083600000, 0x0000000083600000|100%| O|  |TAMS 0x0000000083600000, 0x0000000083500000| Untracked 
|  54|0x0000000083600000, 0x0000000083700000, 0x0000000083700000|100%| O|  |TAMS 0x0000000083700000, 0x0000000083600000| Untracked 
|  55|0x0000000083700000, 0x0000000083800000, 0x0000000083800000|100%| O|  |TAMS 0x0000000083800000, 0x0000000083700000| Untracked 
|  56|0x0000000083800000, 0x0000000083900000, 0x0000000083900000|100%| O|  |TAMS 0x0000000083900000, 0x0000000083800000| Untracked 
|  57|0x0000000083900000, 0x0000000083a00000, 0x0000000083a00000|100%| O|  |TAMS 0x0000000083a00000, 0x0000000083900000| Untracked 
|  58|0x0000000083a00000, 0x0000000083b00000, 0x0000000083b00000|100%| O|  |TAMS 0x0000000083b00000, 0x0000000083a00000| Untracked 
|  59|0x0000000083b00000, 0x0000000083c00000, 0x0000000083c00000|100%| O|  |TAMS 0x0000000083c00000, 0x0000000083b00000| Untracked 
|  60|0x0000000083c00000, 0x0000000083d00000, 0x0000000083d00000|100%| O|  |TAMS 0x0000000083d00000, 0x0000000083c00000| Untracked 
|  61|0x0000000083d00000, 0x0000000083e00000, 0x0000000083e00000|100%| O|  |TAMS 0x0000000083e00000, 0x0000000083d00000| Untracked 
|  62|0x0000000083e00000, 0x0000000083f00000, 0x0000000083f00000|100%|HS|  |TAMS 0x0000000083f00000, 0x0000000083e00000| Complete 
|  63|0x0000000083f00000, 0x0000000084000000, 0x0000000084000000|100%|HS|  |TAMS 0x0000000084000000, 0x0000000083f00000| Complete 
|  64|0x0000000084000000, 0x0000000084100000, 0x0000000084100000|100%|HS|  |TAMS 0x0000000084100000, 0x0000000084000000| Complete 
|  65|0x0000000084100000, 0x0000000084200000, 0x0000000084200000|100%|HS|  |TAMS 0x0000000084200000, 0x0000000084100000| Complete 
|  66|0x0000000084200000, 0x0000000084300000, 0x0000000084300000|100%| O|  |TAMS 0x0000000084300000, 0x0000000084200000| Untracked 
|  67|0x0000000084300000, 0x0000000084400000, 0x0000000084400000|100%| O|  |TAMS 0x000000008437ce00, 0x0000000084300000| Untracked 
|  68|0x0000000084400000, 0x0000000084500000, 0x0000000084500000|100%|HS|  |TAMS 0x0000000084400000, 0x0000000084400000| Complete 
|  69|0x0000000084500000, 0x0000000084600000, 0x0000000084600000|100%| O|  |TAMS 0x0000000084500000, 0x0000000084500000| Untracked 
|  70|0x0000000084600000, 0x0000000084700000, 0x0000000084700000|100%| O|  |TAMS 0x0000000084600000, 0x0000000084600000| Untracked 
|  71|0x0000000084700000, 0x0000000084800000, 0x0000000084800000|100%| O|  |TAMS 0x0000000084700000, 0x0000000084700000| Untracked 
|  72|0x0000000084800000, 0x0000000084900000, 0x0000000084900000|100%| O|  |TAMS 0x0000000084800000, 0x0000000084800000| Untracked 
|  73|0x0000000084900000, 0x0000000084a00000, 0x0000000084a00000|100%| O|  |TAMS 0x0000000084900000, 0x0000000084900000| Untracked 
|  74|0x0000000084a00000, 0x0000000084b00000, 0x0000000084b00000|100%| O|  |TAMS 0x0000000084a00000, 0x0000000084a00000| Untracked 
|  75|0x0000000084b00000, 0x0000000084b8f600, 0x0000000084c00000| 56%| O|  |TAMS 0x0000000084b00000, 0x0000000084b00000| Untracked 
|  76|0x0000000084c00000, 0x0000000084c00000, 0x0000000084d00000|  0%| F|  |TAMS 0x0000000084c00000, 0x0000000084c00000| Untracked 
|  77|0x0000000084d00000, 0x0000000084d00000, 0x0000000084e00000|  0%| F|  |TAMS 0x0000000084d00000, 0x0000000084d00000| Untracked 
|  78|0x0000000084e00000, 0x0000000084e00000, 0x0000000084f00000|  0%| F|  |TAMS 0x0000000084e00000, 0x0000000084e00000| Untracked 
|  79|0x0000000084f00000, 0x0000000084f00000, 0x0000000085000000|  0%| F|  |TAMS 0x0000000084f00000, 0x0000000084f00000| Untracked 
|  80|0x0000000085000000, 0x0000000085000000, 0x0000000085100000|  0%| F|  |TAMS 0x0000000085000000, 0x0000000085000000| Untracked 
|  81|0x0000000085100000, 0x0000000085100000, 0x0000000085200000|  0%| F|  |TAMS 0x0000000085100000, 0x0000000085100000| Untracked 
|  82|0x0000000085200000, 0x0000000085200000, 0x0000000085300000|  0%| F|  |TAMS 0x0000000085200000, 0x0000000085200000| Untracked 
|  83|0x0000000085300000, 0x0000000085300000, 0x0000000085400000|  0%| F|  |TAMS 0x0000000085300000, 0x0000000085300000| Untracked 
|  84|0x0000000085400000, 0x0000000085400000, 0x0000000085500000|  0%| F|  |TAMS 0x0000000085400000, 0x0000000085400000| Untracked 
|  85|0x0000000085500000, 0x0000000085500000, 0x0000000085600000|  0%| F|  |TAMS 0x0000000085500000, 0x0000000085500000| Untracked 
|  86|0x0000000085600000, 0x0000000085600000, 0x0000000085700000|  0%| F|  |TAMS 0x0000000085600000, 0x0000000085600000| Untracked 
|  87|0x0000000085700000, 0x0000000085700000, 0x0000000085800000|  0%| F|  |TAMS 0x0000000085700000, 0x0000000085700000| Untracked 
|  88|0x0000000085800000, 0x0000000085800000, 0x0000000085900000|  0%| F|  |TAMS 0x0000000085800000, 0x0000000085800000| Untracked 
|  89|0x0000000085900000, 0x0000000085900000, 0x0000000085a00000|  0%| F|  |TAMS 0x0000000085900000, 0x0000000085900000| Untracked 
|  90|0x0000000085a00000, 0x0000000085a00000, 0x0000000085b00000|  0%| F|  |TAMS 0x0000000085a00000, 0x0000000085a00000| Untracked 
|  91|0x0000000085b00000, 0x0000000085b00000, 0x0000000085c00000|  0%| F|  |TAMS 0x0000000085b00000, 0x0000000085b00000| Untracked 
|  92|0x0000000085c00000, 0x0000000085c00000, 0x0000000085d00000|  0%| F|  |TAMS 0x0000000085c00000, 0x0000000085c00000| Untracked 
|  93|0x0000000085d00000, 0x0000000085d00000, 0x0000000085e00000|  0%| F|  |TAMS 0x0000000085d00000, 0x0000000085d00000| Untracked 
|  94|0x0000000085e00000, 0x0000000085e00000, 0x0000000085f00000|  0%| F|  |TAMS 0x0000000085e00000, 0x0000000085e00000| Untracked 
|  95|0x0000000085f00000, 0x0000000085f00000, 0x0000000086000000|  0%| F|  |TAMS 0x0000000085f00000, 0x0000000085f00000| Untracked 
|  96|0x0000000086000000, 0x0000000086000000, 0x0000000086100000|  0%| F|  |TAMS 0x0000000086000000, 0x0000000086000000| Untracked 
|  97|0x0000000086100000, 0x0000000086100000, 0x0000000086200000|  0%| F|  |TAMS 0x0000000086100000, 0x0000000086100000| Untracked 
|  98|0x0000000086200000, 0x0000000086200000, 0x0000000086300000|  0%| F|  |TAMS 0x0000000086200000, 0x0000000086200000| Untracked 
|  99|0x0000000086300000, 0x0000000086300000, 0x0000000086400000|  0%| F|  |TAMS 0x0000000086300000, 0x0000000086300000| Untracked 
| 100|0x0000000086400000, 0x0000000086400000, 0x0000000086500000|  0%| F|  |TAMS 0x0000000086400000, 0x0000000086400000| Untracked 
| 101|0x0000000086500000, 0x0000000086500000, 0x0000000086600000|  0%| F|  |TAMS 0x0000000086500000, 0x0000000086500000| Untracked 
| 102|0x0000000086600000, 0x0000000086600000, 0x0000000086700000|  0%| F|  |TAMS 0x0000000086600000, 0x0000000086600000| Untracked 
| 103|0x0000000086700000, 0x0000000086700000, 0x0000000086800000|  0%| F|  |TAMS 0x0000000086700000, 0x0000000086700000| Untracked 
| 104|0x0000000086800000, 0x0000000086800000, 0x0000000086900000|  0%| F|  |TAMS 0x0000000086800000, 0x0000000086800000| Untracked 
| 105|0x0000000086900000, 0x0000000086900000, 0x0000000086a00000|  0%| F|  |TAMS 0x0000000086900000, 0x0000000086900000| Untracked 
| 106|0x0000000086a00000, 0x0000000086a00000, 0x0000000086b00000|  0%| F|  |TAMS 0x0000000086a00000, 0x0000000086a00000| Untracked 
| 107|0x0000000086b00000, 0x0000000086b00000, 0x0000000086c00000|  0%| F|  |TAMS 0x0000000086b00000, 0x0000000086b00000| Untracked 
| 108|0x0000000086c00000, 0x0000000086c00000, 0x0000000086d00000|  0%| F|  |TAMS 0x0000000086c00000, 0x0000000086c00000| Untracked 
| 109|0x0000000086d00000, 0x0000000086d00000, 0x0000000086e00000|  0%| F|  |TAMS 0x0000000086d00000, 0x0000000086d00000| Untracked 
| 110|0x0000000086e00000, 0x0000000086e00000, 0x0000000086f00000|  0%| F|  |TAMS 0x0000000086e00000, 0x0000000086e00000| Untracked 
| 111|0x0000000086f00000, 0x0000000086f00000, 0x0000000087000000|  0%| F|  |TAMS 0x0000000086f00000, 0x0000000086f00000| Untracked 
| 112|0x0000000087000000, 0x0000000087000000, 0x0000000087100000|  0%| F|  |TAMS 0x0000000087000000, 0x0000000087000000| Untracked 
| 113|0x0000000087100000, 0x0000000087100000, 0x0000000087200000|  0%| F|  |TAMS 0x0000000087100000, 0x0000000087100000| Untracked 
| 114|0x0000000087200000, 0x0000000087200000, 0x0000000087300000|  0%| F|  |TAMS 0x0000000087200000, 0x0000000087200000| Untracked 
| 115|0x0000000087300000, 0x0000000087300000, 0x0000000087400000|  0%| F|  |TAMS 0x0000000087300000, 0x0000000087300000| Untracked 
| 116|0x0000000087400000, 0x0000000087400000, 0x0000000087500000|  0%| F|  |TAMS 0x0000000087400000, 0x0000000087400000| Untracked 
| 117|0x0000000087500000, 0x0000000087500000, 0x0000000087600000|  0%| F|  |TAMS 0x0000000087500000, 0x0000000087500000| Untracked 
| 118|0x0000000087600000, 0x0000000087600000, 0x0000000087700000|  0%| F|  |TAMS 0x0000000087600000, 0x0000000087600000| Untracked 
| 119|0x0000000087700000, 0x0000000087700000, 0x0000000087800000|  0%| F|  |TAMS 0x0000000087700000, 0x0000000087700000| Untracked 
| 120|0x0000000087800000, 0x0000000087800000, 0x0000000087900000|  0%| F|  |TAMS 0x0000000087800000, 0x0000000087800000| Untracked 
| 121|0x0000000087900000, 0x0000000087922060, 0x0000000087a00000| 13%| S|CS|TAMS 0x0000000087900000, 0x0000000087900000| Complete 
| 122|0x0000000087a00000, 0x0000000087a00000, 0x0000000087b00000|  0%| F|  |TAMS 0x0000000087a00000, 0x0000000087a00000| Untracked 
| 123|0x0000000087b00000, 0x0000000087b00000, 0x0000000087c00000|  0%| F|  |TAMS 0x0000000087b00000, 0x0000000087b00000| Untracked 
| 124|0x0000000087c00000, 0x0000000087c00000, 0x0000000087d00000|  0%| F|  |TAMS 0x0000000087c00000, 0x0000000087c00000| Untracked 
| 125|0x0000000087d00000, 0x0000000087d6a920, 0x0000000087e00000| 41%| E|  |TAMS 0x0000000087d00000, 0x0000000087d00000| Complete 
| 126|0x0000000087e00000, 0x0000000087f00000, 0x0000000087f00000|100%| E|CS|TAMS 0x0000000087e00000, 0x0000000087e00000| Complete 

Card table byte_map: [0x00000000153b0000,0x00000000157b0000] _byte_map_base: 0x0000000014fb0000

Marking Bits (Prev, Next): (CMBitMap*) 0x0000000002b262c0, (CMBitMap*) 0x0000000002b26300
 Prev Bits: [0x0000000015bb0000, 0x0000000017bb0000)
 Next Bits: [0x0000000017bb0000, 0x0000000019bb0000)

Polling page: 0x0000000000570000

Metaspace:

Usage:
  Non-class:     57.79 MB used.
      Class:      9.04 MB used.
       Both:     66.83 MB used.

Virtual space:
  Non-class space:       64.00 MB reserved,      58.12 MB ( 91%) committed,  1 nodes.
      Class space:        1.00 GB reserved,       9.31 MB ( <1%) committed,  1 nodes.
             Both:        1.06 GB reserved,      67.44 MB (  6%) committed. 

Chunk freelists:
   Non-Class:  5.81 MB
       Class:  6.56 MB
        Both:  12.38 MB

MaxMetaspaceSize: unlimited
CompressedClassSpaceSize: 1.00 GB
Initial GC threshold: 21.00 MB
Current GC threshold: 109.19 MB
CDS: off
MetaspaceReclaimPolicy: balanced
 - commit_granule_bytes: 65536.
 - commit_granule_words: 8192.
 - virtual_space_node_default_size: 8388608.
 - enlarge_chunks_in_place: 1.
 - new_chunks_are_fully_committed: 0.
 - uncommit_free_chunks: 1.
 - use_allocation_guard: 0.
 - handle_deallocations: 1.


Internal statistics:

num_allocs_failed_limit: 3.
num_arena_births: 804.
num_arena_deaths: 0.
num_vsnodes_births: 2.
num_vsnodes_deaths: 0.
num_space_committed: 1079.
num_space_uncommitted: 0.
num_chunks_returned_to_freelist: 3.
num_chunks_taken_from_freelist: 3137.
num_chunk_merges: 3.
num_chunk_splits: 2059.
num_chunks_enlarged: 1369.
num_inconsistent_stats: 0.

CodeHeap 'non-profiled nmethods': size=120000Kb used=3355Kb max_used=3355Kb free=116644Kb
 bounds [0x000000000da80000, 0x000000000ddd0000, 0x0000000014fb0000]
CodeHeap 'profiled nmethods': size=120000Kb used=11892Kb max_used=11892Kb free=108107Kb
 bounds [0x0000000005fb0000, 0x0000000006b50000, 0x000000000d4e0000]
CodeHeap 'non-nmethods': size=5760Kb used=2363Kb max_used=2433Kb free=3397Kb
 bounds [0x000000000d4e0000, 0x000000000d760000, 0x000000000da80000]
 total_blobs=7029 nmethods=6142 adapters=799
 compilation: enabled
              stopped_count=0, restarted_count=0
 full_count=0

Compilation events (20 events):
Event: 18.336 Thread 0x000000001cb68570 6913       1       com.google.common.collect.RegularImmutableList::internalArrayStart (2 bytes)
Event: 18.336 Thread 0x000000001cb68570 nmethod 6913 0x000000000dc1ad90 code [0x000000000dc1af20, 0x000000000dc1aff8]
Event: 18.383 Thread 0x000000001cb68570 6916       1       com.android.build.gradle.options.Stage::getStatus (5 bytes)
Event: 18.383 Thread 0x000000001cb68570 nmethod 6916 0x000000000dc1aa90 code [0x000000000dc1ac20, 0x000000000dc1acf8]
Event: 18.390 Thread 0x000000001cb68570 6917       3       com.google.common.collect.CollectPreconditions::checkEntryNotNull (68 bytes)
Event: 18.391 Thread 0x000000001cb68570 nmethod 6917 0x0000000006b40510 code [0x0000000006b40760, 0x0000000006b40c68]
Event: 18.391 Thread 0x000000001cb68570 6918       1       com.google.common.collect.ImmutableEntry::getKey (5 bytes)
Event: 18.391 Thread 0x000000001cb68570 nmethod 6918 0x000000000dc1a790 code [0x000000000dc1a920, 0x000000000dc1a9f8]
Event: 18.391 Thread 0x000000001cb68570 6919       1       com.google.common.collect.ImmutableEntry::getValue (5 bytes)
Event: 18.391 Thread 0x000000001cb68570 nmethod 6919 0x000000000dc1a490 code [0x000000000dc1a620, 0x000000000dc1a6f8]
Event: 18.392 Thread 0x000000001cb68570 6920       1       com.google.common.collect.ImmutableMapEntry::isReusable (2 bytes)
Event: 18.392 Thread 0x000000001cb68570 nmethod 6920 0x000000000dc1a190 code [0x000000000dc1a320, 0x000000000dc1a3f8]
Event: 18.405 Thread 0x000000001cb68570 6921       3       com.google.common.collect.ImmutableMapEntry::<init> (12 bytes)
Event: 18.405 Thread 0x000000001cb68570 nmethod 6921 0x0000000006b40f10 code [0x0000000006b410c0, 0x0000000006b413c8]
Event: 18.405 Thread 0x000000001cb68570 6922       3       com.google.common.collect.ImmutableEntry::<init> (15 bytes)
Event: 18.405 Thread 0x000000001cb68570 nmethod 6922 0x0000000006b41510 code [0x0000000006b416c0, 0x0000000006b41938]
Event: 18.430 Thread 0x000000001cb68570 6923       3       com.google.common.collect.Hashing::smear (19 bytes)
Event: 18.430 Thread 0x000000001cb68570 nmethod 6923 0x0000000006b41a10 code [0x0000000006b41ba0, 0x0000000006b41d18]
Event: 18.439 Thread 0x000000001cb68570 6924       1       org.gradle.internal.dispatch.ProxyDispatchAdapter::getSource (5 bytes)
Event: 18.439 Thread 0x000000001cb68570 nmethod 6924 0x000000000dc19e90 code [0x000000000dc1a020, 0x000000000dc1a0f8]

GC Heap History (20 events):
Event: 11.229 GC heap before
{Heap before GC invocations=21 (full 0):
 garbage-first heap   total 99328K, used 72064K [0x0000000080000000, 0x0000000100000000)
  region size 1024K, 19 young (19456K), 2 survivors (2048K)
 Metaspace       used 51711K, committed 52288K, reserved 1114112K
  class space    used 6809K, committed 7040K, reserved 1048576K
}
Event: 11.233 GC heap after
{Heap after GC invocations=22 (full 0):
 garbage-first heap   total 99328K, used 53914K [0x0000000080000000, 0x0000000100000000)
  region size 1024K, 2 young (2048K), 2 survivors (2048K)
 Metaspace       used 51711K, committed 52288K, reserved 1114112K
  class space    used 6809K, committed 7040K, reserved 1048576K
}
Event: 11.832 GC heap before
{Heap before GC invocations=22 (full 0):
 garbage-first heap   total 99328K, used 77466K [0x0000000080000000, 0x0000000100000000)
  region size 1024K, 25 young (25600K), 2 survivors (2048K)
 Metaspace       used 53173K, committed 53760K, reserved 1114112K
  class space    used 7088K, committed 7360K, reserved 1048576K
}
Event: 11.836 GC heap after
{Heap after GC invocations=23 (full 0):
 garbage-first heap   total 99328K, used 54937K [0x0000000080000000, 0x0000000100000000)
  region size 1024K, 3 young (3072K), 3 survivors (3072K)
 Metaspace       used 53173K, committed 53760K, reserved 1114112K
  class space    used 7088K, committed 7360K, reserved 1048576K
}
Event: 12.769 GC heap before
{Heap before GC invocations=24 (full 0):
 garbage-first heap   total 99328K, used 78489K [0x0000000080000000, 0x0000000100000000)
  region size 1024K, 26 young (26624K), 3 survivors (3072K)
 Metaspace       used 56424K, committed 57024K, reserved 1114112K
  class space    used 7606K, committed 7872K, reserved 1048576K
}
Event: 12.776 GC heap after
{Heap after GC invocations=25 (full 0):
 garbage-first heap   total 99328K, used 56356K [0x0000000080000000, 0x0000000100000000)
  region size 1024K, 3 young (3072K), 3 survivors (3072K)
 Metaspace       used 56424K, committed 57024K, reserved 1114112K
  class space    used 7606K, committed 7872K, reserved 1048576K
}
Event: 13.658 GC heap before
{Heap before GC invocations=25 (full 0):
 garbage-first heap   total 99328K, used 78884K [0x0000000080000000, 0x0000000100000000)
  region size 1024K, 26 young (26624K), 3 survivors (3072K)
 Metaspace       used 58696K, committed 59328K, reserved 1114112K
  class space    used 8004K, committed 8256K, reserved 1048576K
}
Event: 13.666 GC heap after
{Heap after GC invocations=26 (full 0):
 garbage-first heap   total 99328K, used 57655K [0x0000000080000000, 0x0000000100000000)
  region size 1024K, 3 young (3072K), 3 survivors (3072K)
 Metaspace       used 58696K, committed 59328K, reserved 1114112K
  class space    used 8004K, committed 8256K, reserved 1048576K
}
Event: 14.732 GC heap before
{Heap before GC invocations=27 (full 0):
 garbage-first heap   total 99328K, used 81207K [0x0000000080000000, 0x0000000100000000)
  region size 1024K, 26 young (26624K), 3 survivors (3072K)
 Metaspace       used 63297K, committed 63936K, reserved 1114112K
  class space    used 8585K, committed 8896K, reserved 1048576K
}
Event: 14.740 GC heap after
{Heap after GC invocations=28 (full 0):
 garbage-first heap   total 99328K, used 59911K [0x0000000080000000, 0x0000000100000000)
  region size 1024K, 4 young (4096K), 4 survivors (4096K)
 Metaspace       used 63297K, committed 63936K, reserved 1114112K
  class space    used 8585K, committed 8896K, reserved 1048576K
}
Event: 15.836 GC heap before
{Heap before GC invocations=28 (full 0):
 garbage-first heap   total 99328K, used 81415K [0x0000000080000000, 0x0000000100000000)
  region size 1024K, 25 young (25600K), 4 survivors (4096K)
 Metaspace       used 64902K, committed 65536K, reserved 1114112K
  class space    used 8790K, committed 9088K, reserved 1048576K
}
Event: 15.848 GC heap after
{Heap after GC invocations=29 (full 0):
 garbage-first heap   total 99328K, used 62600K [0x0000000080000000, 0x0000000100000000)
  region size 1024K, 3 young (3072K), 3 survivors (3072K)
 Metaspace       used 64902K, committed 65536K, reserved 1114112K
  class space    used 8790K, committed 9088K, reserved 1048576K
}
Event: 16.437 GC heap before
{Heap before GC invocations=30 (full 0):
 garbage-first heap   total 111616K, used 73864K [0x0000000080000000, 0x0000000100000000)
  region size 1024K, 16 young (16384K), 3 survivors (3072K)
 Metaspace       used 65187K, committed 65920K, reserved 1114112K
  class space    used 8810K, committed 9152K, reserved 1048576K
}
Event: 16.444 GC heap after
{Heap after GC invocations=31 (full 0):
 garbage-first heap   total 111616K, used 63855K [0x0000000080000000, 0x0000000100000000)
  region size 1024K, 2 young (2048K), 2 survivors (2048K)
 Metaspace       used 65187K, committed 65920K, reserved 1114112K
  class space    used 8810K, committed 9152K, reserved 1048576K
}
Event: 16.870 GC heap before
{Heap before GC invocations=32 (full 0):
 garbage-first heap   total 119808K, used 79215K [0x0000000080000000, 0x0000000100000000)
  region size 1024K, 15 young (15360K), 2 survivors (2048K)
 Metaspace       used 65756K, committed 66432K, reserved 1114112K
  class space    used 8911K, committed 9216K, reserved 1048576K
}
Event: 16.876 GC heap after
{Heap after GC invocations=33 (full 0):
 garbage-first heap   total 119808K, used 72751K [0x0000000080000000, 0x0000000100000000)
  region size 1024K, 4 young (4096K), 4 survivors (4096K)
 Metaspace       used 65756K, committed 66432K, reserved 1114112K
  class space    used 8911K, committed 9216K, reserved 1048576K
}
Event: 17.404 GC heap before
{Heap before GC invocations=34 (full 0):
 garbage-first heap   total 128000K, used 82991K [0x0000000080000000, 0x0000000100000000)
  region size 1024K, 15 young (15360K), 4 survivors (4096K)
 Metaspace       used 66358K, committed 67008K, reserved 1114112K
  class space    used 8969K, committed 9280K, reserved 1048576K
}
Event: 17.407 GC heap after
{Heap after GC invocations=35 (full 0):
 garbage-first heap   total 128000K, used 74754K [0x0000000080000000, 0x0000000100000000)
  region size 1024K, 2 young (2048K), 2 survivors (2048K)
 Metaspace       used 66358K, committed 67008K, reserved 1114112K
  class space    used 8969K, committed 9280K, reserved 1048576K
}
Event: 18.583 GC heap before
{Heap before GC invocations=36 (full 0):
 garbage-first heap   total 130048K, used 96258K [0x0000000080000000, 0x0000000100000000)
  region size 1024K, 22 young (22528K), 2 survivors (2048K)
 Metaspace       used 67967K, committed 68608K, reserved 1114112K
  class space    used 9192K, committed 9472K, reserved 1048576K
}
Event: 18.587 GC heap after
{Heap after GC invocations=37 (full 0):
 garbage-first heap   total 130048K, used 76467K [0x0000000080000000, 0x0000000100000000)
  region size 1024K, 1 young (1024K), 1 survivors (1024K)
 Metaspace       used 67967K, committed 68608K, reserved 1114112K
  class space    used 9192K, committed 9472K, reserved 1048576K
}

Dll operation events (3 events):
Event: 0.022 Loaded shared library C:\Program Files\Android\Android Studio\jbr\bin\java.dll
Event: 0.329 Loaded shared library C:\Program Files\Android\Android Studio\jbr\bin\zip.dll
Event: 0.828 Loaded shared library C:\Program Files\Android\Android Studio\jbr\bin\verify.dll

Deoptimization events (20 events):
Event: 16.768 Thread 0x0000000023d3e6b0 DEOPT PACKING pc=0x000000000dce1de0 sp=0x0000000026156730
Event: 16.768 Thread 0x0000000023d3e6b0 DEOPT UNPACKING pc=0x000000000d5369a3 sp=0x00000000261566a0 mode 2
Event: 16.846 Thread 0x0000000023d3e6b0 Uncommon trap: trap_request=0xffffffc6 fr.pc=0x000000000dbdd4e0 relative=0x0000000000000960
Event: 16.846 Thread 0x0000000023d3e6b0 Uncommon trap: reason=bimorphic_or_optimized_type_check action=maybe_recompile pc=0x000000000dbdd4e0 method=java.io.BufferedInputStream.read1([BII)I @ 39 c2
Event: 16.846 Thread 0x0000000023d3e6b0 DEOPT PACKING pc=0x000000000dbdd4e0 sp=0x0000000026156970
Event: 16.846 Thread 0x0000000023d3e6b0 DEOPT UNPACKING pc=0x000000000d5369a3 sp=0x0000000026156888 mode 2
Event: 16.846 Thread 0x0000000023d3e6b0 Uncommon trap: trap_request=0xffffffc6 fr.pc=0x000000000dbdd4e0 relative=0x0000000000000960
Event: 16.846 Thread 0x0000000023d3e6b0 Uncommon trap: reason=bimorphic_or_optimized_type_check action=maybe_recompile pc=0x000000000dbdd4e0 method=java.io.BufferedInputStream.read1([BII)I @ 39 c2
Event: 16.846 Thread 0x0000000023d3e6b0 DEOPT PACKING pc=0x000000000dbdd4e0 sp=0x0000000026156970
Event: 16.846 Thread 0x0000000023d3e6b0 DEOPT UNPACKING pc=0x000000000d5369a3 sp=0x0000000026156888 mode 2
Event: 16.846 Thread 0x0000000023d3e6b0 Uncommon trap: trap_request=0xffffffc6 fr.pc=0x000000000dbdd4e0 relative=0x0000000000000960
Event: 16.846 Thread 0x0000000023d3e6b0 Uncommon trap: reason=bimorphic_or_optimized_type_check action=maybe_recompile pc=0x000000000dbdd4e0 method=java.io.BufferedInputStream.read1([BII)I @ 39 c2
Event: 16.846 Thread 0x0000000023d3e6b0 DEOPT PACKING pc=0x000000000dbdd4e0 sp=0x0000000026156970
Event: 16.846 Thread 0x0000000023d3e6b0 DEOPT UNPACKING pc=0x000000000d5369a3 sp=0x0000000026156888 mode 2
Event: 16.849 Thread 0x0000000023d3e6b0 DEOPT PACKING pc=0x00000000060794c3 sp=0x0000000026156c90
Event: 16.849 Thread 0x0000000023d3e6b0 DEOPT UNPACKING pc=0x000000000d537143 sp=0x00000000261561b0 mode 0
Event: 17.067 Thread 0x0000000023d3e6b0 DEOPT PACKING pc=0x0000000005fc4ac2 sp=0x0000000026151800
Event: 17.067 Thread 0x0000000023d3e6b0 DEOPT UNPACKING pc=0x000000000d537143 sp=0x0000000026150d10 mode 0
Event: 18.116 Thread 0x0000000023d3e6b0 DEOPT PACKING pc=0x0000000005fc4ae3 sp=0x0000000026156090
Event: 18.116 Thread 0x0000000023d3e6b0 DEOPT UNPACKING pc=0x000000000d537143 sp=0x00000000261555a0 mode 0

Classes unloaded (0 events):
No events

Classes redefined (0 events):
No events

Internal exceptions (20 events):
Event: 12.964 Thread 0x0000000023d3e6b0 Exception <a 'java/lang/ClassNotFoundException'{0x0000000085ab78a0}: org/gradle/api/internal/project/DefaultProject_DecoratedCustomizer> (0x0000000085ab78a0) 
thrown [s\src\hotspot\share\classfile\systemDictionary.cpp, line 256]
Event: 13.385 Thread 0x0000000023d3e6b0 Exception <a 'java/lang/NoSuchMethodError'{0x000000008504b820}: 'long java.lang.invoke.DirectMethodHandle$Holder.invokeStatic(java.lang.Object, long)'> (0x000000008504b820) 
thrown [s\src\hotspot\share\interpreter\linkResolver.cpp, line 771]
Event: 13.844 Thread 0x0000000023d3e6b0 Exception <a 'java/lang/NoSuchMethodError'{0x0000000085e27640}: 'java.lang.Object java.lang.invoke.DirectMethodHandle$Holder.newInvokeSpecial(java.lang.Object, java.lang.Object, java.lang.Object, java.lang.Object, int)'> (0x0000000085e27640) 
thrown [s\src\hotspot\share\interpreter\linkResolver.cpp, line 771]
Event: 13.846 Thread 0x0000000023d3e6b0 Exception <a 'java/lang/NoSuchMethodError'{0x0000000085e2c968}: 'java.lang.Object java.lang.invoke.DirectMethodHandle$Holder.invokeSpecial(java.lang.Object, java.lang.Object, java.lang.Object, java.lang.Object, java.lang.Object, int)'> (0x0000000085e2c968) 
thrown [s\src\hotspot\share\interpreter\linkResolver.cpp, line 771]
Event: 13.847 Thread 0x0000000023d3e6b0 Exception <a 'java/lang/NoSuchMethodError'{0x0000000085e31640}: 'java.lang.Object java.lang.invoke.Invokers$Holder.linkToTargetMethod(java.lang.Object, java.lang.Object, java.lang.Object, int, java.lang.Object)'> (0x0000000085e31640) 
thrown [s\src\hotspot\share\interpreter\linkResolver.cpp, line 771]
Event: 13.883 Thread 0x0000000023d3e6b0 Exception <a 'java/lang/NoSuchMethodError'{0x0000000085eb5980}: static Lorg/gradle/api/internal/catalog/DefaultVersionCatalog;.<clinit>()V> (0x0000000085eb5980) 
thrown [s\src\hotspot\share\prims\jni.cpp, line 1108]
Event: 13.899 Thread 0x0000000023d3e6b0 Exception <a 'java/lang/NoSuchMethodError'{0x0000000085d07500}: static [Ljava/lang/Object;.<clinit>()V> (0x0000000085d07500) 
thrown [s\src\hotspot\share\prims\jni.cpp, line 1108]
Event: 13.904 Thread 0x0000000023d3e6b0 Exception <a 'java/lang/NoSuchMethodError'{0x0000000085d3b628}: static Lorg/gradle/api/internal/catalog/DependencyModel;.<clinit>()V> (0x0000000085d3b628) 
thrown [s\src\hotspot\share\prims\jni.cpp, line 1108]
Event: 13.904 Thread 0x0000000023d3e6b0 Exception <a 'java/lang/NoSuchMethodError'{0x0000000085d3f020}: static Lorg/gradle/api/internal/catalog/AbstractContextAwareModel;.<clinit>()V> (0x0000000085d3f020) 
thrown [s\src\hotspot\share\prims\jni.cpp, line 1108]
Event: 13.907 Thread 0x0000000023d3e6b0 Exception <a 'java/lang/NoSuchMethodError'{0x0000000085d58970}: static Lorg/gradle/api/internal/artifacts/dependencies/AbstractVersionConstraint;.<clinit>()V> (0x0000000085d58970) 
thrown [s\src\hotspot\share\prims\jni.cpp, line 1108]
Event: 13.930 Thread 0x0000000023d3e6b0 Exception <a 'java/lang/NoSuchMethodError'{0x0000000085c0b748}: static Lorg/gradle/api/internal/catalog/PluginModel;.<clinit>()V> (0x0000000085c0b748) 
thrown [s\src\hotspot\share\prims\jni.cpp, line 1108]
Event: 13.940 Thread 0x0000000023d3e6b0 Exception <a 'java/lang/NoSuchMethodError'{0x0000000085c22ab8}: static Lorg/gradle/api/internal/catalog/VersionModel;.<clinit>()V> (0x0000000085c22ab8) 
thrown [s\src\hotspot\share\prims\jni.cpp, line 1108]
Event: 14.107 Thread 0x0000000023d3e6b0 Exception <a 'java/lang/NoSuchMethodError'{0x00000000859a4860}: 'int java.lang.invoke.DirectMethodHandle$Holder.invokeSpecialIFC(java.lang.Object, java.lang.Object, java.lang.Object)'> (0x00000000859a4860) 
thrown [s\src\hotspot\share\interpreter\linkResolver.cpp, line 771]
Event: 14.256 Thread 0x0000000023d3e6b0 Exception <a 'java/lang/NoSuchMethodError'{0x00000000855684b0}: 'java.lang.Object java.lang.invoke.DirectMethodHandle$Holder.newInvokeSpecial(java.lang.Object, java.lang.Object, java.lang.Object, java.lang.Object, java.lang.Object, int)'> (0x00000000855684b0) 
thrown [s\src\hotspot\share\interpreter\linkResolver.cpp, line 771]
Event: 14.261 Thread 0x0000000023d3e6b0 Exception <a 'java/lang/NoSuchMethodError'{0x000000008556dbb0}: 'java.lang.Object java.lang.invoke.DirectMethodHandle$Holder.invokeSpecial(java.lang.Object, java.lang.Object, java.lang.Object, java.lang.Object, java.lang.Object, java.lang.Object, int)'> (0x000000008556dbb0) 
thrown [s\src\hotspot\share\interpreter\linkResolver.cpp, line 771]
Event: 14.270 Thread 0x0000000023d3e6b0 Exception <a 'java/lang/NoSuchMethodError'{0x00000000855a43c0}: 'java.lang.Object java.lang.invoke.DirectMethodHandle$Holder.invokeSpecial(java.lang.Object, java.lang.Object, java.lang.Object, java.lang.Object, java.lang.Object, long)'> (0x00000000855a43c0) 
thrown [s\src\hotspot\share\interpreter\linkResolver.cpp, line 771]
Event: 14.274 Thread 0x0000000023d3e6b0 Exception <a 'java/lang/NoSuchMethodError'{0x00000000855c67f0}: 'void java.lang.invoke.DirectMethodHandle$Holder.invokeStatic(java.lang.Object, java.lang.Object, java.lang.Object, int, java.lang.Object)'> (0x00000000855c67f0) 
thrown [s\src\hotspot\share\interpreter\linkResolver.cpp, line 771]
Event: 14.295 Thread 0x0000000023d3e6b0 Implicit null exception at 0x000000000dabe972 to 0x000000000dabef44
Event: 14.367 Thread 0x0000000023d3e6b0 Exception <a 'sun/nio/fs/WindowsException'{0x00000000852f4268}> (0x00000000852f4268) 
thrown [s\src\hotspot\share\prims\jni.cpp, line 517]
Event: 15.044 Thread 0x0000000023d3e6b0 Exception <a 'java/net/UnknownHostException'{0x000000008571d948}> (0x000000008571d948) 
thrown [s\src\hotspot\share\prims\jni.cpp, line 517]

VM Operations (20 events):
Event: 16.553 Executing VM operation: G1PauseRemark
Event: 16.557 Executing VM operation: G1PauseRemark done
Event: 16.606 Executing VM operation: G1PauseCleanup
Event: 16.607 Executing VM operation: G1PauseCleanup done
Event: 16.869 Executing VM operation: G1TryInitiateConcMark
Event: 16.876 Executing VM operation: G1TryInitiateConcMark done
Event: 16.998 Executing VM operation: G1PauseRemark
Event: 17.004 Executing VM operation: G1PauseRemark done
Event: 17.050 Executing VM operation: G1PauseCleanup
Event: 17.050 Executing VM operation: G1PauseCleanup done
Event: 17.404 Executing VM operation: G1TryInitiateConcMark
Event: 17.407 Executing VM operation: G1TryInitiateConcMark done
Event: 17.499 Executing VM operation: G1PauseRemark
Event: 17.505 Executing VM operation: G1PauseRemark done
Event: 17.554 Executing VM operation: G1PauseCleanup
Event: 17.554 Executing VM operation: G1PauseCleanup done
Event: 18.564 Executing VM operation: Cleanup
Event: 18.564 Executing VM operation: Cleanup done
Event: 18.583 Executing VM operation: G1CollectForAllocation
Event: 18.587 Executing VM operation: G1CollectForAllocation done

Events (20 events):
Event: 15.045 loading class java/net/InetAddress$CachedAddresses
Event: 15.046 loading class java/net/InetAddress$CachedAddresses done
Event: 15.053 loading class java/util/LinkedList$LLSpliterator
Event: 15.054 loading class java/util/LinkedList$LLSpliterator done
Event: 15.551 loading class java/util/Collections$ReverseComparator
Event: 15.551 loading class java/util/Collections$ReverseComparator done
Event: 15.551 loading class java/util/Collections$ReverseComparator2
Event: 15.552 loading class java/util/Collections$ReverseComparator2 done
Event: 15.781 Thread 0x000000001cf39dd0 Thread added: 0x000000001cf39dd0
Event: 15.781 Thread 0x000000001cf3a2e0 Thread added: 0x000000001cf3a2e0
Event: 15.781 Thread 0x000000001cf37550 Thread added: 0x000000001cf37550
Event: 17.493 Thread 0x0000000024acbd60 Thread exited: 0x0000000024acbd60
Event: 18.095 loading class java/util/regex/Pattern$1
Event: 18.095 loading class java/util/regex/Pattern$1 done
Event: 18.634 loading class java/util/concurrent/atomic/AtomicIntegerArray
Event: 18.635 loading class java/util/concurrent/atomic/AtomicIntegerArray done
Event: 18.643 loading class java/util/Currency
Event: 18.644 loading class java/util/Currency done
Event: 18.682 loading class java/util/concurrent/atomic/AtomicLongArray
Event: 18.683 loading class java/util/concurrent/atomic/AtomicLongArray done


Dynamic libraries:
0x00007ff6a6460000 - 0x00007ff6a646a000 	C:\Program Files\Android\Android Studio\jbr\bin\java.exe
0x00007ff9bd300000 - 0x00007ff9bd509000 	C:\windows\SYSTEM32\ntdll.dll
0x00007ff9bb990000 - 0x00007ff9bba4e000 	C:\windows\System32\KERNEL32.DLL
0x00007ff9baa90000 - 0x00007ff9bae13000 	C:\windows\System32\KERNELBASE.dll
0x00007ff9ba8c0000 - 0x00007ff9ba9d1000 	C:\windows\System32\ucrtbase.dll
0x00007ff9a44f0000 - 0x00007ff9a4507000 	C:\Program Files\Android\Android Studio\jbr\bin\jli.dll
0x00007ff99a840000 - 0x00007ff99a85b000 	C:\Program Files\Android\Android Studio\jbr\bin\VCRUNTIME140.dll
0x00007ff9bb170000 - 0x00007ff9bb31d000 	C:\windows\System32\USER32.dll
0x00007ff9a6440000 - 0x00007ff9a66e5000 	C:\windows\WinSxS\amd64_microsoft.windows.common-controls_6595b64144ccf1df_6.0.22000.120_none_9d947278b86cc467\COMCTL32.dll
0x00007ff9ba9e0000 - 0x00007ff9baa06000 	C:\windows\System32\win32u.dll
0x00007ff9bbf00000 - 0x00007ff9bbf29000 	C:\windows\System32\GDI32.dll
0x00007ff9bb050000 - 0x00007ff9bb16a000 	C:\windows\System32\gdi32full.dll
0x00007ff9ba7b0000 - 0x00007ff9ba84d000 	C:\windows\System32\msvcp_win.dll
0x00007ff9bb530000 - 0x00007ff9bb5d3000 	C:\windows\System32\msvcrt.dll
0x00007ff9bb330000 - 0x00007ff9bb361000 	C:\windows\System32\IMM32.DLL
0x00007ff9a0160000 - 0x00007ff9a016c000 	C:\Program Files\Android\Android Studio\jbr\bin\vcruntime140_1.dll
0x00007ff9879e0000 - 0x00007ff987a6d000 	C:\Program Files\Android\Android Studio\jbr\bin\msvcp140.dll
0x00007ff9815b0000 - 0x00007ff982233000 	C:\Program Files\Android\Android Studio\jbr\bin\server\jvm.dll
0x00007ff9bb8e0000 - 0x00007ff9bb98e000 	C:\windows\System32\ADVAPI32.dll
0x00007ff9bb5e0000 - 0x00007ff9bb67e000 	C:\windows\System32\sechost.dll
0x00007ff9bb370000 - 0x00007ff9bb491000 	C:\windows\System32\RPCRT4.dll
0x00007ff9ba260000 - 0x00007ff9ba2ad000 	C:\windows\SYSTEM32\POWRPROF.dll
0x00007ff9b04c0000 - 0x00007ff9b04f3000 	C:\windows\SYSTEM32\WINMM.dll
0x00007ff9b5390000 - 0x00007ff9b5399000 	C:\windows\SYSTEM32\WSOCK32.dll
0x00007ff9bbf30000 - 0x00007ff9bbf9f000 	C:\windows\System32\WS2_32.dll
0x00007ff9b2790000 - 0x00007ff9b279a000 	C:\windows\SYSTEM32\VERSION.dll
0x00007ff9ba120000 - 0x00007ff9ba133000 	C:\windows\SYSTEM32\UMPDC.dll
0x00007ff9b9870000 - 0x00007ff9b9888000 	C:\windows\SYSTEM32\kernel.appcore.dll
0x00007ff9b6e00000 - 0x00007ff9b6e0a000 	C:\Program Files\Android\Android Studio\jbr\bin\jimage.dll
0x00007ff9b7a50000 - 0x00007ff9b7c71000 	C:\windows\SYSTEM32\DBGHELP.DLL
0x00007ff9b3010000 - 0x00007ff9b3041000 	C:\windows\SYSTEM32\dbgcore.DLL
0x00007ff9baa10000 - 0x00007ff9baa8f000 	C:\windows\System32\bcryptPrimitives.dll
0x00007ff9a5f00000 - 0x00007ff9a5f0e000 	C:\Program Files\Android\Android Studio\jbr\bin\instrument.dll
0x00007ff9aba30000 - 0x00007ff9aba55000 	C:\Program Files\Android\Android Studio\jbr\bin\java.dll
0x00007ff9b5400000 - 0x00007ff9b5418000 	C:\Program Files\Android\Android Studio\jbr\bin\zip.dll
0x00007ff9bc000000 - 0x00007ff9bc7c5000 	C:\windows\System32\SHELL32.dll
0x00007ff9b8850000 - 0x00007ff9b90b4000 	C:\windows\SYSTEM32\windows.storage.dll
0x00007ff9bcf00000 - 0x00007ff9bd276000 	C:\windows\System32\combase.dll
0x00007ff9b86e0000 - 0x00007ff9b8847000 	C:\windows\SYSTEM32\wintypes.dll
0x00007ff9bb710000 - 0x00007ff9bb7fa000 	C:\windows\System32\SHCORE.dll
0x00007ff9bbfa0000 - 0x00007ff9bbffd000 	C:\windows\System32\shlwapi.dll
0x00007ff9ba6e0000 - 0x00007ff9ba701000 	C:\windows\SYSTEM32\profapi.dll
0x00007ff9b53a0000 - 0x00007ff9b53b9000 	C:\Program Files\Android\Android Studio\jbr\bin\net.dll
0x00007ff9b09c0000 - 0x00007ff9b0ad2000 	C:\windows\SYSTEM32\WINHTTP.dll
0x00007ff9b9d20000 - 0x00007ff9b9d87000 	C:\windows\system32\mswsock.dll
0x00007ff9a6c60000 - 0x00007ff9a6c76000 	C:\Program Files\Android\Android Studio\jbr\bin\nio.dll
0x00007ff9a5f10000 - 0x00007ff9a5f20000 	C:\Program Files\Android\Android Studio\jbr\bin\verify.dll
0x00007ff9a0130000 - 0x00007ff9a0157000 	C:\Users\roder\.gradle\native\c067742578af261105cb4f569cf0c3c89f3d7b1fecec35dd04571415982c5e48\windows-amd64\native-platform.dll
0x00007ff987890000 - 0x00007ff9879d4000 	C:\Users\roder\.gradle\native\38dada09dfb8b06ba9b0570ebf7e218e3eb74d4ef43ca46872605cf95ebc2f47\windows-amd64\native-platform-file-events.dll
0x00007ff9a6c50000 - 0x00007ff9a6c59000 	C:\Program Files\Android\Android Studio\jbr\bin\management.dll
0x00007ff9a5f20000 - 0x00007ff9a5f2b000 	C:\Program Files\Android\Android Studio\jbr\bin\management_ext.dll
0x00007ff9bb320000 - 0x00007ff9bb328000 	C:\windows\System32\PSAPI.DLL
0x00007ff9b9f90000 - 0x00007ff9b9fa8000 	C:\windows\SYSTEM32\CRYPTSP.dll
0x00007ff9b97d0000 - 0x00007ff9b9805000 	C:\windows\system32\rsaenh.dll
0x00007ff9b9e40000 - 0x00007ff9b9e69000 	C:\windows\SYSTEM32\USERENV.dll
0x00007ff9ba140000 - 0x00007ff9ba167000 	C:\windows\SYSTEM32\bcrypt.dll
0x00007ff9b9fb0000 - 0x00007ff9b9fbc000 	C:\windows\SYSTEM32\CRYPTBASE.dll
0x00007ff9b93c0000 - 0x00007ff9b93ed000 	C:\windows\SYSTEM32\IPHLPAPI.DLL
0x00007ff9bb520000 - 0x00007ff9bb529000 	C:\windows\System32\NSI.dll
0x00007ff9b0d50000 - 0x00007ff9b0d69000 	C:\windows\SYSTEM32\dhcpcsvc6.DLL
0x00007ff9b18b0000 - 0x00007ff9b18ce000 	C:\windows\SYSTEM32\dhcpcsvc.DLL
0x00007ff9b93f0000 - 0x00007ff9b94d8000 	C:\windows\SYSTEM32\DNSAPI.dll
0x00007ff9aba20000 - 0x00007ff9aba28000 	C:\windows\system32\wshunix.dll
0x00007ff99f6f0000 - 0x00007ff99f6fa000 	C:\Windows\System32\rasadhlp.dll

dbghelp: loaded successfully - version: 4.0.5 - missing functions: none
symbol engine: initialized successfully - sym options: 0x614 - pdb path: .;C:\Program Files\Android\Android Studio\jbr\bin;C:\windows\SYSTEM32;C:\windows\WinSxS\amd64_microsoft.windows.common-controls_6595b64144ccf1df_6.0.22000.120_none_9d947278b86cc467;C:\Program Files\Android\Android Studio\jbr\bin\server;C:\Users\roder\.gradle\native\c067742578af261105cb4f569cf0c3c89f3d7b1fecec35dd04571415982c5e48\windows-amd64;C:\Users\roder\.gradle\native\38dada09dfb8b06ba9b0570ebf7e218e3eb74d4ef43ca46872605cf95ebc2f47\windows-amd64

VM Arguments:
jvm_args: --add-opens=java.base/java.util=ALL-UNNAMED --add-opens=java.base/java.lang=ALL-UNNAMED --add-opens=java.base/java.lang.invoke=ALL-UNNAMED --add-opens=java.prefs/java.util.prefs=ALL-UNNAMED --add-opens=java.base/java.nio.charset=ALL-UNNAMED --add-opens=java.base/java.net=ALL-UNNAMED --add-opens=java.base/java.util.concurrent.atomic=ALL-UNNAMED -Xmx2048m -Dfile.encoding=UTF-8 -Duser.country=PA -Duser.language=es -Duser.variant -javaagent:C:\Users\roder\.gradle\wrapper\dists\gradle-8.4-bin\1w5dpkrfk8irigvoxmyhowfim\gradle-8.4\lib\agents\gradle-instrumentation-agent-8.4.jar 
java_command: org.gradle.launcher.daemon.bootstrap.GradleDaemon 8.4
java_class_path (initial): C:\Users\roder\.gradle\wrapper\dists\gradle-8.4-bin\1w5dpkrfk8irigvoxmyhowfim\gradle-8.4\lib\gradle-launcher-8.4.jar
Launcher Type: SUN_STANDARD

[Global flags]
     intx CICompilerCount                          = 3                                         {product} {ergonomic}
     uint ConcGCThreads                            = 1                                         {product} {ergonomic}
     uint G1ConcRefinementThreads                  = 4                                         {product} {ergonomic}
   size_t G1HeapRegionSize                         = 1048576                                   {product} {ergonomic}
    uintx GCDrainStackTargetSize                   = 64                                        {product} {ergonomic}
   size_t InitialHeapSize                          = 100663296                                 {product} {ergonomic}
   size_t MarkStackSize                            = 4194304                                   {product} {ergonomic}
   size_t MaxHeapSize                              = 2147483648                                {product} {command line}
   size_t MaxNewSize                               = 1287651328                                {product} {ergonomic}
   size_t MinHeapDeltaBytes                        = 1048576                                   {product} {ergonomic}
   size_t MinHeapSize                              = 8388608                                   {product} {ergonomic}
    uintx NonNMethodCodeHeapSize                   = 5832780                                {pd product} {ergonomic}
    uintx NonProfiledCodeHeapSize                  = 122912730                              {pd product} {ergonomic}
    uintx ProfiledCodeHeapSize                     = 122912730                              {pd product} {ergonomic}
    uintx ReservedCodeCacheSize                    = 251658240                              {pd product} {ergonomic}
     bool SegmentedCodeCache                       = true                                      {product} {ergonomic}
   size_t SoftMaxHeapSize                          = 2147483648                             {manageable} {ergonomic}
     bool UseCompressedClassPointers               = true                           {product lp64_product} {ergonomic}
     bool UseCompressedOops                        = true                           {product lp64_product} {ergonomic}
     bool UseG1GC                                  = true                                      {product} {ergonomic}
     bool UseLargePagesIndividualAllocation        = false                                  {pd product} {ergonomic}

Logging:
Log output configuration:
 #0: stdout all=warning uptime,level,tags
 #1: stderr all=off uptime,level,tags

Environment Variables:
PATH=C:\Program Files (x86)\Common Files\Intel\Shared Libraries\redist\intel64\compiler;C:\windows\system32;C:\windows;C:\windows\System32\Wbem;C:\windows\System32\WindowsPowerShell\v1.0\;C:\windows\System32\OpenSSH\;C:\Program Files\dotnet\;C:\Program Files\Cloudflare\Cloudflare WARP\;C:\ProgramData\chocolatey\bin;C:\Program Files\HP\HP One Agent;C:\Users\roder\AppData\Local\Microsoft\WindowsApps;
USERNAME=roder
OS=Windows_NT
PROCESSOR_IDENTIFIER=AMD64 Family 23 Model 24 Stepping 1, AuthenticAMD
TMP=C:\Users\roder\AppData\Local\Temp
TEMP=C:\Users\roder\AppData\Local\Temp



Periodic native trim disabled

JNI global refs:
JNI global refs: 28, weak refs: 2

JNI global refs memory usage: 843, weak refs: 841

OOME stack traces (most recent first):
Classloader memory used:
Loader org.gradle.internal.classloader.VisitableURLClassLoader                         : 3810K
Loader bootstrap                                                                       : 2841K
Loader org.gradle.initialization.MixInLegacyTypesClassLoader                           : 1216K
Loader org.gradle.internal.classloader.VisitableURLClassLoader$InstrumentingVisitableURLClassLoader: 440K
Loader jdk.internal.loader.ClassLoaders$PlatformClassLoader                            : 86996B
Loader org.gradle.internal.classloader.VisitableURLClassLoader                         : 84485B
Loader jdk.internal.reflect.DelegatingClassLoader                                      : 38969B
Loader jdk.internal.loader.ClassLoaders$AppClassLoader                                 : 28453B
Loader org.gradle.groovy.scripts.internal.DefaultScriptCompilationHandler$ScriptClassLoader: 10770B
Loader org.codehaus.groovy.runtime.callsite.CallSiteClassLoader                        : 6362B

Classes loaded by more than one classloader:
Class Program                                                                         : loaded 4 times (x 72B)
Class org.gradle.internal.Cast                                                        : loaded 3 times (x 69B)
Class org.gradle.api.GradleException                                                  : loaded 3 times (x 80B)
Class org.jetbrains.plugins.gradle.model.MavenRepositoryModel                         : loaded 2 times (x 68B)
Class [Lcom.google.common.collect.AbstractMapEntry;                                   : loaded 2 times (x 67B)
Class com.google.common.collect.SingletonImmutableList                                : loaded 2 times (x 167B)
Class org.gradle.internal.classpath.ClassPath                                         : loaded 2 times (x 68B)
Class org.gradle.api.internal.classpath.DefaultModuleRegistry                         : loaded 2 times (x 84B)
Class org.gradle.internal.exceptions.NonGradleCauseExceptionsHolder                   : loaded 2 times (x 68B)
Class Settings_gradle$1$1                                                             : loaded 2 times (x 72B)
Class com.google.common.collect.ListMultimap                                          : loaded 2 times (x 68B)
Class com.google.common.base.CharMatcher$JavaDigit                                    : loaded 2 times (x 109B)
Class com.google.common.base.CharMatcher$Digit                                        : loaded 2 times (x 110B)
Class com.google.common.collect.AbstractMultimap                                      : loaded 2 times (x 121B)
Class com.intellij.openapi.externalSystem.model.ExternalSystemException               : loaded 2 times (x 84B)
Class org.gradle.api.Action                                                           : loaded 2 times (x 68B)
Class org.jetbrains.kotlin.idea.gradleTooling.model.samWithReceiver.SamWithReceiverModel: loaded 2 times (x 68B)
Class com.google.common.collect.ImmutableEntry                                        : loaded 2 times (x 80B)
Class com.google.common.collect.Lists$StringAsImmutableList                           : loaded 2 times (x 167B)
Class org.jetbrains.plugins.gradle.model.ExternalProject                              : loaded 2 times (x 68B)
Class org.jetbrains.plugins.gradle.model.IntelliJSettings                             : loaded 2 times (x 68B)
Class com.google.common.base.CharMatcher                                              : loaded 2 times (x 109B)
Class com.google.common.base.CharMatcher$IsNot                                        : loaded 2 times (x 109B)
Class com.google.common.base.Splitter                                                 : loaded 2 times (x 70B)
Class com.google.common.collect.Iterators$ArrayItr                                    : loaded 2 times (x 95B)
Class org.jetbrains.kotlin.idea.gradleTooling.KotlinMPPGradleModel                    : loaded 2 times (x 68B)
Class org.gradle.api.internal.DefaultClassPathProvider                                : loaded 2 times (x 74B)
Class org.gradle.internal.installation.GradleInstallation$1                           : loaded 2 times (x 73B)
Class com.google.common.base.CharMatcher$BitSetMatcher                                : loaded 2 times (x 110B)
Class com.google.common.collect.ImmutableMap$IteratorBasedImmutableMap                : loaded 2 times (x 123B)
Class org.gradle.internal.exceptions.DefaultMultiCauseException                       : loaded 2 times (x 89B)
Class com.google.common.collect.ImmutableMap                                          : loaded 2 times (x 118B)
Class com.google.common.base.Converter                                                : loaded 2 times (x 88B)
Class org.gradle.tooling.model.UnsupportedMethodException                             : loaded 2 times (x 80B)
Class com.google.common.collect.ImmutableSet$EmptySetBuilderImpl                      : loaded 2 times (x 74B)
Class org.gradle.internal.time.MonotonicClock                                         : loaded 2 times (x 75B)
Class com.google.common.base.Predicate                                                : loaded 2 times (x 68B)
Class org.gradle.internal.classloader.FilteringClassLoader                            : loaded 2 times (x 103B)
Class com.google.common.collect.RegularImmutableSet                                   : loaded 2 times (x 146B)
Class org.gradle.tooling.model.Model                                                  : loaded 2 times (x 68B)
Class org.gradle.internal.classpath.DefaultClassPath$ImmutableUniqueList$Builder      : loaded 2 times (x 73B)
Class com.google.common.collect.Maps$8                                                : loaded 2 times (x 80B)
Class com.google.common.base.PatternCompiler                                          : loaded 2 times (x 68B)
Class com.google.common.base.CharMatcher$InRange                                      : loaded 2 times (x 109B)
Class org.jetbrains.kotlin.idea.gradleTooling.KotlinSourceSetContainer                : loaded 2 times (x 68B)
Class com.google.common.collect.BiMap                                                 : loaded 2 times (x 68B)
Class com.google.common.collect.Lists                                                 : loaded 2 times (x 69B)
Class com.google.common.math.IntMath$1                                                : loaded 2 times (x 69B)
Class org.gradle.internal.classloader.ClassLoaderVisitor                              : loaded 2 times (x 74B)
Class com.google.common.math.MathPreconditions                                        : loaded 2 times (x 69B)
Class org.gradle.internal.time.DefaultCountdownTimer                                  : loaded 2 times (x 86B)
Class org.gradle.internal.service.DefaultServiceLocator                               : loaded 2 times (x 81B)
Class org.gradle.internal.service.UnknownServiceException                             : loaded 2 times (x 81B)
Class com.google.common.collect.ArrayListMultimap                                     : loaded 2 times (x 170B)
Class com.google.common.base.Strings                                                  : loaded 2 times (x 69B)
Class org.jetbrains.plugins.gradle.model.DependencyAccessorsModel                     : loaded 2 times (x 68B)
Class org.gradle.internal.classloader.DefaultClassLoaderFactory                       : loaded 2 times (x 80B)
Class com.google.common.collect.UnmodifiableIterator                                  : loaded 2 times (x 78B)
Class com.google.common.base.Platform$JdkPatternCompiler                              : loaded 2 times (x 73B)
Class com.google.common.base.CharMatcher$SingleWidth                                  : loaded 2 times (x 110B)
Class com.google.common.collect.Hashing                                               : loaded 2 times (x 69B)
Class org.jetbrains.plugins.gradle.model.GradleExtensions                             : loaded 2 times (x 68B)
Class com.google.common.base.JdkPattern                                               : loaded 2 times (x 73B)
Class com.google.common.collect.Multimap                                              : loaded 2 times (x 68B)
Class ijInit1_34gi1ud097rnvk416ut5k2rqr                                               : loaded 2 times (x 177B)
Class org.jetbrains.plugins.gradle.model.VersionCatalogsModel                         : loaded 2 times (x 68B)
Class org.gradle.internal.classloader.VisitableURLClassLoader$Spec                    : loaded 2 times (x 72B)
Class org.gradle.tooling.model.ProjectModel                                           : loaded 2 times (x 68B)
Class com.google.common.collect.Iterators$MergingIterator                             : loaded 2 times (x 79B)
Class com.google.common.base.CharMatcher$JavaLetterOrDigit                            : loaded 2 times (x 109B)
Class org.gradle.tooling.internal.gradle.DefaultProjectIdentifier                     : loaded 2 times (x 84B)
Class org.gradle.api.internal.classpath.ModuleRegistry                                : loaded 2 times (x 68B)
Class com.google.common.collect.ImmutableCollection                                   : loaded 2 times (x 123B)
Class org.jetbrains.plugins.gradle.model.RepositoriesModel                            : loaded 2 times (x 68B)
Class kotlin.jvm.internal.markers.KMappedMarker                                       : loaded 2 times (x 68B)
Class org.gradle.api.internal.ClassPathProvider                                       : loaded 2 times (x 68B)
Class com.google.common.collect.RegularImmutableMap$Values                            : loaded 2 times (x 167B)
Class org.gradle.util.GradleVersion                                                   : loaded 2 times (x 81B)
Class com.google.common.collect.ImmutableEnumMap                                      : loaded 2 times (x 123B)
Class com.google.common.collect.ImmutableList$ReverseImmutableList                    : loaded 2 times (x 168B)
Class org.gradle.internal.classloader.ClassLoaderFactory                              : loaded 2 times (x 68B)
Class com.google.common.collect.ObjectArrays                                          : loaded 2 times (x 69B)
Class com.google.common.collect.Iterators$10                                          : loaded 2 times (x 79B)
Class com.google.common.collect.ImmutableList                                         : loaded 2 times (x 166B)
Class org.gradle.api.internal.classpath.ManifestUtil                                  : loaded 2 times (x 69B)
Class org.gradle.api.specs.Spec                                                       : loaded 2 times (x 68B)
Class com.google.common.base.CharMatcher$Whitespace                                   : loaded 2 times (x 110B)
Class org.gradle.tooling.internal.gradle.GradleBuildIdentity                          : loaded 2 times (x 68B)
Class com.google.common.collect.Iterators$1                                           : loaded 2 times (x 79B)
Class com.google.common.collect.Iterators$4                                           : loaded 2 times (x 80B)
Class com.google.common.collect.RegularImmutableMap$BucketOverflowException           : loaded 2 times (x 80B)
Class com.google.common.collect.Iterators$5                                           : loaded 2 times (x 80B)
Class com.google.common.base.Preconditions                                            : loaded 2 times (x 69B)
Class com.google.common.base.Function                                                 : loaded 2 times (x 68B)
Class com.google.common.collect.Iterators$9                                           : loaded 2 times (x 79B)
Class org.gradle.internal.IoActions                                                   : loaded 2 times (x 69B)
Class com.google.common.collect.RegularImmutableMap$KeySet                            : loaded 2 times (x 148B)
Class com.google.common.collect.CollectPreconditions                                  : loaded 2 times (x 69B)
Class com.google.common.collect.Maps                                                  : loaded 2 times (x 69B)
Class com.google.common.collect.RegularImmutableMap                                   : loaded 2 times (x 119B)
Class com.google.common.collect.AbstractIndexedListIterator                           : loaded 2 times (x 94B)
Class com.google.common.base.CharMatcher$None                                         : loaded 2 times (x 110B)
Class org.gradle.api.internal.classpath.EffectiveClassPath                            : loaded 2 times (x 88B)
Class com.google.common.collect.UnmodifiableListIterator                              : loaded 2 times (x 93B)
Class kotlin.jvm.internal.DefaultConstructorMarker                                    : loaded 2 times (x 69B)
Class com.google.common.collect.ImmutableList$1                                       : loaded 2 times (x 95B)
Class com.google.common.base.Splitter$Strategy                                        : loaded 2 times (x 68B)
Class com.google.common.collect.ImmutableMapEntrySet$RegularEntrySet                  : loaded 2 times (x 149B)
Class [Lcom.google.common.collect.ImmutableMapEntry;                                  : loaded 2 times (x 67B)
Class org.jetbrains.kotlin.idea.gradleTooling.model.annotation.AnnotationBasedPluginModel: loaded 2 times (x 68B)
Class sync_studio_tooling45103_zkb0puwagtmy1s23xprmhfk0$_run_closure1                 : loaded 2 times (x 137B)
Class org.jetbrains.kotlin.idea.gradleTooling.model.assignment.AssignmentModel        : loaded 2 times (x 68B)
Class org.gradle.internal.installation.CurrentGradleInstallation                      : loaded 2 times (x 71B)
Class org.gradle.internal.agents.InstrumentingClassLoader                             : loaded 2 times (x 68B)
Class org.gradle.internal.installation.CurrentGradleInstallationLocator               : loaded 2 times (x 69B)
Class org.gradle.api.internal.classpath.Module                                        : loaded 2 times (x 68B)
Class com.google.common.base.Splitter$1$1                                             : loaded 2 times (x 84B)
Class com.google.common.collect.ImmutableSet$JdkBackedSetBuilderImpl                  : loaded 2 times (x 74B)
Class com.google.common.collect.ImmutableSet$RegularSetBuilderImpl                    : loaded 2 times (x 75B)
Class org.gradle.internal.service.CachingServiceLocator                               : loaded 2 times (x 80B)
Class org.gradle.internal.time.Timer                                                  : loaded 2 times (x 68B)
Class [Lcom.google.common.collect.ImmutableEntry;                                     : loaded 2 times (x 67B)
Class org.jetbrains.plugins.gradle.model.tests.ExternalTestsModel                     : loaded 2 times (x 68B)
Class org.jetbrains.kotlin.idea.gradleTooling.KotlinDslScriptAdditionalTask           : loaded 2 times (x 68B)
Class org.gradle.internal.classpath.DefaultClassPath                                  : loaded 2 times (x 88B)
Class com.google.common.base.Splitter$SplittingIterator                               : loaded 2 times (x 82B)
Class com.intellij.openapi.externalSystem.model.project.dependencies.ProjectDependencies: loaded 2 times (x 68B)
Class Build_gradle$1                                                                  : loaded 2 times (x 76B)
Class org.jetbrains.kotlin.idea.gradleTooling.PrepareKotlinIdeImportTaskModel         : loaded 2 times (x 68B)
Class org.gradle.internal.impldep.com.google.common.base.Preconditions                : loaded 2 times (x 69B)
Class kotlin.jvm.functions.Function1                                                  : loaded 2 times (x 68B)
Class com.google.common.base.CharMatcher$Is                                           : loaded 2 times (x 109B)
Class com.google.common.base.Platform                                                 : loaded 2 times (x 69B)
Class com.google.common.collect.RegularImmutableAsList                                : loaded 2 times (x 176B)
Class com.google.common.collect.PeekingIterator                                       : loaded 2 times (x 68B)
Class org.gradle.internal.time.Time                                                   : loaded 2 times (x 69B)
Class org.gradle.internal.time.TimeSource$1                                           : loaded 2 times (x 75B)
Class com.google.common.collect.ImmutableMapEntrySet                                  : loaded 2 times (x 149B)
Class com.google.common.collect.ImmutableBiMapFauxverideShim                          : loaded 2 times (x 118B)
Class org.gradle.internal.classloader.SystemClassLoaderSpec                           : loaded 2 times (x 69B)
Class com.google.common.collect.SingletonImmutableSet                                 : loaded 2 times (x 144B)
Class [Lcom.google.common.base.AbstractIterator$State;                                : loaded 2 times (x 67B)
Class com.google.common.collect.ImmutableMap$Builder                                  : loaded 2 times (x 80B)
Class com.google.common.base.AbstractIterator                                         : loaded 2 times (x 78B)
Class com.google.common.base.AbstractIterator$1                                       : loaded 2 times (x 69B)
Class kotlin.Function                                                                 : loaded 2 times (x 68B)
Class com.google.common.collect.Iterators                                             : loaded 2 times (x 69B)
Class com.google.common.base.CharMatcher$1                                            : loaded 2 times (x 111B)
Class com.google.common.base.CharMatcher$Ascii                                        : loaded 2 times (x 110B)
Class org.gradle.api.UncheckedIOException                                             : loaded 2 times (x 80B)
Class com.google.common.base.CharMatcher$And                                          : loaded 2 times (x 110B)
Class com.google.common.collect.IndexedImmutableSet                                   : loaded 2 times (x 148B)
Class com.google.common.collect.AbstractListMultimap                                  : loaded 2 times (x 170B)
Class com.google.common.base.CharMatcher$Any                                          : loaded 2 times (x 110B)
Class org.gradle.internal.classloader.ClasspathUtil$1                                 : loaded 2 times (x 74B)
Class com.google.common.collect.ArrayListMultimapGwtSerializationDependencies         : loaded 2 times (x 170B)
Class com.google.common.base.CharMatcher$RangesMatcher                                : loaded 2 times (x 110B)
Class org.gradle.tooling.internal.gradle.GradleProjectIdentity                        : loaded 2 times (x 68B)
Class com.google.common.collect.ImmutableList$SubList                                 : loaded 2 times (x 168B)
Class org.gradle.internal.time.CountdownTimer                                         : loaded 2 times (x 68B)
Class org.gradle.internal.time.Clock                                                  : loaded 2 times (x 68B)
Class org.gradle.internal.classloader.ClasspathUtil                                   : loaded 2 times (x 69B)
Class sync_studio_tooling45103_zkb0puwagtmy1s23xprmhfk0                               : loaded 2 times (x 177B)
Class org.gradle.tooling.model.BuildIdentifier                                        : loaded 2 times (x 68B)
Class com.google.common.base.Splitter$1                                               : loaded 2 times (x 75B)
Class com.google.common.collect.Maps$BiMapConverter                                   : loaded 2 times (x 88B)
Class org.gradle.api.internal.DefaultClassPathRegistry                                : loaded 2 times (x 74B)
Class com.google.common.collect.ImmutableSet$SetBuilderImpl                           : loaded 2 times (x 74B)
Class org.gradle.api.internal.classpath.DefaultModuleRegistry$DefaultModule           : loaded 2 times (x 84B)
Class com.google.common.base.CharMatcher$JavaIsoControl                               : loaded 2 times (x 110B)
Class com.google.common.collect.ImmutableMap$1                                        : loaded 2 times (x 79B)
Class com.google.common.base.CharMatcher$Or                                           : loaded 2 times (x 110B)
Class org.gradle.kotlin.dsl.VersionCatalogAccessorsKt                                 : loaded 2 times (x 69B)
Class org.gradle.internal.time.TimeSource                                             : loaded 2 times (x 68B)
Class com.google.common.collect.Iterables                                             : loaded 2 times (x 69B)
Class org.jetbrains.kotlin.android.synthetic.idea.AndroidExtensionsGradleModel        : loaded 2 times (x 68B)
Class com.google.common.base.CharMatcher$JavaLowerCase                                : loaded 2 times (x 109B)
Class org.gradle.api.internal.classpath.UnknownModuleException                        : loaded 2 times (x 80B)
Class com.google.common.collect.Maps$EntryTransformer                                 : loaded 2 times (x 68B)
Class com.google.common.collect.ImmutableCollection$Builder                           : loaded 2 times (x 74B)
Class com.google.common.base.CommonPattern                                            : loaded 2 times (x 72B)
Class org.jetbrains.plugins.gradle.model.IntelliJProjectSettings                      : loaded 2 times (x 68B)
Class org.gradle.internal.service.ServiceLookupException                              : loaded 2 times (x 80B)
Class org.gradle.cache.GlobalCache                                                    : loaded 2 times (x 68B)
Class org.jetbrains.kotlin.idea.gradleTooling.model.lombok.LombokModel                : loaded 2 times (x 68B)
Class org.gradle.tooling.model.ProjectIdentifier                                      : loaded 2 times (x 68B)
Class com.google.common.base.CharMatcher$NegatedFastMatcher                           : loaded 2 times (x 111B)
Class [Lorg.gradle.api.internal.ClassPathProvider;                                    : loaded 2 times (x 67B)
Class org.gradle.internal.operations.MultipleBuildOperationFailures                   : loaded 2 times (x 89B)
Class org.gradle.util.internal.GUtil                                                  : loaded 2 times (x 69B)
Class org.jetbrains.plugins.gradle.model.AnnotationProcessingModel                    : loaded 2 times (x 68B)
Class com.google.common.math.IntMath                                                  : loaded 2 times (x 69B)
Class com.google.common.collect.AbstractIterator                                      : loaded 2 times (x 80B)
Class org.gradle.internal.classloader.ClassLoaderSpec                                 : loaded 2 times (x 69B)
Class com.google.common.base.NullnessCasts                                            : loaded 2 times (x 69B)
Class com.google.common.collect.AbstractMapEntry                                      : loaded 2 times (x 79B)
Class com.google.common.base.CharMatcher$Negated                                      : loaded 2 times (x 111B)
Class org.jetbrains.plugins.gradle.model.BuildScriptClasspathModel                    : loaded 2 times (x 68B)
Class com.google.common.collect.ImmutableSet$Builder                                  : loaded 2 times (x 83B)
Class com.google.common.base.CharMatcher$ForPredicate                                 : loaded 2 times (x 110B)
Class com.google.common.collect.ImmutableMap$MapViewOfValuesAsSingletonSets           : loaded 2 times (x 123B)
Class com.google.common.collect.SortedMapDifference                                   : loaded 2 times (x 68B)
Class org.gradle.internal.classloader.VisitableURLClassLoader                         : loaded 2 times (x 115B)
Class com.google.common.collect.ImmutableBiMap                                        : loaded 2 times (x 141B)
Class org.gradle.internal.installation.GradleInstallation                             : loaded 2 times (x 73B)
Class Build_gradle                                                                    : loaded 2 times (x 70B)
Class org.gradle.api.internal.ClassPathRegistry                                       : loaded 2 times (x 68B)
Class com.google.common.collect.ImmutableSet                                          : loaded 2 times (x 143B)
Class org.gradle.internal.classloader.VisitableURLClassLoader$InstrumentingVisitableURLClassLoader: loaded 2 times (x 121B)
Class org.gradle.internal.classloader.ClassLoaderHierarchy                            : loaded 2 times (x 68B)
Class org.gradle.internal.exceptions.MultiCauseException                              : loaded 2 times (x 68B)
Class org.jetbrains.kotlin.idea.gradleTooling.model.parcelize.ParcelizeGradleModel    : loaded 2 times (x 68B)
Class com.google.common.base.AbstractIterator$State                                   : loaded 2 times (x 77B)
Class com.google.common.base.CharMatcher$NamedFastMatcher                             : loaded 2 times (x 110B)
Class org.gradle.internal.InternalTransformer                                         : loaded 2 times (x 68B)
Class org.jetbrains.kotlin.idea.gradleTooling.model.noarg.NoArgModel                  : loaded 2 times (x 68B)
Class org.jetbrains.kotlin.idea.gradleTooling.KotlinGradleModel                       : loaded 2 times (x 68B)
Class org.gradle.tooling.internal.gradle.DefaultBuildIdentifier                       : loaded 2 times (x 77B)
Class org.gradle.internal.service.ServiceLocator                                      : loaded 2 times (x 68B)
Class Settings_gradle$1                                                               : loaded 2 times (x 72B)
Class com.google.common.collect.ImmutableMapEntry                                     : loaded 2 times (x 83B)
Class org.jetbrains.kotlin.idea.gradleTooling.model.allopen.AllOpenModel              : loaded 2 times (x 68B)
Class com.google.common.base.CharMatcher$Invisible                                    : loaded 2 times (x 110B)
Class com.google.common.base.CharMatcher$FastMatcher                                  : loaded 2 times (x 109B)
Class org.gradle.internal.classpath.DefaultClassPath$ImmutableUniqueList              : loaded 2 times (x 159B)
Class org.gradle.internal.time.DefaultTimer                                           : loaded 2 times (x 78B)
Class com.google.common.base.CharMatcher$JavaLetter                                   : loaded 2 times (x 109B)
Class org.gradle.internal.classpath.TransformedClassPath                              : loaded 2 times (x 94B)
Class com.google.common.collect.MapDifference                                         : loaded 2 times (x 68B)
Class Settings_gradle                                                                 : loaded 2 times (x 126B)
Class com.google.common.collect.Platform                                              : loaded 2 times (x 69B)
Class com.google.common.collect.ImmutableAsList                                       : loaded 2 times (x 169B)
Class com.google.common.base.CharMatcher$AnyOf                                        : loaded 2 times (x 110B)
Class com.google.common.base.CharMatcher$IsEither                                     : loaded 2 times (x 109B)
Class com.google.common.collect.RegularImmutableList                                  : loaded 2 times (x 172B)
Class com.google.common.base.CharMatcher$JavaUpperCase                                : loaded 2 times (x 109B)
Class com.google.common.collect.Multiset                                              : loaded 2 times (x 68B)
Class com.google.common.collect.ImmutableSet$CachingAsList                            : loaded 2 times (x 145B)
Class com.google.common.collect.ImmutableMapEntry$NonTerminalImmutableMapEntry        : loaded 2 times (x 83B)
Class com.google.common.collect.AbstractMapBasedMultimap                              : loaded 2 times (x 137B)


---------------  S Y S T E M  ---------------

OS:
 Windows 11 , 64 bit Build 22000 (10.0.22000.1761)
OS uptime: 0 days 6:08 hours
Hyper-V role detected

CPU: total 4 (initial active 4) (4 cores per cpu, 2 threads per core) family 23 model 24 stepping 1 microcode 0x0, cx8, cmov, fxsr, ht, mmx, 3dnowpref, sse, sse2, sse3, ssse3, sse4a, sse4.1, sse4.2, popcnt, lzcnt, tsc, tscinvbit, avx, avx2, aes, clmul, bmi1, bmi2, adx, sha, fma, vzeroupper, clflush, clflushopt, hv
Processor Information for all 4 processors :
  Max Mhz: 2600, Current Mhz: 2600, Mhz Limit: 2600

Memory: 4k page, system-wide physical 6086M (695M free)
TotalPageFile size 8134M (AvailPageFile size 6M)
current process WorkingSet (physical memory assigned to process): 347M, peak: 348M
current process commit charge ("private bytes"): 373M, peak: 375M

vm_info: OpenJDK 64-Bit Server VM (17.0.9+0--11185874) for windows-amd64 JRE (17.0.9+0--11185874), built on Dec  6 2023 18:57:44 by "androidbuild" with MS VC++ 16.10 / 16.11 (VS2019)

END.
