#
# There is insufficient memory for the Java Runtime Environment to continue.
# Native memory allocation (malloc) failed to allocate 809696 bytes for Chunk::new
# Possible reasons:
#   The system is out of physical RAM or swap space
#   The process is running with CompressedOops enabled, and the Java Heap may be blocking the growth of the native heap
# Possible solutions:
#   Reduce memory load on the system
#   Increase physical memory or swap space
#   Check if swap backing store is full
#   Decrease Java heap size (-Xmx/-Xms)
#   Decrease number of Java threads
#   Decrease Java thread stack sizes (-Xss)
#   Set larger code cache with -XX:ReservedCodeCacheSize=
#   JVM is running with Unscaled Compressed Oops mode in which the Java heap is
#     placed in the first 4GB address space. The Java Heap base address is the
#     maximum limit for the native heap growth. Please use -XX:HeapBaseMinAddress
#     to set the Java Heap base and to place the Java Heap above 4GB virtual address.
# This output file may be truncated or incomplete.
#
#  Out of Memory Error (arena.cpp:191), pid=14444, tid=9448
#
# JRE version: OpenJDK Runtime Environment (17.0.9) (build 17.0.9+0--11185874)
# Java VM: OpenJDK 64-Bit Server VM (17.0.9+0--11185874, mixed mode, tiered, compressed oops, compressed class ptrs, g1 gc, windows-amd64)
# No core dump will be written. Minidumps are not enabled by default on client versions of Windows
#

---------------  S U M M A R Y ------------

Command Line: --add-opens=java.base/java.util=ALL-UNNAMED --add-opens=java.base/java.lang=ALL-UNNAMED --add-opens=java.base/java.lang.invoke=ALL-UNNAMED --add-opens=java.prefs/java.util.prefs=ALL-UNNAMED --add-opens=java.base/java.nio.charset=ALL-UNNAMED --add-opens=java.base/java.net=ALL-UNNAMED --add-opens=java.base/java.util.concurrent.atomic=ALL-UNNAMED -Xmx2048m -Dfile.encoding=UTF-8 -Duser.country=PA -Duser.language=es -Duser.variant -javaagent:C:\Users\roder\.gradle\wrapper\dists\gradle-8.4-bin\1w5dpkrfk8irigvoxmyhowfim\gradle-8.4\lib\agents\gradle-instrumentation-agent-8.4.jar org.gradle.launcher.daemon.bootstrap.GradleDaemon 8.4

Host: AMD Ryzen 3 3250U with Radeon Graphics         , 4 cores, 5G,  Windows 11 , 64 bit Build 22000 (10.0.22000.1761)
Time: Thu Jun 20 00:13:43 2024 Hora est. Pacífico, Sudamérica elapsed time: 16.162574 seconds (0d 0h 0m 16s)

---------------  T H R E A D  ---------------

Current thread (0x000000001cb86820):  JavaThread "C2 CompilerThread0" daemon [_thread_in_native, id=9448, stack(0x0000000021400000,0x0000000021500000)]


Current CompileTask:
C2:  16162 4745       4       jdk.internal.loader.URLClassPath::getResource (74 bytes)

Stack: [0x0000000021400000,0x0000000021500000]
Native frames: (J=compiled Java code, j=interpreted, Vv=VM code, C=native code)
V  [jvm.dll+0x6886e9]
V  [jvm.dll+0x841e4a]
V  [jvm.dll+0x843a8e]
V  [jvm.dll+0x8440f3]
V  [jvm.dll+0x24c14f]
V  [jvm.dll+0xac44c]
V  [jvm.dll+0xaca9c]
V  [jvm.dll+0x2b376f]
V  [jvm.dll+0x590767]
V  [jvm.dll+0x226762]
V  [jvm.dll+0x226b4f]
V  [jvm.dll+0x21fc76]
V  [jvm.dll+0x21d0c1]
V  [jvm.dll+0x1a674d]
V  [jvm.dll+0x22d088]
V  [jvm.dll+0x22b1c0]
V  [jvm.dll+0x7f62f7]
V  [jvm.dll+0x7f06aa]
V  [jvm.dll+0x687565]
C  [ucrtbase.dll+0x26c0c]
C  [KERNEL32.DLL+0x15590]
C  [ntdll.dll+0x485b]


---------------  P R O C E S S  ---------------

Threads class SMR info:
_java_thread_list=0x00000000264898e0, length=38, elements={
0x0000000002acc350, 0x000000001c395c80, 0x000000001c396fe0, 0x000000001c3e7f30,
0x000000001c3e8800, 0x000000001cb84bb0, 0x000000001cb85480, 0x000000001cb86820,
0x000000001cb8c4f0, 0x000000001cb9d580, 0x000000001c332680, 0x000000001ce3b840,
0x000000002320b470, 0x0000000022a07b00, 0x000000002338f590, 0x00000000229b5fc0,
0x00000000229b64a0, 0x00000000239e1020, 0x00000000239e1500, 0x0000000023730b70,
0x0000000023733900, 0x0000000023731fb0, 0x0000000023731080, 0x00000000237324c0,
0x00000000237329d0, 0x0000000023730660, 0x0000000023731aa0, 0x0000000023732ee0,
0x00000000237333f0, 0x0000000023731590, 0x00000000239e5280, 0x00000000239e3e40,
0x00000000239e2f10, 0x00000000239e3420, 0x00000000239e4d70, 0x00000000239e24f0,
0x00000000239e75f0, 0x00000000239e61b0
}

Java Threads: ( => current thread )
  0x0000000002acc350 JavaThread "main" [_thread_blocked, id=12588, stack(0x0000000002190000,0x0000000002290000)]
  0x000000001c395c80 JavaThread "Reference Handler" daemon [_thread_blocked, id=15316, stack(0x000000001c820000,0x000000001c920000)]
  0x000000001c396fe0 JavaThread "Finalizer" daemon [_thread_blocked, id=448, stack(0x000000001c920000,0x000000001ca20000)]
  0x000000001c3e7f30 JavaThread "Signal Dispatcher" daemon [_thread_blocked, id=6648, stack(0x0000000021000000,0x0000000021100000)]
  0x000000001c3e8800 JavaThread "Attach Listener" daemon [_thread_blocked, id=12148, stack(0x0000000021100000,0x0000000021200000)]
  0x000000001cb84bb0 JavaThread "Service Thread" daemon [_thread_blocked, id=752, stack(0x0000000021200000,0x0000000021300000)]
  0x000000001cb85480 JavaThread "Monitor Deflation Thread" daemon [_thread_blocked, id=1780, stack(0x0000000021300000,0x0000000021400000)]
=>0x000000001cb86820 JavaThread "C2 CompilerThread0" daemon [_thread_in_native, id=9448, stack(0x0000000021400000,0x0000000021500000)]
  0x000000001cb8c4f0 JavaThread "C1 CompilerThread0" daemon [_thread_blocked, id=10464, stack(0x0000000021500000,0x0000000021600000)]
  0x000000001cb9d580 JavaThread "Sweeper thread" daemon [_thread_blocked, id=11256, stack(0x0000000021600000,0x0000000021700000)]
  0x000000001c332680 JavaThread "Common-Cleaner" daemon [_thread_blocked, id=6812, stack(0x0000000021700000,0x0000000021800000)]
  0x000000001ce3b840 JavaThread "Notification Thread" daemon [_thread_blocked, id=6296, stack(0x0000000021800000,0x0000000021900000)]
  0x000000002320b470 JavaThread "Daemon health stats" [_thread_blocked, id=7420, stack(0x00000000244a0000,0x00000000245a0000)]
  0x0000000022a07b00 JavaThread "Incoming local TCP Connector on port 1155" [_thread_in_native, id=7632, stack(0x00000000248e0000,0x00000000249e0000)]
  0x000000002338f590 JavaThread "Daemon periodic checks" [_thread_blocked, id=10716, stack(0x0000000024b50000,0x0000000024c50000)]
  0x00000000229b5fc0 JavaThread "Daemon" [_thread_blocked, id=5900, stack(0x0000000024c50000,0x0000000024d50000)]
  0x00000000229b64a0 JavaThread "Handler for socket connection from /127.0.0.1:1155 to /127.0.0.1:1156" [_thread_in_native, id=2720, stack(0x0000000024d50000,0x0000000024e50000)]
  0x00000000239e1020 JavaThread "Cancel handler" [_thread_blocked, id=12916, stack(0x0000000024e50000,0x0000000024f50000)]
  0x00000000239e1500 JavaThread "Daemon worker" [_thread_in_vm, id=3040, stack(0x0000000024f50000,0x0000000025050000)]
  0x0000000023730b70 JavaThread "Asynchronous log dispatcher for DefaultDaemonConnection: socket connection from /127.0.0.1:1155 to /127.0.0.1:1156" [_thread_blocked, id=8072, stack(0x0000000025050000,0x0000000025150000)]
  0x0000000023733900 JavaThread "Stdin handler" [_thread_blocked, id=13628, stack(0x0000000025150000,0x0000000025250000)]
  0x0000000023731fb0 JavaThread "Daemon client event forwarder" [_thread_blocked, id=7384, stack(0x0000000025250000,0x0000000025350000)]
  0x0000000023731080 JavaThread "Cache worker for journal cache (C:\Users\roder\.gradle\caches\journal-1)" [_thread_blocked, id=9900, stack(0x0000000025580000,0x0000000025680000)]
  0x00000000237324c0 JavaThread "File lock request listener" [_thread_in_native, id=14380, stack(0x0000000025680000,0x0000000025780000)]
  0x00000000237329d0 JavaThread "Cache worker for file hash cache (C:\Users\roder\.gradle\caches\8.4\fileHashes)" [_thread_blocked, id=12092, stack(0x0000000025350000,0x0000000025450000)]
  0x0000000023730660 JavaThread "File watcher server" daemon [_thread_in_native, id=10308, stack(0x0000000025450000,0x0000000025550000)]
  0x0000000023731aa0 JavaThread "File watcher consumer" daemon [_thread_blocked, id=8924, stack(0x0000000026750000,0x0000000026850000)]
  0x0000000023732ee0 JavaThread "jar transforms" [_thread_blocked, id=12520, stack(0x0000000026850000,0x0000000026950000)]
  0x00000000237333f0 JavaThread "jar transforms Thread 2" [_thread_blocked, id=11436, stack(0x0000000026950000,0x0000000026a50000)]
  0x0000000023731590 JavaThread "jar transforms Thread 3" [_thread_blocked, id=10108, stack(0x0000000026a50000,0x0000000026b50000)]
  0x00000000239e5280 JavaThread "jar transforms Thread 4" [_thread_blocked, id=2400, stack(0x0000000026b50000,0x0000000026c50000)]
  0x00000000239e3e40 JavaThread "Cache worker for checksums cache (C:\Users\roder\AudioRemoto\.gradle\8.4\checksums)" [_thread_blocked, id=12512, stack(0x0000000026c50000,0x0000000026d50000)]
  0x00000000239e2f10 JavaThread "Cache worker for file hash cache (C:\Users\roder\AudioRemoto\.gradle\8.4\fileHashes)" [_thread_blocked, id=6748, stack(0x0000000026d50000,0x0000000026e50000)]
  0x00000000239e3420 JavaThread "Cache worker for cache directory md-supplier (C:\Users\roder\.gradle\caches\8.4\md-supplier)" [_thread_blocked, id=9196, stack(0x0000000026e50000,0x0000000026f50000)]
  0x00000000239e4d70 JavaThread "Cache worker for file content cache (C:\Users\roder\.gradle\caches\8.4\fileContent)" [_thread_blocked, id=10956, stack(0x0000000026f50000,0x0000000027050000)]
  0x00000000239e24f0 JavaThread "Cache worker for cache directory md-rule (C:\Users\roder\.gradle\caches\8.4\md-rule)" [_thread_blocked, id=5768, stack(0x0000000027050000,0x0000000027150000)]
  0x00000000239e75f0 JavaThread "Cache worker for execution history cache (C:\Users\roder\.gradle\caches\8.4\executionHistory)" [_thread_blocked, id=11444, stack(0x0000000027150000,0x0000000027250000)]
  0x00000000239e61b0 JavaThread "Cache worker for kotlin-dsl (C:\Users\roder\.gradle\caches\8.4\kotlin-dsl)" [_thread_blocked, id=14736, stack(0x0000000028460000,0x0000000028560000)]

Other Threads:
  0x000000001c38fe80 VMThread "VM Thread" [stack: 0x000000001c720000,0x000000001c820000] [id=11372]
  0x000000001cdaa590 WatcherThread [stack: 0x0000000021900000,0x0000000021a00000] [id=14556]
  0x0000000002b26840 GCTaskThread "GC Thread#0" [stack: 0x00000000028b0000,0x00000000029b0000] [id=11028]
  0x000000001cda75f0 GCTaskThread "GC Thread#1" [stack: 0x0000000022200000,0x0000000022300000] [id=9856]
  0x000000001cda7b70 GCTaskThread "GC Thread#2" [stack: 0x0000000022300000,0x0000000022400000] [id=15244]
  0x000000001cda78b0 GCTaskThread "GC Thread#3" [stack: 0x00000000233d0000,0x00000000234d0000] [id=9284]
  0x0000000002b37790 ConcurrentGCThread "G1 Main Marker" [stack: 0x0000000019bb0000,0x0000000019cb0000] [id=13816]
  0x0000000002b38470 ConcurrentGCThread "G1 Conc#0" [stack: 0x0000000019cb0000,0x0000000019db0000] [id=11528]
  0x000000001c200090 ConcurrentGCThread "G1 Refine#0" [stack: 0x000000001c3f0000,0x000000001c4f0000] [id=13748]
  0x000000001c200960 ConcurrentGCThread "G1 Service" [stack: 0x000000001c4f0000,0x000000001c5f0000] [id=8744]

Threads with active compile tasks:
C2 CompilerThread0    16197 4745       4       jdk.internal.loader.URLClassPath::getResource (74 bytes)

VM state: not at safepoint (normal execution)

VM Mutex/Monitor currently owned by a thread: None

Heap address: 0x0000000080000000, size: 2048 MB, Compressed Oops mode: 32-bit

CDS archive(s) not mapped
Compressed class space mapped at: 0x0000000100000000-0x0000000140000000, reserved size: 1073741824
Narrow klass base: 0x0000000000000000, Narrow klass shift: 3, Narrow klass range: 0x140000000

GC Precious Log:
 CPUs: 4 total, 4 available
 Memory: 6086M
 Large Page Support: Disabled
 NUMA Support: Disabled
 Compressed Oops: Enabled (32-bit)
 Heap Region Size: 1M
 Heap Min Capacity: 8M
 Heap Initial Capacity: 96M
 Heap Max Capacity: 2G
 Pre-touch: Disabled
 Parallel Workers: 4
 Concurrent Workers: 1
 Concurrent Refinement Workers: 4
 Periodic GC: Disabled

Heap:
 garbage-first heap   total 102400K, used 59504K [0x0000000080000000, 0x0000000100000000)
  region size 1024K, 9 young (9216K), 3 survivors (3072K)
 Metaspace       used 53590K, committed 54208K, reserved 1114112K
  class space    used 7147K, committed 7424K, reserved 1048576K

Heap Regions: E=young(eden), S=young(survivor), O=old, HS=humongous(starts), HC=humongous(continues), CS=collection set, F=free, OA=open archive, CA=closed archive, TAMS=top-at-mark-start (previous, next)
|   0|0x0000000080000000, 0x0000000080100000, 0x0000000080100000|100%| O|  |TAMS 0x0000000080100000, 0x0000000080000000| Untracked 
|   1|0x0000000080100000, 0x0000000080200000, 0x0000000080200000|100%| O|  |TAMS 0x0000000080200000, 0x0000000080100000| Untracked 
|   2|0x0000000080200000, 0x0000000080300000, 0x0000000080300000|100%|HS|  |TAMS 0x0000000080300000, 0x0000000080200000| Complete 
|   3|0x0000000080300000, 0x0000000080400000, 0x0000000080400000|100%|HC|  |TAMS 0x0000000080400000, 0x0000000080300000| Complete 
|   4|0x0000000080400000, 0x0000000080500000, 0x0000000080500000|100%|HC|  |TAMS 0x0000000080500000, 0x0000000080400000| Complete 
|   5|0x0000000080500000, 0x0000000080600000, 0x0000000080600000|100%|HC|  |TAMS 0x0000000080600000, 0x0000000080500000| Complete 
|   6|0x0000000080600000, 0x0000000080700000, 0x0000000080700000|100%| O|  |TAMS 0x0000000080700000, 0x0000000080600000| Untracked 
|   7|0x0000000080700000, 0x0000000080800000, 0x0000000080800000|100%| O|  |TAMS 0x0000000080800000, 0x0000000080700000| Untracked 
|   8|0x0000000080800000, 0x0000000080900000, 0x0000000080900000|100%| O|  |TAMS 0x0000000080900000, 0x0000000080800000| Untracked 
|   9|0x0000000080900000, 0x0000000080a00000, 0x0000000080a00000|100%| O|  |TAMS 0x0000000080a00000, 0x0000000080900000| Untracked 
|  10|0x0000000080a00000, 0x0000000080b00000, 0x0000000080b00000|100%| O|  |TAMS 0x0000000080b00000, 0x0000000080a00000| Untracked 
|  11|0x0000000080b00000, 0x0000000080b9b600, 0x0000000080c00000| 60%| O|  |TAMS 0x0000000080b9b600, 0x0000000080b00000| Untracked 
|  12|0x0000000080c00000, 0x0000000080d00000, 0x0000000080d00000|100%| O|  |TAMS 0x0000000080d00000, 0x0000000080c00000| Untracked 
|  13|0x0000000080d00000, 0x0000000080e00000, 0x0000000080e00000|100%| O|  |TAMS 0x0000000080e00000, 0x0000000080d00000| Untracked 
|  14|0x0000000080e00000, 0x0000000080f00000, 0x0000000080f00000|100%| O|  |TAMS 0x0000000080f00000, 0x0000000080e00000| Untracked 
|  15|0x0000000080f00000, 0x0000000081000000, 0x0000000081000000|100%| O|  |TAMS 0x0000000081000000, 0x0000000080f00000| Untracked 
|  16|0x0000000081000000, 0x0000000081100000, 0x0000000081100000|100%| O|  |TAMS 0x0000000081100000, 0x0000000081000000| Untracked 
|  17|0x0000000081100000, 0x0000000081200000, 0x0000000081200000|100%| O|  |TAMS 0x0000000081200000, 0x0000000081100000| Untracked 
|  18|0x0000000081200000, 0x0000000081300000, 0x0000000081300000|100%| O|  |TAMS 0x0000000081300000, 0x0000000081200000| Untracked 
|  19|0x0000000081300000, 0x0000000081400000, 0x0000000081400000|100%|HS|  |TAMS 0x0000000081400000, 0x0000000081300000| Complete 
|  20|0x0000000081400000, 0x0000000081500000, 0x0000000081500000|100%|HC|  |TAMS 0x0000000081500000, 0x0000000081400000| Complete 
|  21|0x0000000081500000, 0x0000000081600000, 0x0000000081600000|100%|HS|  |TAMS 0x0000000081600000, 0x0000000081500000| Complete 
|  22|0x0000000081600000, 0x0000000081700000, 0x0000000081700000|100%|HC|  |TAMS 0x0000000081700000, 0x0000000081600000| Complete 
|  23|0x0000000081700000, 0x0000000081800000, 0x0000000081800000|100%|HC|  |TAMS 0x0000000081800000, 0x0000000081700000| Complete 
|  24|0x0000000081800000, 0x0000000081900000, 0x0000000081900000|100%|HS|  |TAMS 0x0000000081900000, 0x0000000081800000| Complete 
|  25|0x0000000081900000, 0x0000000081a00000, 0x0000000081a00000|100%|HC|  |TAMS 0x0000000081a00000, 0x0000000081900000| Complete 
|  26|0x0000000081a00000, 0x0000000081b00000, 0x0000000081b00000|100%|HC|  |TAMS 0x0000000081b00000, 0x0000000081a00000| Complete 
|  27|0x0000000081b00000, 0x0000000081c00000, 0x0000000081c00000|100%|HS|  |TAMS 0x0000000081c00000, 0x0000000081b00000| Complete 
|  28|0x0000000081c00000, 0x0000000081d00000, 0x0000000081d00000|100%|HC|  |TAMS 0x0000000081d00000, 0x0000000081c00000| Complete 
|  29|0x0000000081d00000, 0x0000000081e00000, 0x0000000081e00000|100%|HC|  |TAMS 0x0000000081e00000, 0x0000000081d00000| Complete 
|  30|0x0000000081e00000, 0x0000000081f00000, 0x0000000081f00000|100%| O|  |TAMS 0x0000000081f00000, 0x0000000081e00000| Untracked 
|  31|0x0000000081f00000, 0x0000000082000000, 0x0000000082000000|100%| O|  |TAMS 0x0000000082000000, 0x0000000081f00000| Untracked 
|  32|0x0000000082000000, 0x0000000082100000, 0x0000000082100000|100%| O|  |TAMS 0x0000000082100000, 0x0000000082000000| Untracked 
|  33|0x0000000082100000, 0x0000000082200000, 0x0000000082200000|100%| O|  |TAMS 0x0000000082200000, 0x0000000082100000| Untracked 
|  34|0x0000000082200000, 0x0000000082300000, 0x0000000082300000|100%| O|  |TAMS 0x0000000082300000, 0x0000000082200000| Untracked 
|  35|0x0000000082300000, 0x0000000082400000, 0x0000000082400000|100%| O|  |TAMS 0x0000000082400000, 0x0000000082300000| Untracked 
|  36|0x0000000082400000, 0x0000000082500000, 0x0000000082500000|100%| O|  |TAMS 0x0000000082500000, 0x0000000082400000| Untracked 
|  37|0x0000000082500000, 0x0000000082600000, 0x0000000082600000|100%| O|  |TAMS 0x0000000082600000, 0x0000000082500000| Untracked 
|  38|0x0000000082600000, 0x0000000082700000, 0x0000000082700000|100%| O|  |TAMS 0x0000000082700000, 0x0000000082600000| Untracked 
|  39|0x0000000082700000, 0x0000000082800000, 0x0000000082800000|100%| O|  |TAMS 0x0000000082800000, 0x0000000082700000| Untracked 
|  40|0x0000000082800000, 0x0000000082900000, 0x0000000082900000|100%| O|  |TAMS 0x0000000082900000, 0x0000000082800000| Untracked 
|  41|0x0000000082900000, 0x0000000082a00000, 0x0000000082a00000|100%| O|  |TAMS 0x0000000082a00000, 0x0000000082900000| Untracked 
|  42|0x0000000082a00000, 0x0000000082b00000, 0x0000000082b00000|100%| O|  |TAMS 0x0000000082b00000, 0x0000000082a00000| Untracked 
|  43|0x0000000082b00000, 0x0000000082c00000, 0x0000000082c00000|100%| O|  |TAMS 0x0000000082c00000, 0x0000000082b00000| Untracked 
|  44|0x0000000082c00000, 0x0000000082d00000, 0x0000000082d00000|100%| O|  |TAMS 0x0000000082d00000, 0x0000000082c00000| Untracked 
|  45|0x0000000082d00000, 0x0000000082e00000, 0x0000000082e00000|100%| O|  |TAMS 0x0000000082e00000, 0x0000000082d00000| Untracked 
|  46|0x0000000082e00000, 0x0000000082f00000, 0x0000000082f00000|100%| O|  |TAMS 0x0000000082f00000, 0x0000000082e00000| Untracked 
|  47|0x0000000082f00000, 0x0000000083000000, 0x0000000083000000|100%|HS|  |TAMS 0x0000000083000000, 0x0000000082f00000| Complete 
|  48|0x0000000083000000, 0x0000000083100000, 0x0000000083100000|100%|HC|  |TAMS 0x0000000083100000, 0x0000000083000000| Complete 
|  49|0x0000000083100000, 0x0000000083200000, 0x0000000083200000|100%|HC|  |TAMS 0x0000000083200000, 0x0000000083100000| Complete 
|  50|0x0000000083200000, 0x0000000083245a00, 0x0000000083300000| 27%| O|  |TAMS 0x0000000083200000, 0x0000000083200000| Untracked 
|  51|0x0000000083300000, 0x0000000083300000, 0x0000000083400000|  0%| F|  |TAMS 0x0000000083300000, 0x0000000083300000| Untracked 
|  52|0x0000000083400000, 0x0000000083500000, 0x0000000083500000|100%| O|  |TAMS 0x0000000083459a00, 0x0000000083400000| Untracked 
|  53|0x0000000083500000, 0x0000000083500000, 0x0000000083600000|  0%| F|  |TAMS 0x0000000083500000, 0x0000000083500000| Untracked 
|  54|0x0000000083600000, 0x0000000083600000, 0x0000000083700000|  0%| F|  |TAMS 0x0000000083600000, 0x0000000083600000| Untracked 
|  55|0x0000000083700000, 0x0000000083700000, 0x0000000083800000|  0%| F|  |TAMS 0x0000000083700000, 0x0000000083700000| Untracked 
|  56|0x0000000083800000, 0x0000000083800000, 0x0000000083900000|  0%| F|  |TAMS 0x0000000083800000, 0x0000000083800000| Untracked 
|  57|0x0000000083900000, 0x0000000083900000, 0x0000000083a00000|  0%| F|  |TAMS 0x0000000083900000, 0x0000000083900000| Untracked 
|  58|0x0000000083a00000, 0x0000000083a00000, 0x0000000083b00000|  0%| F|  |TAMS 0x0000000083a00000, 0x0000000083a00000| Untracked 
|  59|0x0000000083b00000, 0x0000000083b00000, 0x0000000083c00000|  0%| F|  |TAMS 0x0000000083b00000, 0x0000000083b00000| Untracked 
|  60|0x0000000083c00000, 0x0000000083c00000, 0x0000000083d00000|  0%| F|  |TAMS 0x0000000083c00000, 0x0000000083c00000| Untracked 
|  61|0x0000000083d00000, 0x0000000083d00000, 0x0000000083e00000|  0%| F|  |TAMS 0x0000000083d00000, 0x0000000083d00000| Untracked 
|  62|0x0000000083e00000, 0x0000000083e00000, 0x0000000083f00000|  0%| F|  |TAMS 0x0000000083e00000, 0x0000000083e00000| Untracked 
|  63|0x0000000083f00000, 0x0000000083f00000, 0x0000000084000000|  0%| F|  |TAMS 0x0000000083f00000, 0x0000000083f00000| Untracked 
|  64|0x0000000084000000, 0x0000000084000000, 0x0000000084100000|  0%| F|  |TAMS 0x0000000084000000, 0x0000000084000000| Untracked 
|  65|0x0000000084100000, 0x0000000084100000, 0x0000000084200000|  0%| F|  |TAMS 0x0000000084100000, 0x0000000084100000| Untracked 
|  66|0x0000000084200000, 0x0000000084200000, 0x0000000084300000|  0%| F|  |TAMS 0x0000000084200000, 0x0000000084200000| Untracked 
|  67|0x0000000084300000, 0x0000000084300000, 0x0000000084400000|  0%| F|  |TAMS 0x0000000084300000, 0x0000000084300000| Untracked 
|  68|0x0000000084400000, 0x000000008443b020, 0x0000000084500000| 23%| S|CS|TAMS 0x0000000084400000, 0x0000000084400000| Complete 
|  69|0x0000000084500000, 0x0000000084600000, 0x0000000084600000|100%| S|CS|TAMS 0x0000000084500000, 0x0000000084500000| Complete 
|  70|0x0000000084600000, 0x0000000084700000, 0x0000000084700000|100%| S|CS|TAMS 0x0000000084600000, 0x0000000084600000| Complete 
|  71|0x0000000084700000, 0x0000000084700000, 0x0000000084800000|  0%| F|  |TAMS 0x0000000084700000, 0x0000000084700000| Untracked 
|  72|0x0000000084800000, 0x0000000084800000, 0x0000000084900000|  0%| F|  |TAMS 0x0000000084800000, 0x0000000084800000| Untracked 
|  73|0x0000000084900000, 0x0000000084900000, 0x0000000084a00000|  0%| F|  |TAMS 0x0000000084900000, 0x0000000084900000| Untracked 
|  74|0x0000000084a00000, 0x0000000084a00000, 0x0000000084b00000|  0%| F|  |TAMS 0x0000000084a00000, 0x0000000084a00000| Untracked 
|  75|0x0000000084b00000, 0x0000000084b00000, 0x0000000084c00000|  0%| F|  |TAMS 0x0000000084b00000, 0x0000000084b00000| Untracked 
|  76|0x0000000084c00000, 0x0000000084c00000, 0x0000000084d00000|  0%| F|  |TAMS 0x0000000084c00000, 0x0000000084c00000| Untracked 
|  77|0x0000000084d00000, 0x0000000084d00000, 0x0000000084e00000|  0%| F|  |TAMS 0x0000000084d00000, 0x0000000084d00000| Untracked 
|  78|0x0000000084e00000, 0x0000000084e00000, 0x0000000084f00000|  0%| F|  |TAMS 0x0000000084e00000, 0x0000000084e00000| Untracked 
|  79|0x0000000084f00000, 0x0000000084f00000, 0x0000000085000000|  0%| F|  |TAMS 0x0000000084f00000, 0x0000000084f00000| Untracked 
|  80|0x0000000085000000, 0x0000000085000000, 0x0000000085100000|  0%| F|  |TAMS 0x0000000085000000, 0x0000000085000000| Untracked 
|  81|0x0000000085100000, 0x0000000085100000, 0x0000000085200000|  0%| F|  |TAMS 0x0000000085100000, 0x0000000085100000| Untracked 
|  82|0x0000000085200000, 0x0000000085200000, 0x0000000085300000|  0%| F|  |TAMS 0x0000000085200000, 0x0000000085200000| Untracked 
|  83|0x0000000085300000, 0x0000000085300000, 0x0000000085400000|  0%| F|  |TAMS 0x0000000085300000, 0x0000000085300000| Untracked 
|  84|0x0000000085400000, 0x0000000085400000, 0x0000000085500000|  0%| F|  |TAMS 0x0000000085400000, 0x0000000085400000| Untracked 
|  85|0x0000000085500000, 0x0000000085500000, 0x0000000085600000|  0%| F|  |TAMS 0x0000000085500000, 0x0000000085500000| Untracked 
|  86|0x0000000085600000, 0x0000000085600000, 0x0000000085700000|  0%| F|  |TAMS 0x0000000085600000, 0x0000000085600000| Untracked 
|  87|0x0000000085700000, 0x0000000085700000, 0x0000000085800000|  0%| F|  |TAMS 0x0000000085700000, 0x0000000085700000| Untracked 
|  88|0x0000000085800000, 0x0000000085800000, 0x0000000085900000|  0%| F|  |TAMS 0x0000000085800000, 0x0000000085800000| Untracked 
|  89|0x0000000085900000, 0x0000000085900000, 0x0000000085a00000|  0%| F|  |TAMS 0x0000000085900000, 0x0000000085900000| Untracked 
|  90|0x0000000085a00000, 0x0000000085b00000, 0x0000000085b00000|100%| E|  |TAMS 0x0000000085a00000, 0x0000000085a00000| Complete 
|  91|0x0000000085b00000, 0x0000000085c00000, 0x0000000085c00000|100%| E|CS|TAMS 0x0000000085b00000, 0x0000000085b00000| Complete 
|  92|0x0000000085c00000, 0x0000000085d00000, 0x0000000085d00000|100%| E|CS|TAMS 0x0000000085c00000, 0x0000000085c00000| Complete 
|  93|0x0000000085d00000, 0x0000000085d00000, 0x0000000085e00000|  0%| F|  |TAMS 0x0000000085d00000, 0x0000000085d00000| Untracked 
|  94|0x0000000085e00000, 0x0000000085e00000, 0x0000000085f00000|  0%| F|  |TAMS 0x0000000085e00000, 0x0000000085e00000| Untracked 
|  95|0x0000000085f00000, 0x0000000086000000, 0x0000000086000000|100%| E|CS|TAMS 0x0000000085f00000, 0x0000000085f00000| Complete 
|  96|0x0000000086000000, 0x0000000086000000, 0x0000000086100000|  0%| F|  |TAMS 0x0000000086000000, 0x0000000086000000| Untracked 
|  97|0x0000000086100000, 0x0000000086167750, 0x0000000086200000| 40%| E|  |TAMS 0x0000000086100000, 0x0000000086100000| Complete 
|  98|0x0000000086200000, 0x0000000086300000, 0x0000000086300000|100%| E|CS|TAMS 0x0000000086200000, 0x0000000086200000| Complete 
|2047|0x00000000fff00000, 0x0000000100000000, 0x0000000100000000|100%| O|  |TAMS 0x0000000100000000, 0x00000000fff00000| Untracked 

Card table byte_map: [0x00000000153b0000,0x00000000157b0000] _byte_map_base: 0x0000000014fb0000

Marking Bits (Prev, Next): (CMBitMap*) 0x0000000002b26ea0, (CMBitMap*) 0x0000000002b26e60
 Prev Bits: [0x0000000017bb0000, 0x0000000019bb0000)
 Next Bits: [0x0000000015bb0000, 0x0000000017bb0000)

Polling page: 0x0000000000960000

Metaspace:

Usage:
  Non-class:     45.36 MB used.
      Class:      6.98 MB used.
       Both:     52.34 MB used.

Virtual space:
  Non-class space:       64.00 MB reserved,      45.69 MB ( 71%) committed,  1 nodes.
      Class space:        1.00 GB reserved,       7.25 MB ( <1%) committed,  1 nodes.
             Both:        1.06 GB reserved,      52.94 MB (  5%) committed. 

Chunk freelists:
   Non-Class:  2.28 MB
       Class:  8.78 MB
        Both:  11.06 MB

MaxMetaspaceSize: unlimited
CompressedClassSpaceSize: 1.00 GB
Initial GC threshold: 21.00 MB
Current GC threshold: 87.75 MB
CDS: off
MetaspaceReclaimPolicy: balanced
 - commit_granule_bytes: 65536.
 - commit_granule_words: 8192.
 - virtual_space_node_default_size: 8388608.
 - enlarge_chunks_in_place: 1.
 - new_chunks_are_fully_committed: 0.
 - uncommit_free_chunks: 1.
 - use_allocation_guard: 0.
 - handle_deallocations: 1.


Internal statistics:

num_allocs_failed_limit: 3.
num_arena_births: 616.
num_arena_deaths: 0.
num_vsnodes_births: 2.
num_vsnodes_deaths: 0.
num_space_committed: 847.
num_space_uncommitted: 0.
num_chunks_returned_to_freelist: 3.
num_chunks_taken_from_freelist: 2364.
num_chunk_merges: 3.
num_chunk_splits: 1543.
num_chunks_enlarged: 1045.
num_inconsistent_stats: 0.

CodeHeap 'non-profiled nmethods': size=120000Kb used=2416Kb max_used=2416Kb free=117583Kb
 bounds [0x000000000da80000, 0x000000000dcf0000, 0x0000000014fb0000]
CodeHeap 'profiled nmethods': size=120000Kb used=10003Kb max_used=10003Kb free=109996Kb
 bounds [0x0000000005fb0000, 0x0000000006980000, 0x000000000d4e0000]
CodeHeap 'non-nmethods': size=5760Kb used=2314Kb max_used=2353Kb free=3445Kb
 bounds [0x000000000d4e0000, 0x000000000d750000, 0x000000000da80000]
 total_blobs=5603 nmethods=4775 adapters=740
 compilation: enabled
              stopped_count=0, restarted_count=0
 full_count=0

Compilation events (20 events):
Event: 16.143 Thread 0x000000001cb8c4f0 4804       3       java.util.concurrent.atomic.AtomicReference::compareAndSet (10 bytes)
Event: 16.145 Thread 0x000000001cb8c4f0 nmethod 4804 0x000000000696cb90 code [0x000000000696ce20, 0x000000000696da18]
Event: 16.145 Thread 0x000000001cb8c4f0 4805       3       java.util.Collections$UnmodifiableMap$UnmodifiableEntrySet$UnmodifiableEntry::getKey (10 bytes)
Event: 16.145 Thread 0x000000001cb8c4f0 nmethod 4805 0x000000000696de10 code [0x000000000696dfc0, 0x000000000696e188]
Event: 16.145 Thread 0x000000001cb8c4f0 4806       3       com.google.common.collect.MapMakerInternalMap$WeakValueReferenceImpl::<init> (12 bytes)
Event: 16.145 Thread 0x000000001cb8c4f0 nmethod 4806 0x000000000696e290 code [0x000000000696e440, 0x000000000696e7d8]
Event: 16.145 Thread 0x000000001cb8c4f0 4807       3       com.google.common.collect.MapMakerInternalMap$StrongKeyWeakValueEntry::access$402 (7 bytes)
Event: 16.145 Thread 0x000000001cb8c4f0 nmethod 4807 0x000000000696e910 code [0x000000000696eaa0, 0x000000000696ebf8]
Event: 16.148 Thread 0x000000001cb8c4f0 4808       3       jdk.internal.math.FDBigInteger::mult (64 bytes)
Event: 16.148 Thread 0x000000001cb8c4f0 nmethod 4808 0x000000000696ed10 code [0x000000000696eec0, 0x000000000696f138]
Event: 16.149 Thread 0x000000001cb8c4f0 4809       3       jdk.internal.math.FDBigInteger::<init> (30 bytes)
Event: 16.149 Thread 0x000000001cb8c4f0 nmethod 4809 0x000000000696f310 code [0x000000000696f4c0, 0x000000000696f6c8]
Event: 16.149 Thread 0x000000001cb8c4f0 4811       3       com.google.common.collect.RegularImmutableList::get (7 bytes)
Event: 16.149 Thread 0x000000001cb8c4f0 nmethod 4811 0x000000000696f810 code [0x000000000696f9a0, 0x000000000696fad8]
Event: 16.149 Thread 0x000000001cb8c4f0 4810       3       jdk.internal.math.FDBigInteger::trimLeadingZeros (57 bytes)
Event: 16.149 Thread 0x000000001cb8c4f0 nmethod 4810 0x000000000696fb90 code [0x000000000696fd40, 0x0000000006970018]
Event: 16.152 Thread 0x000000001cb8c4f0 4812       3       org.gradle.internal.service.DefaultServiceRegistry::serviceRequested (42 bytes)
Event: 16.155 Thread 0x000000001cb8c4f0 nmethod 4812 0x0000000006970110 code [0x00000000069704e0, 0x0000000006971db8]
Event: 16.155 Thread 0x000000001cb8c4f0 4813       3       org.gradle.internal.service.DefaultServiceRegistry::noLongerMutable (15 bytes)
Event: 16.157 Thread 0x000000001cb8c4f0 nmethod 4813 0x0000000006972690 code [0x0000000006972940, 0x0000000006973668]

GC Heap History (20 events):
Event: 12.452 GC heap before
{Heap before GC invocations=11 (full 0):
 garbage-first heap   total 70656K, used 56114K [0x0000000080000000, 0x0000000100000000)
  region size 1024K, 19 young (19456K), 2 survivors (2048K)
 Metaspace       used 41929K, committed 42368K, reserved 1114112K
  class space    used 5673K, committed 5888K, reserved 1048576K
}
Event: 12.460 GC heap after
{Heap after GC invocations=12 (full 0):
 garbage-first heap   total 70656K, used 41959K [0x0000000080000000, 0x0000000100000000)
  region size 1024K, 3 young (3072K), 3 survivors (3072K)
 Metaspace       used 41929K, committed 42368K, reserved 1114112K
  class space    used 5673K, committed 5888K, reserved 1048576K
}
Event: 12.960 GC heap before
{Heap before GC invocations=13 (full 0):
 garbage-first heap   total 73728K, used 55271K [0x0000000080000000, 0x0000000100000000)
  region size 1024K, 17 young (17408K), 3 survivors (3072K)
 Metaspace       used 43412K, committed 43776K, reserved 1114112K
  class space    used 5824K, committed 6016K, reserved 1048576K
}
Event: 12.967 GC heap after
{Heap after GC invocations=14 (full 0):
 garbage-first heap   total 73728K, used 43990K [0x0000000080000000, 0x0000000100000000)
  region size 1024K, 2 young (2048K), 2 survivors (2048K)
 Metaspace       used 43412K, committed 43776K, reserved 1114112K
  class space    used 5824K, committed 6016K, reserved 1048576K
}
Event: 13.155 GC heap before
{Heap before GC invocations=14 (full 0):
 garbage-first heap   total 73728K, used 58326K [0x0000000080000000, 0x0000000100000000)
  region size 1024K, 16 young (16384K), 2 survivors (2048K)
 Metaspace       used 43752K, committed 44160K, reserved 1114112K
  class space    used 5864K, committed 6080K, reserved 1048576K
}
Event: 13.160 GC heap after
{Heap after GC invocations=15 (full 0):
 garbage-first heap   total 73728K, used 44689K [0x0000000080000000, 0x0000000100000000)
  region size 1024K, 2 young (2048K), 2 survivors (2048K)
 Metaspace       used 43752K, committed 44160K, reserved 1114112K
  class space    used 5864K, committed 6080K, reserved 1048576K
}
Event: 13.252 GC heap before
{Heap before GC invocations=16 (full 0):
 garbage-first heap   total 80896K, used 45713K [0x0000000080000000, 0x0000000100000000)
  region size 1024K, 5 young (5120K), 2 survivors (2048K)
 Metaspace       used 43890K, committed 44288K, reserved 1114112K
  class space    used 5872K, committed 6080K, reserved 1048576K
}
Event: 13.257 GC heap after
{Heap after GC invocations=17 (full 0):
 garbage-first heap   total 80896K, used 45558K [0x0000000080000000, 0x0000000100000000)
  region size 1024K, 1 young (1024K), 1 survivors (1024K)
 Metaspace       used 43890K, committed 44288K, reserved 1114112K
  class space    used 5872K, committed 6080K, reserved 1048576K
}
Event: 13.906 GC heap before
{Heap before GC invocations=18 (full 0):
 garbage-first heap   total 87040K, used 68086K [0x0000000080000000, 0x0000000100000000)
  region size 1024K, 19 young (19456K), 1 survivors (1024K)
 Metaspace       used 46940K, committed 47360K, reserved 1114112K
  class space    used 6218K, committed 6400K, reserved 1048576K
}
Event: 13.911 GC heap after
{Heap after GC invocations=19 (full 0):
 garbage-first heap   total 87040K, used 46492K [0x0000000080000000, 0x0000000100000000)
  region size 1024K, 2 young (2048K), 2 survivors (2048K)
 Metaspace       used 46940K, committed 47360K, reserved 1114112K
  class space    used 6218K, committed 6400K, reserved 1048576K
}
Event: 14.540 GC heap before
{Heap before GC invocations=19 (full 0):
 garbage-first heap   total 87040K, used 67996K [0x0000000080000000, 0x0000000100000000)
  region size 1024K, 24 young (24576K), 2 survivors (2048K)
 Metaspace       used 49017K, committed 49408K, reserved 1114112K
  class space    used 6544K, committed 6720K, reserved 1048576K
}
Event: 14.546 GC heap after
{Heap after GC invocations=20 (full 0):
 garbage-first heap   total 87040K, used 48453K [0x0000000080000000, 0x0000000100000000)
  region size 1024K, 2 young (2048K), 2 survivors (2048K)
 Metaspace       used 49017K, committed 49408K, reserved 1114112K
  class space    used 6544K, committed 6720K, reserved 1048576K
}
Event: 14.701 GC heap before
{Heap before GC invocations=21 (full 0):
 garbage-first heap   total 89088K, used 52549K [0x0000000080000000, 0x0000000100000000)
  region size 1024K, 7 young (7168K), 2 survivors (2048K)
 Metaspace       used 49180K, committed 49664K, reserved 1114112K
  class space    used 6566K, committed 6784K, reserved 1048576K
}
Event: 14.706 GC heap after
{Heap after GC invocations=22 (full 0):
 garbage-first heap   total 89088K, used 49307K [0x0000000080000000, 0x0000000100000000)
  region size 1024K, 1 young (1024K), 1 survivors (1024K)
 Metaspace       used 49180K, committed 49664K, reserved 1114112K
  class space    used 6566K, committed 6784K, reserved 1048576K
}
Event: 14.869 GC heap before
{Heap before GC invocations=23 (full 0):
 garbage-first heap   total 91136K, used 55451K [0x0000000080000000, 0x0000000100000000)
  region size 1024K, 6 young (6144K), 1 survivors (1024K)
 Metaspace       used 49498K, committed 49984K, reserved 1114112K
  class space    used 6591K, committed 6784K, reserved 1048576K
}
Event: 14.871 GC heap after
{Heap after GC invocations=24 (full 0):
 garbage-first heap   total 91136K, used 53419K [0x0000000080000000, 0x0000000100000000)
  region size 1024K, 2 young (2048K), 2 survivors (2048K)
 Metaspace       used 49498K, committed 49984K, reserved 1114112K
  class space    used 6591K, committed 6784K, reserved 1048576K
}
Event: 15.414 GC heap before
{Heap before GC invocations=25 (full 0):
 garbage-first heap   total 97280K, used 71851K [0x0000000080000000, 0x0000000100000000)
  region size 1024K, 19 young (19456K), 2 survivors (2048K)
 Metaspace       used 51757K, committed 52288K, reserved 1114112K
  class space    used 6820K, committed 7040K, reserved 1048576K
}
Event: 15.418 GC heap after
{Heap after GC invocations=26 (full 0):
 garbage-first heap   total 97280K, used 54174K [0x0000000080000000, 0x0000000100000000)
  region size 1024K, 2 young (2048K), 2 survivors (2048K)
 Metaspace       used 51757K, committed 52288K, reserved 1114112K
  class space    used 6820K, committed 7040K, reserved 1048576K
}
Event: 15.997 GC heap before
{Heap before GC invocations=26 (full 0):
 garbage-first heap   total 97280K, used 75678K [0x0000000080000000, 0x0000000100000000)
  region size 1024K, 23 young (23552K), 2 survivors (2048K)
 Metaspace       used 53071K, committed 53632K, reserved 1114112K
  class space    used 7074K, committed 7360K, reserved 1048576K
}
Event: 16.002 GC heap after
{Heap after GC invocations=27 (full 0):
 garbage-first heap   total 97280K, used 55408K [0x0000000080000000, 0x0000000100000000)
  region size 1024K, 3 young (3072K), 3 survivors (3072K)
 Metaspace       used 53071K, committed 53632K, reserved 1114112K
  class space    used 7074K, committed 7360K, reserved 1048576K
}

Dll operation events (3 events):
Event: 0.027 Loaded shared library C:\Program Files\Android\Android Studio\jbr\bin\java.dll
Event: 0.345 Loaded shared library C:\Program Files\Android\Android Studio\jbr\bin\zip.dll
Event: 0.942 Loaded shared library C:\Program Files\Android\Android Studio\jbr\bin\verify.dll

Deoptimization events (20 events):
Event: 15.861 Thread 0x00000000239e1500 DEOPT PACKING pc=0x000000000dc4d5e0 sp=0x0000000025049000
Event: 15.861 Thread 0x00000000239e1500 DEOPT UNPACKING pc=0x000000000d5369a3 sp=0x0000000025048fc0 mode 2
Event: 15.966 Thread 0x00000000239e1500 Uncommon trap: trap_request=0xffffffde fr.pc=0x000000000dc35170 relative=0x0000000000005390
Event: 15.966 Thread 0x00000000239e1500 Uncommon trap: reason=class_check action=maybe_recompile pc=0x000000000dc35170 method=jdk.internal.loader.URLClassPath.getLoader(I)Ljdk/internal/loader/URLClassPath$Loader; @ 190 c2
Event: 15.966 Thread 0x00000000239e1500 DEOPT PACKING pc=0x000000000dc35170 sp=0x0000000025048b00
Event: 15.966 Thread 0x00000000239e1500 DEOPT UNPACKING pc=0x000000000d5369a3 sp=0x0000000025048b10 mode 2
Event: 15.966 Thread 0x00000000239e1500 Uncommon trap: trap_request=0xffffffde fr.pc=0x000000000dc4d5e0 relative=0x00000000000004c0
Event: 15.966 Thread 0x00000000239e1500 Uncommon trap: reason=class_check action=maybe_recompile pc=0x000000000dc4d5e0 method=jdk.internal.loader.URLClassPath.getResource(Ljava/lang/String;Z)Ljdk/internal/loader/Resource; @ 53 c2
Event: 15.966 Thread 0x00000000239e1500 DEOPT PACKING pc=0x000000000dc4d5e0 sp=0x0000000025048be0
Event: 15.966 Thread 0x00000000239e1500 DEOPT UNPACKING pc=0x000000000d5369a3 sp=0x0000000025048ba0 mode 2
Event: 15.976 Thread 0x00000000239e1500 Uncommon trap: trap_request=0xffffffde fr.pc=0x000000000dc35170 relative=0x0000000000005390
Event: 15.976 Thread 0x00000000239e1500 Uncommon trap: reason=class_check action=maybe_recompile pc=0x000000000dc35170 method=jdk.internal.loader.URLClassPath.getLoader(I)Ljdk/internal/loader/URLClassPath$Loader; @ 190 c2
Event: 15.977 Thread 0x00000000239e1500 DEOPT PACKING pc=0x000000000dc35170 sp=0x00000000250489c0
Event: 15.977 Thread 0x00000000239e1500 DEOPT UNPACKING pc=0x000000000d5369a3 sp=0x00000000250489d0 mode 2
Event: 15.977 Thread 0x00000000239e1500 Uncommon trap: trap_request=0xffffffde fr.pc=0x000000000dc4d5e0 relative=0x00000000000004c0
Event: 15.977 Thread 0x00000000239e1500 Uncommon trap: reason=class_check action=maybe_recompile pc=0x000000000dc4d5e0 method=jdk.internal.loader.URLClassPath.getResource(Ljava/lang/String;Z)Ljdk/internal/loader/Resource; @ 53 c2
Event: 15.977 Thread 0x00000000239e1500 DEOPT PACKING pc=0x000000000dc4d5e0 sp=0x0000000025048aa0
Event: 15.977 Thread 0x00000000239e1500 DEOPT UNPACKING pc=0x000000000d5369a3 sp=0x0000000025048a60 mode 2
Event: 16.126 Thread 0x00000000239e1500 DEOPT PACKING pc=0x00000000064439d4 sp=0x0000000025048cc0
Event: 16.126 Thread 0x00000000239e1500 DEOPT UNPACKING pc=0x000000000d537143 sp=0x0000000025048218 mode 0

Classes unloaded (0 events):
No events

Classes redefined (0 events):
No events

Internal exceptions (20 events):
Event: 15.288 Thread 0x00000000239e1500 Exception <a 'sun/nio/fs/WindowsException'{0x0000000084e2eb80}> (0x0000000084e2eb80) 
thrown [s\src\hotspot\share\prims\jni.cpp, line 517]
Event: 15.290 Thread 0x00000000239e1500 Exception <a 'sun/nio/fs/WindowsException'{0x0000000084e303c0}> (0x0000000084e303c0) 
thrown [s\src\hotspot\share\prims\jni.cpp, line 517]
Event: 15.294 Thread 0x00000000239e1500 Exception <a 'java/lang/NoSuchMethodError'{0x0000000084e42330}: 'java.lang.Object java.lang.invoke.Invokers$Holder.invoker(java.lang.Object, java.lang.Object, java.lang.Object, java.lang.Object, java.lang.Object, java.lang.Object, java.lang.Object, java.lang.Object, java.lang.Object)'> (0x0000000084e42330) 
thrown [s\src\hotspot\share\interpreter\linkResolver.cpp, line 771]
Event: 15.321 Thread 0x00000000239e1500 Exception <a 'java/lang/NoSuchMethodError'{0x0000000084ef7e08}: 'java.lang.Object java.lang.invoke.Invokers$Holder.invoker(java.lang.Object, java.lang.Object, java.lang.Object, java.lang.Object)'> (0x0000000084ef7e08) 
thrown [s\src\hotspot\share\interpreter\linkResolver.cpp, line 771]
Event: 15.349 Thread 0x00000000239e1500 Exception <a 'java/lang/NoSuchMethodError'{0x0000000084db8ec0}: 'java.lang.Object java.lang.invoke.DelegatingMethodHandle$Holder.reinvoke_L(java.lang.Object, java.lang.Object, java.lang.Object, java.lang.Object, java.lang.Object, java.lang.Object, java.lang.Object, java.lang.Object, java.lang.Object, java.lang.Object, java.lang.Object, java.lang.Object, java.lang.Object, java.lang.Object, java.lang.Object, java.lang.Object, java.lang.Object, java.lang.Object, java.lang.Object, java.lang.Object, java.lang.O
Event: 15.350 Thread 0x00000000239e1500 Exception <a 'java/lang/NoSuchMethodError'{0x0000000084dc4a78}: 'java.lang.Object java.lang.invoke.Invokers$Holder.invoker(java.lang.Object, java.lang.Object, java.lang.Object, java.lang.Object, java.lang.Object, java.lang.Object, java.lang.Object, java.lang.Object, java.lang.Object, java.lang.Object, java.lang.Object, java.lang.Object, java.lang.Object, java.lang.Object, java.lang.Object, java.lang.Object, java.lang.Object, java.lang.Object, java.lang.Object, java.lang.Object, java.lang.Object, java.lang.
Event: 15.351 Thread 0x00000000239e1500 Exception <a 'java/lang/NoSuchMethodError'{0x0000000084dcb680}: 'java.lang.Object java.lang.invoke.DelegatingMethodHandle$Holder.delegate(java.lang.Object, java.lang.Object, java.lang.Object, java.lang.Object, java.lang.Object, java.lang.Object, java.lang.Object, java.lang.Object, java.lang.Object, java.lang.Object, java.lang.Object, java.lang.Object, java.lang.Object, java.lang.Object, java.lang.Object, java.lang.Object, java.lang.Object, java.lang.Object, java.lang.Object, java.lang.Object, java.lang.Obj
Event: 15.366 Thread 0x00000000239e1500 Exception <a 'java/lang/NoSuchMethodError'{0x0000000084c45290}: 'java.lang.Object java.lang.invoke.DirectMethodHandle$Holder.invokeStatic(java.lang.Object, java.lang.Object, java.lang.Object, java.lang.Object, java.lang.Object, java.lang.Object, java.lang.Object, java.lang.Object, java.lang.Object, java.lang.Object, java.lang.Object, java.lang.Object, java.lang.Object, java.lang.Object, java.lang.Object, java.lang.Object, java.lang.Object)'> (0x0000000084c45290) 
thrown [s\src\hotspot\share\interpreter\lin
Event: 15.369 Thread 0x00000000239e1500 Exception <a 'java/lang/NoSuchMethodError'{0x0000000084c6f2a0}: 'java.lang.Object java.lang.invoke.DirectMethodHandle$Holder.invokeStatic(java.lang.Object, java.lang.Object, java.lang.Object, java.lang.Object, java.lang.Object, java.lang.Object, java.lang.Object, java.lang.Object, java.lang.Object, java.lang.Object, java.lang.Object, java.lang.Object, java.lang.Object, java.lang.Object, java.lang.Object, java.lang.Object, java.lang.Object, java.lang.Object)'> (0x0000000084c6f2a0) 
thrown [s\src\hotspot\sha
Event: 15.374 Thread 0x00000000239e1500 Exception <a 'java/lang/NoSuchMethodError'{0x0000000084c99938}: 'java.lang.Object java.lang.invoke.DirectMethodHandle$Holder.invokeStatic(java.lang.Object, java.lang.Object, java.lang.Object, java.lang.Object, java.lang.Object, java.lang.Object, java.lang.Object, java.lang.Object, java.lang.Object, java.lang.Object, java.lang.Object, java.lang.Object, java.lang.Object, java.lang.Object, java.lang.Object, java.lang.Object, java.lang.Object, java.lang.Object, java.lang.Object)'> (0x0000000084c99938) 
thrown 
Event: 15.376 Thread 0x00000000239e1500 Exception <a 'java/lang/NoSuchMethodError'{0x0000000084cc4e40}: 'java.lang.Object java.lang.invoke.DirectMethodHandle$Holder.invokeStatic(java.lang.Object, java.lang.Object, java.lang.Object, java.lang.Object, java.lang.Object, java.lang.Object, java.lang.Object, java.lang.Object, java.lang.Object, java.lang.Object, java.lang.Object, java.lang.Object, java.lang.Object, java.lang.Object, java.lang.Object, java.lang.Object, java.lang.Object, java.lang.Object, java.lang.Object, java.lang.Object)'> (0x00000000
Event: 15.379 Thread 0x00000000239e1500 Exception <a 'java/lang/NoSuchMethodError'{0x0000000084cf1220}: 'java.lang.Object java.lang.invoke.DirectMethodHandle$Holder.invokeStatic(java.lang.Object, java.lang.Object, java.lang.Object, java.lang.Object, java.lang.Object, java.lang.Object, java.lang.Object, java.lang.Object, java.lang.Object, java.lang.Object, java.lang.Object, java.lang.Object, java.lang.Object, java.lang.Object, java.lang.Object, java.lang.Object, java.lang.Object, java.lang.Object, java.lang.Object, java.lang.Object, java.lang.Obj
Event: 15.383 Thread 0x00000000239e1500 Exception <a 'java/lang/NoSuchMethodError'{0x0000000084b1ee10}: 'java.lang.Object java.lang.invoke.DirectMethodHandle$Holder.invokeStatic(java.lang.Object, java.lang.Object, java.lang.Object, java.lang.Object, java.lang.Object, java.lang.Object, java.lang.Object, java.lang.Object, java.lang.Object, java.lang.Object, java.lang.Object, java.lang.Object, java.lang.Object, java.lang.Object, java.lang.Object, java.lang.Object, java.lang.Object, java.lang.Object, java.lang.Object, java.lang.Object, java.lang.Obj
Event: 15.389 Thread 0x00000000239e1500 Exception <a 'java/lang/NoSuchMethodError'{0x0000000084b4ccf0}: 'java.lang.Object java.lang.invoke.DirectMethodHandle$Holder.invokeStatic(java.lang.Object, java.lang.Object, java.lang.Object, java.lang.Object, java.lang.Object, java.lang.Object, java.lang.Object, java.lang.Object, java.lang.Object, java.lang.Object, java.lang.Object, java.lang.Object, java.lang.Object, java.lang.Object, java.lang.Object, java.lang.Object, java.lang.Object, java.lang.Object, java.lang.Object, java.lang.Object, java.lang.Obj
Event: 15.397 Thread 0x00000000239e1500 Exception <a 'java/lang/NoSuchMethodError'{0x0000000084b7fbd8}: 'java.lang.Object java.lang.invoke.DirectMethodHandle$Holder.invokeStatic(java.lang.Object, java.lang.Object, java.lang.Object, java.lang.Object, java.lang.Object, java.lang.Object, java.lang.Object, java.lang.Object, java.lang.Object, java.lang.Object, java.lang.Object, java.lang.Object, java.lang.Object, java.lang.Object, java.lang.Object, java.lang.Object, java.lang.Object, java.lang.Object, java.lang.Object, java.lang.Object, java.lang.Obj
Event: 15.403 Thread 0x00000000239e1500 Exception <a 'java/lang/NoSuchMethodError'{0x0000000084bb1670}: 'java.lang.Object java.lang.invoke.DirectMethodHandle$Holder.invokeStatic(java.lang.Object, java.lang.Object, java.lang.Object, java.lang.Object, java.lang.Object, java.lang.Object, java.lang.Object, java.lang.Object, java.lang.Object, java.lang.Object, java.lang.Object, java.lang.Object, java.lang.Object, java.lang.Object, java.lang.Object, java.lang.Object, java.lang.Object, java.lang.Object, java.lang.Object, java.lang.Object, java.lang.Obj
Event: 15.546 Thread 0x00000000239e1500 Exception <a 'java/lang/IncompatibleClassChangeError'{0x00000000851265e0}: Found class java.lang.Object, but interface was expected> (0x00000000851265e0) 
thrown [s\src\hotspot\share\interpreter\linkResolver.cpp, line 838]
Event: 15.764 Thread 0x00000000239e1500 Exception <a 'java/lang/IncompatibleClassChangeError'{0x0000000084f72960}: Found class java.lang.Object, but interface was expected> (0x0000000084f72960) 
thrown [s\src\hotspot\share\interpreter\linkResolver.cpp, line 838]
Event: 15.811 Thread 0x00000000239e1500 Exception <a 'java/lang/NoSuchMethodError'{0x0000000084d14c60}: 'int java.lang.invoke.DirectMethodHandle$Holder.invokeStaticInit(java.lang.Object, java.lang.Object, java.lang.Object, java.lang.Object, java.lang.Object)'> (0x0000000084d14c60) 
thrown [s\src\hotspot\share\interpreter\linkResolver.cpp, line 771]
Event: 16.100 Thread 0x00000000239e1500 Exception <a 'java/lang/IncompatibleClassChangeError'{0x0000000085a1f130}: Found class java.lang.Object, but interface was expected> (0x0000000085a1f130) 
thrown [s\src\hotspot\share\interpreter\linkResolver.cpp, line 838]

VM Operations (20 events):
Event: 14.774 Executing VM operation: G1PauseRemark
Event: 14.777 Executing VM operation: G1PauseRemark done
Event: 14.809 Executing VM operation: G1PauseCleanup
Event: 14.810 Executing VM operation: G1PauseCleanup done
Event: 14.869 Executing VM operation: G1TryInitiateConcMark
Event: 14.871 Executing VM operation: G1TryInitiateConcMark done
Event: 14.955 Executing VM operation: G1PauseRemark
Event: 14.961 Executing VM operation: G1PauseRemark done
Event: 14.997 Executing VM operation: G1PauseCleanup
Event: 14.998 Executing VM operation: G1PauseCleanup done
Event: 15.414 Executing VM operation: G1CollectForAllocation
Event: 15.419 Executing VM operation: G1CollectForAllocation done
Event: 15.551 Executing VM operation: HandshakeAllThreads
Event: 15.551 Executing VM operation: HandshakeAllThreads done
Event: 15.997 Executing VM operation: G1CollectForAllocation
Event: 16.002 Executing VM operation: G1CollectForAllocation done
Event: 16.096 Executing VM operation: G1PauseRemark
Event: 16.100 Executing VM operation: G1PauseRemark done
Event: 16.141 Executing VM operation: G1PauseCleanup
Event: 16.142 Executing VM operation: G1PauseCleanup done

Events (20 events):
Event: 15.728 loading class java/util/stream/ReferencePipeline$4
Event: 15.729 loading class java/util/stream/ReferencePipeline$4 done
Event: 15.729 loading class java/util/stream/ReduceOps$6
Event: 15.730 loading class java/util/stream/ReduceOps$6 done
Event: 15.730 loading class java/util/stream/ReduceOps$5ReducingSink
Event: 15.730 loading class java/util/stream/ReduceOps$5ReducingSink done
Event: 15.730 loading class java/util/stream/ReferencePipeline$4$1
Event: 15.730 loading class java/util/stream/ReferencePipeline$4$1 done
Event: 15.841 loading class jdk/internal/loader/URLClassPath$FileLoader
Event: 15.842 loading class jdk/internal/loader/URLClassPath$FileLoader done
Event: 15.843 loading class jdk/internal/loader/URLClassPath$FileLoader$1
Event: 15.844 loading class jdk/internal/loader/URLClassPath$FileLoader$1 done
Event: 15.950 loading class java/util/concurrent/atomic/AtomicReferenceFieldUpdater
Event: 15.951 loading class java/util/concurrent/atomic/AtomicReferenceFieldUpdater done
Event: 15.951 loading class java/util/concurrent/atomic/AtomicReferenceFieldUpdater$AtomicReferenceFieldUpdaterImpl
Event: 15.952 loading class java/util/concurrent/atomic/AtomicReferenceFieldUpdater$AtomicReferenceFieldUpdaterImpl done
Event: 15.952 loading class java/util/concurrent/atomic/AtomicReferenceFieldUpdater$AtomicReferenceFieldUpdaterImpl$1
Event: 15.953 loading class java/util/concurrent/atomic/AtomicReferenceFieldUpdater$AtomicReferenceFieldUpdaterImpl$1 done
Event: 16.146 loading class jdk/internal/math/FDBigInteger
Event: 16.147 loading class jdk/internal/math/FDBigInteger done


Dynamic libraries:
0x00007ff7faf80000 - 0x00007ff7faf8a000 	C:\Program Files\Android\Android Studio\jbr\bin\java.exe
0x00007ff9bd300000 - 0x00007ff9bd509000 	C:\windows\SYSTEM32\ntdll.dll
0x00007ff9bb990000 - 0x00007ff9bba4e000 	C:\windows\System32\KERNEL32.DLL
0x00007ff9baa90000 - 0x00007ff9bae13000 	C:\windows\System32\KERNELBASE.dll
0x00007ff9ba8c0000 - 0x00007ff9ba9d1000 	C:\windows\System32\ucrtbase.dll
0x00007ff9a44f0000 - 0x00007ff9a4507000 	C:\Program Files\Android\Android Studio\jbr\bin\jli.dll
0x00007ff9bb170000 - 0x00007ff9bb31d000 	C:\windows\System32\USER32.dll
0x00007ff99a840000 - 0x00007ff99a85b000 	C:\Program Files\Android\Android Studio\jbr\bin\VCRUNTIME140.dll
0x00007ff9ba9e0000 - 0x00007ff9baa06000 	C:\windows\System32\win32u.dll
0x00007ff9bbf00000 - 0x00007ff9bbf29000 	C:\windows\System32\GDI32.dll
0x00007ff9bb050000 - 0x00007ff9bb16a000 	C:\windows\System32\gdi32full.dll
0x00007ff9a6440000 - 0x00007ff9a66e5000 	C:\windows\WinSxS\amd64_microsoft.windows.common-controls_6595b64144ccf1df_6.0.22000.120_none_9d947278b86cc467\COMCTL32.dll
0x00007ff9ba7b0000 - 0x00007ff9ba84d000 	C:\windows\System32\msvcp_win.dll
0x00007ff9bb530000 - 0x00007ff9bb5d3000 	C:\windows\System32\msvcrt.dll
0x00007ff9bb330000 - 0x00007ff9bb361000 	C:\windows\System32\IMM32.DLL
0x00007ff9a0120000 - 0x00007ff9a012c000 	C:\Program Files\Android\Android Studio\jbr\bin\vcruntime140_1.dll
0x00007ff97e9d0000 - 0x00007ff97ea5d000 	C:\Program Files\Android\Android Studio\jbr\bin\msvcp140.dll
0x00007ff9815b0000 - 0x00007ff982233000 	C:\Program Files\Android\Android Studio\jbr\bin\server\jvm.dll
0x00007ff9bb8e0000 - 0x00007ff9bb98e000 	C:\windows\System32\ADVAPI32.dll
0x00007ff9bb5e0000 - 0x00007ff9bb67e000 	C:\windows\System32\sechost.dll
0x00007ff9bb370000 - 0x00007ff9bb491000 	C:\windows\System32\RPCRT4.dll
0x00007ff9ba260000 - 0x00007ff9ba2ad000 	C:\windows\SYSTEM32\POWRPROF.dll
0x00007ff9b5390000 - 0x00007ff9b5399000 	C:\windows\SYSTEM32\WSOCK32.dll
0x00007ff9b04c0000 - 0x00007ff9b04f3000 	C:\windows\SYSTEM32\WINMM.dll
0x00007ff9b2790000 - 0x00007ff9b279a000 	C:\windows\SYSTEM32\VERSION.dll
0x00007ff9bbf30000 - 0x00007ff9bbf9f000 	C:\windows\System32\WS2_32.dll
0x00007ff9ba120000 - 0x00007ff9ba133000 	C:\windows\SYSTEM32\UMPDC.dll
0x00007ff9b9870000 - 0x00007ff9b9888000 	C:\windows\SYSTEM32\kernel.appcore.dll
0x00007ff9b6e00000 - 0x00007ff9b6e0a000 	C:\Program Files\Android\Android Studio\jbr\bin\jimage.dll
0x00007ff9b7a50000 - 0x00007ff9b7c71000 	C:\windows\SYSTEM32\DBGHELP.DLL
0x00007ff9b3010000 - 0x00007ff9b3041000 	C:\windows\SYSTEM32\dbgcore.DLL
0x00007ff9baa10000 - 0x00007ff9baa8f000 	C:\windows\System32\bcryptPrimitives.dll
0x00007ff9a5f00000 - 0x00007ff9a5f0e000 	C:\Program Files\Android\Android Studio\jbr\bin\instrument.dll
0x00007ff9aba30000 - 0x00007ff9aba55000 	C:\Program Files\Android\Android Studio\jbr\bin\java.dll
0x00007ff9b5400000 - 0x00007ff9b5418000 	C:\Program Files\Android\Android Studio\jbr\bin\zip.dll
0x00007ff9bc000000 - 0x00007ff9bc7c5000 	C:\windows\System32\SHELL32.dll
0x00007ff9b8850000 - 0x00007ff9b90b4000 	C:\windows\SYSTEM32\windows.storage.dll
0x00007ff9bcf00000 - 0x00007ff9bd276000 	C:\windows\System32\combase.dll
0x00007ff9b86e0000 - 0x00007ff9b8847000 	C:\windows\SYSTEM32\wintypes.dll
0x00007ff9bb710000 - 0x00007ff9bb7fa000 	C:\windows\System32\SHCORE.dll
0x00007ff9bbfa0000 - 0x00007ff9bbffd000 	C:\windows\System32\shlwapi.dll
0x00007ff9ba6e0000 - 0x00007ff9ba701000 	C:\windows\SYSTEM32\profapi.dll
0x00007ff9b53a0000 - 0x00007ff9b53b9000 	C:\Program Files\Android\Android Studio\jbr\bin\net.dll
0x00007ff9b09c0000 - 0x00007ff9b0ad2000 	C:\windows\SYSTEM32\WINHTTP.dll
0x00007ff9b9d20000 - 0x00007ff9b9d87000 	C:\windows\system32\mswsock.dll
0x00007ff9a6c60000 - 0x00007ff9a6c76000 	C:\Program Files\Android\Android Studio\jbr\bin\nio.dll
0x00007ff9a5f10000 - 0x00007ff9a5f20000 	C:\Program Files\Android\Android Studio\jbr\bin\verify.dll
0x00007ff9a0130000 - 0x00007ff9a0157000 	C:\Users\roder\.gradle\native\c067742578af261105cb4f569cf0c3c89f3d7b1fecec35dd04571415982c5e48\windows-amd64\native-platform.dll
0x00007ff97e4b0000 - 0x00007ff97e5f4000 	C:\Users\roder\.gradle\native\38dada09dfb8b06ba9b0570ebf7e218e3eb74d4ef43ca46872605cf95ebc2f47\windows-amd64\native-platform-file-events.dll
0x00007ff9a6c50000 - 0x00007ff9a6c59000 	C:\Program Files\Android\Android Studio\jbr\bin\management.dll
0x00007ff9a5f20000 - 0x00007ff9a5f2b000 	C:\Program Files\Android\Android Studio\jbr\bin\management_ext.dll
0x00007ff9bb320000 - 0x00007ff9bb328000 	C:\windows\System32\PSAPI.DLL
0x00007ff9b9f90000 - 0x00007ff9b9fa8000 	C:\windows\SYSTEM32\CRYPTSP.dll
0x00007ff9b97d0000 - 0x00007ff9b9805000 	C:\windows\system32\rsaenh.dll
0x00007ff9b9e40000 - 0x00007ff9b9e69000 	C:\windows\SYSTEM32\USERENV.dll
0x00007ff9ba140000 - 0x00007ff9ba167000 	C:\windows\SYSTEM32\bcrypt.dll
0x00007ff9b9fb0000 - 0x00007ff9b9fbc000 	C:\windows\SYSTEM32\CRYPTBASE.dll
0x00007ff9b93c0000 - 0x00007ff9b93ed000 	C:\windows\SYSTEM32\IPHLPAPI.DLL
0x00007ff9bb520000 - 0x00007ff9bb529000 	C:\windows\System32\NSI.dll
0x00007ff9b0d50000 - 0x00007ff9b0d69000 	C:\windows\SYSTEM32\dhcpcsvc6.DLL
0x00007ff9b18b0000 - 0x00007ff9b18ce000 	C:\windows\SYSTEM32\dhcpcsvc.DLL
0x00007ff9b93f0000 - 0x00007ff9b94d8000 	C:\windows\SYSTEM32\DNSAPI.dll
0x00007ff9aba20000 - 0x00007ff9aba28000 	C:\windows\system32\wshunix.dll

dbghelp: loaded successfully - version: 4.0.5 - missing functions: none
symbol engine: initialized successfully - sym options: 0x614 - pdb path: .;C:\Program Files\Android\Android Studio\jbr\bin;C:\windows\SYSTEM32;C:\windows\WinSxS\amd64_microsoft.windows.common-controls_6595b64144ccf1df_6.0.22000.120_none_9d947278b86cc467;C:\Program Files\Android\Android Studio\jbr\bin\server;C:\Users\roder\.gradle\native\c067742578af261105cb4f569cf0c3c89f3d7b1fecec35dd04571415982c5e48\windows-amd64;C:\Users\roder\.gradle\native\38dada09dfb8b06ba9b0570ebf7e218e3eb74d4ef43ca46872605cf95ebc2f47\windows-amd64

VM Arguments:
jvm_args: --add-opens=java.base/java.util=ALL-UNNAMED --add-opens=java.base/java.lang=ALL-UNNAMED --add-opens=java.base/java.lang.invoke=ALL-UNNAMED --add-opens=java.prefs/java.util.prefs=ALL-UNNAMED --add-opens=java.base/java.nio.charset=ALL-UNNAMED --add-opens=java.base/java.net=ALL-UNNAMED --add-opens=java.base/java.util.concurrent.atomic=ALL-UNNAMED -Xmx2048m -Dfile.encoding=UTF-8 -Duser.country=PA -Duser.language=es -Duser.variant -javaagent:C:\Users\roder\.gradle\wrapper\dists\gradle-8.4-bin\1w5dpkrfk8irigvoxmyhowfim\gradle-8.4\lib\agents\gradle-instrumentation-agent-8.4.jar 
java_command: org.gradle.launcher.daemon.bootstrap.GradleDaemon 8.4
java_class_path (initial): C:\Users\roder\.gradle\wrapper\dists\gradle-8.4-bin\1w5dpkrfk8irigvoxmyhowfim\gradle-8.4\lib\gradle-launcher-8.4.jar
Launcher Type: SUN_STANDARD

[Global flags]
     intx CICompilerCount                          = 3                                         {product} {ergonomic}
     uint ConcGCThreads                            = 1                                         {product} {ergonomic}
     uint G1ConcRefinementThreads                  = 4                                         {product} {ergonomic}
   size_t G1HeapRegionSize                         = 1048576                                   {product} {ergonomic}
    uintx GCDrainStackTargetSize                   = 64                                        {product} {ergonomic}
   size_t InitialHeapSize                          = 100663296                                 {product} {ergonomic}
   size_t MarkStackSize                            = 4194304                                   {product} {ergonomic}
   size_t MaxHeapSize                              = 2147483648                                {product} {command line}
   size_t MaxNewSize                               = 1287651328                                {product} {ergonomic}
   size_t MinHeapDeltaBytes                        = 1048576                                   {product} {ergonomic}
   size_t MinHeapSize                              = 8388608                                   {product} {ergonomic}
    uintx NonNMethodCodeHeapSize                   = 5832780                                {pd product} {ergonomic}
    uintx NonProfiledCodeHeapSize                  = 122912730                              {pd product} {ergonomic}
    uintx ProfiledCodeHeapSize                     = 122912730                              {pd product} {ergonomic}
    uintx ReservedCodeCacheSize                    = 251658240                              {pd product} {ergonomic}
     bool SegmentedCodeCache                       = true                                      {product} {ergonomic}
   size_t SoftMaxHeapSize                          = 2147483648                             {manageable} {ergonomic}
     bool UseCompressedClassPointers               = true                           {product lp64_product} {ergonomic}
     bool UseCompressedOops                        = true                           {product lp64_product} {ergonomic}
     bool UseG1GC                                  = true                                      {product} {ergonomic}
     bool UseLargePagesIndividualAllocation        = false                                  {pd product} {ergonomic}

Logging:
Log output configuration:
 #0: stdout all=warning uptime,level,tags
 #1: stderr all=off uptime,level,tags

Environment Variables:
PATH=C:\Program Files (x86)\Common Files\Intel\Shared Libraries\redist\intel64\compiler;C:\windows\system32;C:\windows;C:\windows\System32\Wbem;C:\windows\System32\WindowsPowerShell\v1.0\;C:\windows\System32\OpenSSH\;C:\Program Files\dotnet\;C:\Program Files\Cloudflare\Cloudflare WARP\;C:\ProgramData\chocolatey\bin;C:\Program Files\HP\HP One Agent;C:\Users\roder\AppData\Local\Microsoft\WindowsApps;
USERNAME=roder
OS=Windows_NT
PROCESSOR_IDENTIFIER=AMD64 Family 23 Model 24 Stepping 1, AuthenticAMD
TMP=C:\Users\roder\AppData\Local\Temp
TEMP=C:\Users\roder\AppData\Local\Temp



Periodic native trim disabled

JNI global refs:
JNI global refs: 26, weak refs: 3

JNI global refs memory usage: 843, weak refs: 841

OOME stack traces (most recent first):
Classloader memory used:
Loader org.gradle.internal.classloader.VisitableURLClassLoader                         : 3277K
Loader bootstrap                                                                       : 2423K
Loader org.gradle.initialization.MixInLegacyTypesClassLoader                           : 732K
Loader org.gradle.internal.classloader.VisitableURLClassLoader$InstrumentingVisitableURLClassLoader: 84989B
Loader jdk.internal.loader.ClassLoaders$PlatformClassLoader                            : 68507B
Loader org.gradle.internal.classloader.VisitableURLClassLoader                         : 54445B
Loader jdk.internal.loader.ClassLoaders$AppClassLoader                                 : 28451B
Loader jdk.internal.reflect.DelegatingClassLoader                                      : 25824B
Loader org.gradle.groovy.scripts.internal.DefaultScriptCompilationHandler$ScriptClassLoader: 11010B
Loader org.codehaus.groovy.runtime.callsite.CallSiteClassLoader                        : 5773B

Classes loaded by more than one classloader:
Class org.gradle.api.GradleException                                                  : loaded 3 times (x 80B)
Class org.gradle.util.GradleVersion                                                   : loaded 2 times (x 81B)
Class org.jetbrains.plugins.gradle.model.MavenRepositoryModel                         : loaded 2 times (x 68B)
Class org.gradle.internal.classpath.ClassPath                                         : loaded 2 times (x 68B)
Class org.gradle.api.internal.classpath.DefaultModuleRegistry                         : loaded 2 times (x 84B)
Class org.gradle.internal.exceptions.NonGradleCauseExceptionsHolder                   : loaded 2 times (x 68B)
Class Settings_gradle$1$1                                                             : loaded 2 times (x 72B)
Class com.intellij.openapi.externalSystem.model.ExternalSystemException               : loaded 2 times (x 84B)
Class org.gradle.api.Action                                                           : loaded 2 times (x 68B)
Class org.jetbrains.plugins.gradle.model.ExternalProject                              : loaded 2 times (x 68B)
Class org.gradle.api.internal.DefaultClassPathProvider                                : loaded 2 times (x 74B)
Class org.gradle.internal.installation.GradleInstallation$1                           : loaded 2 times (x 73B)
Class org.gradle.internal.exceptions.DefaultMultiCauseException                       : loaded 2 times (x 89B)
Class org.gradle.internal.time.MonotonicClock                                         : loaded 2 times (x 75B)
Class org.gradle.internal.classloader.FilteringClassLoader                            : loaded 2 times (x 103B)
Class org.gradle.tooling.model.Model                                                  : loaded 2 times (x 68B)
Class org.gradle.internal.classpath.DefaultClassPath$ImmutableUniqueList$Builder      : loaded 2 times (x 73B)
Class org.gradle.internal.classloader.ClassLoaderVisitor                              : loaded 2 times (x 74B)
Class org.gradle.internal.time.DefaultCountdownTimer                                  : loaded 2 times (x 86B)
Class org.gradle.internal.service.DefaultServiceLocator                               : loaded 2 times (x 81B)
Class org.gradle.internal.service.UnknownServiceException                             : loaded 2 times (x 81B)
Class org.gradle.internal.classloader.DefaultClassLoaderFactory                       : loaded 2 times (x 80B)
Class ijInit1_34gi1ud097rnvk416ut5k2rqr                                               : loaded 2 times (x 177B)
Class org.gradle.internal.classloader.VisitableURLClassLoader$Spec                    : loaded 2 times (x 72B)
Class org.gradle.tooling.model.ProjectModel                                           : loaded 2 times (x 68B)
Class org.gradle.internal.installation.GradleInstallation                             : loaded 2 times (x 73B)
Class org.gradle.api.internal.classpath.ModuleRegistry                                : loaded 2 times (x 68B)
Class org.jetbrains.plugins.gradle.model.RepositoriesModel                            : loaded 2 times (x 68B)
Class kotlin.jvm.internal.markers.KMappedMarker                                       : loaded 2 times (x 68B)
Class org.gradle.api.internal.ClassPathProvider                                       : loaded 2 times (x 68B)
Class org.gradle.internal.classloader.ClasspathUtil$1                                 : loaded 2 times (x 74B)
Class org.gradle.internal.classloader.ClassLoaderFactory                              : loaded 2 times (x 68B)
Class org.gradle.api.internal.classpath.ManifestUtil                                  : loaded 2 times (x 69B)
Class org.gradle.api.specs.Spec                                                       : loaded 2 times (x 68B)
Class org.gradle.internal.IoActions                                                   : loaded 2 times (x 69B)
Class org.gradle.api.internal.classpath.EffectiveClassPath                            : loaded 2 times (x 88B)
Class kotlin.jvm.internal.DefaultConstructorMarker                                    : loaded 2 times (x 69B)
Class sync_studio_tooling14485_3e18691q73dwwkjh72ixvr4qi$_run_closure1                : loaded 2 times (x 137B)
Class org.gradle.internal.installation.CurrentGradleInstallation                      : loaded 2 times (x 71B)
Class org.gradle.internal.agents.InstrumentingClassLoader                             : loaded 2 times (x 68B)
Class org.gradle.internal.installation.CurrentGradleInstallationLocator               : loaded 2 times (x 69B)
Class org.gradle.api.internal.classpath.Module                                        : loaded 2 times (x 68B)
Class org.gradle.internal.service.CachingServiceLocator                               : loaded 2 times (x 80B)
Class org.gradle.internal.time.Timer                                                  : loaded 2 times (x 68B)
Class org.gradle.internal.classpath.DefaultClassPath                                  : loaded 2 times (x 88B)
Class kotlin.jvm.functions.Function1                                                  : loaded 2 times (x 68B)
Class org.gradle.internal.time.Time                                                   : loaded 2 times (x 69B)
Class org.gradle.internal.time.TimeSource$1                                           : loaded 2 times (x 75B)
Class sync_studio_tooling14485_3e18691q73dwwkjh72ixvr4qi                              : loaded 2 times (x 177B)
Class org.gradle.internal.classloader.SystemClassLoaderSpec                           : loaded 2 times (x 69B)
Class kotlin.Function                                                                 : loaded 2 times (x 68B)
Class org.gradle.api.UncheckedIOException                                             : loaded 2 times (x 80B)
Class Program                                                                         : loaded 2 times (x 70B)
Class org.gradle.internal.time.CountdownTimer                                         : loaded 2 times (x 68B)
Class org.gradle.internal.time.Clock                                                  : loaded 2 times (x 68B)
Class org.gradle.internal.classloader.ClasspathUtil                                   : loaded 2 times (x 69B)
Class org.gradle.api.internal.DefaultClassPathRegistry                                : loaded 2 times (x 74B)
Class org.gradle.api.internal.classpath.DefaultModuleRegistry$DefaultModule           : loaded 2 times (x 84B)
Class org.gradle.internal.time.TimeSource                                             : loaded 2 times (x 68B)
Class org.gradle.api.internal.classpath.UnknownModuleException                        : loaded 2 times (x 80B)
Class org.gradle.internal.service.ServiceLookupException                              : loaded 2 times (x 80B)
Class org.gradle.cache.GlobalCache                                                    : loaded 2 times (x 68B)
Class [Lorg.gradle.api.internal.ClassPathProvider;                                    : loaded 2 times (x 67B)
Class org.gradle.internal.operations.MultipleBuildOperationFailures                   : loaded 2 times (x 89B)
Class org.gradle.util.internal.GUtil                                                  : loaded 2 times (x 69B)
Class org.gradle.internal.classloader.ClassLoaderSpec                                 : loaded 2 times (x 69B)
Class org.gradle.internal.classloader.VisitableURLClassLoader                         : loaded 2 times (x 115B)
Class org.gradle.internal.Cast                                                        : loaded 2 times (x 69B)
Class org.gradle.api.internal.ClassPathRegistry                                       : loaded 2 times (x 68B)
Class org.gradle.internal.classloader.VisitableURLClassLoader$InstrumentingVisitableURLClassLoader: loaded 2 times (x 121B)
Class org.gradle.internal.classloader.ClassLoaderHierarchy                            : loaded 2 times (x 68B)
Class org.gradle.internal.exceptions.MultiCauseException                              : loaded 2 times (x 68B)
Class org.gradle.internal.InternalTransformer                                         : loaded 2 times (x 68B)
Class org.gradle.internal.service.ServiceLocator                                      : loaded 2 times (x 68B)
Class Settings_gradle$1                                                               : loaded 2 times (x 72B)
Class org.gradle.internal.classpath.DefaultClassPath$ImmutableUniqueList              : loaded 2 times (x 159B)
Class org.gradle.internal.time.DefaultTimer                                           : loaded 2 times (x 78B)
Class org.gradle.internal.classpath.TransformedClassPath                              : loaded 2 times (x 94B)
Class Settings_gradle                                                                 : loaded 2 times (x 126B)


---------------  S Y S T E M  ---------------

OS:
 Windows 11 , 64 bit Build 22000 (10.0.22000.1761)
OS uptime: 0 days 6:04 hours
Hyper-V role detected

CPU: total 4 (initial active 4) (4 cores per cpu, 2 threads per core) family 23 model 24 stepping 1 microcode 0x0, cx8, cmov, fxsr, ht, mmx, 3dnowpref, sse, sse2, sse3, ssse3, sse4a, sse4.1, sse4.2, popcnt, lzcnt, tsc, tscinvbit, avx, avx2, aes, clmul, bmi1, bmi2, adx, sha, fma, vzeroupper, clflush, clflushopt, hv
Processor Information for all 4 processors :
  Max Mhz: 2600, Current Mhz: 2600, Mhz Limit: 2600

Memory: 4k page, system-wide physical 6086M (52M free)
TotalPageFile size 8134M (AvailPageFile size 6M)
current process WorkingSet (physical memory assigned to process): 252M, peak: 253M
current process commit charge ("private bytes"): 280M, peak: 282M

vm_info: OpenJDK 64-Bit Server VM (17.0.9+0--11185874) for windows-amd64 JRE (17.0.9+0--11185874), built on Dec  6 2023 18:57:44 by "androidbuild" with MS VC++ 16.10 / 16.11 (VS2019)

END.
